07-Apr-2021 07:48:51.718 INFORMAÇÕES [main] org.apache.catalina.startup.VersionLoggerListener.log Server version name:   Apache Tomcat/8.5.50
07-Apr-2021 07:48:51.725 INFORMAÇÕES [main] org.apache.catalina.startup.VersionLoggerListener.log Server built:          Dec 7 2019 19:19:46 UTC
07-Apr-2021 07:48:51.725 INFORMAÇÕES [main] org.apache.catalina.startup.VersionLoggerListener.log Server version number: 8.5.50.0
07-Apr-2021 07:48:51.726 INFORMAÇÕES [main] org.apache.catalina.startup.VersionLoggerListener.log OS Name:               Linux
07-Apr-2021 07:48:51.726 INFORMAÇÕES [main] org.apache.catalina.startup.VersionLoggerListener.log OS Version:            5.11.11-200.fc33.x86_64
07-Apr-2021 07:48:51.726 INFORMAÇÕES [main] org.apache.catalina.startup.VersionLoggerListener.log Architecture:          amd64
07-Apr-2021 07:48:51.726 INFORMAÇÕES [main] org.apache.catalina.startup.VersionLoggerListener.log Java Home:             /usr/java/jdk1.8.0_281-amd64/jre
07-Apr-2021 07:48:51.726 INFORMAÇÕES [main] org.apache.catalina.startup.VersionLoggerListener.log JVM Version:           1.8.0_281-b09
07-Apr-2021 07:48:51.726 INFORMAÇÕES [main] org.apache.catalina.startup.VersionLoggerListener.log JVM Vendor:            Oracle Corporation
07-Apr-2021 07:48:51.726 INFORMAÇÕES [main] org.apache.catalina.startup.VersionLoggerListener.log CATALINA_BASE:         /home/adrieldev/CursosSplenda/arquitetura-infra/Curso 3 Jenkins/apache-tomcat-8.5.50
07-Apr-2021 07:48:51.726 INFORMAÇÕES [main] org.apache.catalina.startup.VersionLoggerListener.log CATALINA_HOME:         /home/adrieldev/CursosSplenda/arquitetura-infra/Curso 3 Jenkins/apache-tomcat-8.5.50
07-Apr-2021 07:48:51.726 INFORMAÇÕES [main] org.apache.catalina.startup.VersionLoggerListener.log Command line argument: -Djava.util.logging.config.file=/home/adrieldev/CursosSplenda/arquitetura-infra/Curso 3 Jenkins/apache-tomcat-8.5.50/conf/logging.properties
07-Apr-2021 07:48:51.726 INFORMAÇÕES [main] org.apache.catalina.startup.VersionLoggerListener.log Command line argument: -Djava.util.logging.manager=org.apache.juli.ClassLoaderLogManager
07-Apr-2021 07:48:51.727 INFORMAÇÕES [main] org.apache.catalina.startup.VersionLoggerListener.log Command line argument: -Djdk.tls.ephemeralDHKeySize=2048
07-Apr-2021 07:48:51.727 INFORMAÇÕES [main] org.apache.catalina.startup.VersionLoggerListener.log Command line argument: -Djava.protocol.handler.pkgs=org.apache.catalina.webresources
07-Apr-2021 07:48:51.727 INFORMAÇÕES [main] org.apache.catalina.startup.VersionLoggerListener.log Command line argument: -Dorg.apache.catalina.security.SecurityListener.UMASK=0027
07-Apr-2021 07:48:51.727 INFORMAÇÕES [main] org.apache.catalina.startup.VersionLoggerListener.log Command line argument: -Dignore.endorsed.dirs=
07-Apr-2021 07:48:51.727 INFORMAÇÕES [main] org.apache.catalina.startup.VersionLoggerListener.log Command line argument: -Dcatalina.base=/home/adrieldev/CursosSplenda/arquitetura-infra/Curso 3 Jenkins/apache-tomcat-8.5.50
07-Apr-2021 07:48:51.727 INFORMAÇÕES [main] org.apache.catalina.startup.VersionLoggerListener.log Command line argument: -Dcatalina.home=/home/adrieldev/CursosSplenda/arquitetura-infra/Curso 3 Jenkins/apache-tomcat-8.5.50
07-Apr-2021 07:48:51.727 INFORMAÇÕES [main] org.apache.catalina.startup.VersionLoggerListener.log Command line argument: -Djava.io.tmpdir=/home/adrieldev/CursosSplenda/arquitetura-infra/Curso 3 Jenkins/apache-tomcat-8.5.50/temp
07-Apr-2021 07:48:51.727 INFORMAÇÕES [main] org.apache.catalina.core.AprLifecycleListener.lifecycleEvent The APR based Apache Tomcat Native library which allows optimal performance in production environments was not found on the java.library.path: [/usr/java/packages/lib/amd64:/usr/lib64:/lib64:/lib:/usr/lib]
07-Apr-2021 07:48:52.378 INFORMAÇÕES [main] org.apache.coyote.AbstractProtocol.init Initializing ProtocolHandler ["http-nio-8001"]
07-Apr-2021 07:48:52.397 INFORMAÇÕES [main] org.apache.tomcat.util.net.NioSelectorPool.getSharedSelector Using a shared selector for servlet write/read
07-Apr-2021 07:48:52.422 INFORMAÇÕES [main] org.apache.coyote.AbstractProtocol.init Initializing ProtocolHandler ["ajp-nio-8009"]
07-Apr-2021 07:48:52.423 INFORMAÇÕES [main] org.apache.tomcat.util.net.NioSelectorPool.getSharedSelector Using a shared selector for servlet write/read
07-Apr-2021 07:48:52.424 INFORMAÇÕES [main] org.apache.catalina.startup.Catalina.load Initialization processed in 2138 ms
07-Apr-2021 07:48:52.546 INFORMAÇÕES [main] org.apache.catalina.core.StandardService.startInternal Starting service [Catalina]
07-Apr-2021 07:48:52.546 INFORMAÇÕES [main] org.apache.catalina.core.StandardEngine.startInternal Starting Servlet Engine: Apache Tomcat/8.5.50
07-Apr-2021 07:48:52.763 INFORMAÇÕES [localhost-startStop-1] org.apache.catalina.startup.HostConfig.deployWAR Deploying web application archive [/home/adrieldev/CursosSplenda/arquitetura-infra/Curso 3 Jenkins/apache-tomcat-8.5.50/webapps/tasks-backend.war]
07-Apr-2021 07:49:12.060 INFORMAÇÕES [localhost-startStop-1] org.apache.jasper.servlet.TldScanner.scanJars At least one JAR was scanned for TLDs yet contained no TLDs. Enable debug logging for this logger for a complete list of JARs that were scanned but no TLDs were found in them. Skipping unneeded JARs during scanning can improve startup time and JSP compilation time.
07-Apr-2021 07:49:12.321 INFORMAÇÕES [localhost-startStop-1] org.apache.catalina.startup.HostConfig.deployWAR Deployment of web application archive [/home/adrieldev/CursosSplenda/arquitetura-infra/Curso 3 Jenkins/apache-tomcat-8.5.50/webapps/tasks-backend.war] has finished in [19,557] ms
07-Apr-2021 07:49:12.420 INFORMAÇÕES [localhost-startStop-1] org.apache.catalina.startup.HostConfig.deployWAR Deploying web application archive [/home/adrieldev/CursosSplenda/arquitetura-infra/Curso 3 Jenkins/apache-tomcat-8.5.50/webapps/tasks.war]
07-Apr-2021 07:49:17.648 INFORMAÇÕES [localhost-startStop-1] org.apache.jasper.servlet.TldScanner.scanJars At least one JAR was scanned for TLDs yet contained no TLDs. Enable debug logging for this logger for a complete list of JARs that were scanned but no TLDs were found in them. Skipping unneeded JARs during scanning can improve startup time and JSP compilation time.
07-Apr-2021 07:49:17.662 INFORMAÇÕES [localhost-startStop-1] org.apache.catalina.startup.HostConfig.deployWAR Deployment of web application archive [/home/adrieldev/CursosSplenda/arquitetura-infra/Curso 3 Jenkins/apache-tomcat-8.5.50/webapps/tasks.war] has finished in [5,242] ms
07-Apr-2021 07:49:17.663 INFORMAÇÕES [localhost-startStop-1] org.apache.catalina.startup.HostConfig.deployDirectory Deploying web application directory [/home/adrieldev/CursosSplenda/arquitetura-infra/Curso 3 Jenkins/apache-tomcat-8.5.50/webapps/ROOT]
07-Apr-2021 07:49:17.704 INFORMAÇÕES [localhost-startStop-1] org.apache.catalina.startup.HostConfig.deployDirectory Deployment of web application directory [/home/adrieldev/CursosSplenda/arquitetura-infra/Curso 3 Jenkins/apache-tomcat-8.5.50/webapps/ROOT] has finished in [41] ms
07-Apr-2021 07:49:17.705 INFORMAÇÕES [localhost-startStop-1] org.apache.catalina.startup.HostConfig.deployDirectory Deploying web application directory [/home/adrieldev/CursosSplenda/arquitetura-infra/Curso 3 Jenkins/apache-tomcat-8.5.50/webapps/docs]
07-Apr-2021 07:49:17.721 INFORMAÇÕES [localhost-startStop-1] org.apache.catalina.startup.HostConfig.deployDirectory Deployment of web application directory [/home/adrieldev/CursosSplenda/arquitetura-infra/Curso 3 Jenkins/apache-tomcat-8.5.50/webapps/docs] has finished in [16] ms
07-Apr-2021 07:49:17.722 INFORMAÇÕES [localhost-startStop-1] org.apache.catalina.startup.HostConfig.deployDirectory Deploying web application directory [/home/adrieldev/CursosSplenda/arquitetura-infra/Curso 3 Jenkins/apache-tomcat-8.5.50/webapps/examples]
07-Apr-2021 07:49:19.525 INFORMAÇÕES [localhost-startStop-1] org.apache.catalina.startup.HostConfig.deployDirectory Deployment of web application directory [/home/adrieldev/CursosSplenda/arquitetura-infra/Curso 3 Jenkins/apache-tomcat-8.5.50/webapps/examples] has finished in [1,803] ms
07-Apr-2021 07:49:19.525 INFORMAÇÕES [localhost-startStop-1] org.apache.catalina.startup.HostConfig.deployDirectory Deploying web application directory [/home/adrieldev/CursosSplenda/arquitetura-infra/Curso 3 Jenkins/apache-tomcat-8.5.50/webapps/host-manager]
07-Apr-2021 07:49:19.683 INFORMAÇÕES [localhost-startStop-1] org.apache.catalina.startup.HostConfig.deployDirectory Deployment of web application directory [/home/adrieldev/CursosSplenda/arquitetura-infra/Curso 3 Jenkins/apache-tomcat-8.5.50/webapps/host-manager] has finished in [158] ms
07-Apr-2021 07:49:19.683 INFORMAÇÕES [localhost-startStop-1] org.apache.catalina.startup.HostConfig.deployDirectory Deploying web application directory [/home/adrieldev/CursosSplenda/arquitetura-infra/Curso 3 Jenkins/apache-tomcat-8.5.50/webapps/manager]
07-Apr-2021 07:49:19.745 INFORMAÇÕES [localhost-startStop-1] org.apache.catalina.startup.HostConfig.deployDirectory Deployment of web application directory [/home/adrieldev/CursosSplenda/arquitetura-infra/Curso 3 Jenkins/apache-tomcat-8.5.50/webapps/manager] has finished in [62] ms
07-Apr-2021 07:49:19.762 INFORMAÇÕES [main] org.apache.coyote.AbstractProtocol.start Starting ProtocolHandler ["http-nio-8001"]
07-Apr-2021 07:49:19.837 INFORMAÇÕES [main] org.apache.coyote.AbstractProtocol.start Starting ProtocolHandler ["ajp-nio-8009"]
07-Apr-2021 07:49:19.838 INFORMAÇÕES [main] org.apache.catalina.startup.Catalina.start Server startup in 27414 ms
07-Apr-2021 07:59:55.181 ADVERTÊNCIA [http-nio-8001-exec-3] org.apache.catalina.loader.WebappClassLoaderBase.clearReferencesJdbc The web application [tasks-backend] registered the JDBC driver [org.postgresql.Driver] but failed to unregister it when the web application was stopped. To prevent a memory leak, the JDBC Driver has been forcibly unregistered.
07-Apr-2021 07:59:55.708 INFORMAÇÕES [http-nio-8001-exec-3] org.apache.catalina.startup.HostConfig.undeploy Undeploying context [/tasks-backend]
07-Apr-2021 07:59:56.032 INFORMAÇÕES [http-nio-8001-exec-7] org.apache.catalina.startup.HostConfig.deployWAR Deploying web application archive [/home/adrieldev/CursosSplenda/arquitetura-infra/Curso 3 Jenkins/apache-tomcat-8.5.50/webapps/tasks-backend.war]
07-Apr-2021 08:00:02.547 INFORMAÇÕES [http-nio-8001-exec-7] org.apache.jasper.servlet.TldScanner.scanJars At least one JAR was scanned for TLDs yet contained no TLDs. Enable debug logging for this logger for a complete list of JARs that were scanned but no TLDs were found in them. Skipping unneeded JARs during scanning can improve startup time and JSP compilation time.
07-Apr-2021 08:00:02.557 INFORMAÇÕES [http-nio-8001-exec-7] org.apache.catalina.startup.HostConfig.deployWAR Deployment of web application archive [/home/adrieldev/CursosSplenda/arquitetura-infra/Curso 3 Jenkins/apache-tomcat-8.5.50/webapps/tasks-backend.war] has finished in [6,524] ms
07-Apr-2021 08:00:17.407 INFORMAÇÕES [http-nio-8001-exec-8] org.apache.catalina.startup.HostConfig.undeploy Undeploying context [/tasks]
07-Apr-2021 08:00:17.581 INFORMAÇÕES [http-nio-8001-exec-14] org.apache.catalina.startup.HostConfig.deployWAR Deploying web application archive [/home/adrieldev/CursosSplenda/arquitetura-infra/Curso 3 Jenkins/apache-tomcat-8.5.50/webapps/tasks.war]
07-Apr-2021 08:00:21.347 INFORMAÇÕES [http-nio-8001-exec-14] org.apache.jasper.servlet.TldScanner.scanJars At least one JAR was scanned for TLDs yet contained no TLDs. Enable debug logging for this logger for a complete list of JARs that were scanned but no TLDs were found in them. Skipping unneeded JARs during scanning can improve startup time and JSP compilation time.
07-Apr-2021 08:00:21.355 INFORMAÇÕES [http-nio-8001-exec-14] org.apache.catalina.startup.HostConfig.deployWAR Deployment of web application archive [/home/adrieldev/CursosSplenda/arquitetura-infra/Curso 3 Jenkins/apache-tomcat-8.5.50/webapps/tasks.war] has finished in [3,773] ms
07-Apr-2021 08:13:01.327 ADVERTÊNCIA [http-nio-8001-exec-16] org.apache.catalina.loader.WebappClassLoaderBase.clearReferencesJdbc The web application [tasks-backend] registered the JDBC driver [org.postgresql.Driver] but failed to unregister it when the web application was stopped. To prevent a memory leak, the JDBC Driver has been forcibly unregistered.
07-Apr-2021 08:13:01.850 INFORMAÇÕES [http-nio-8001-exec-16] org.apache.catalina.startup.HostConfig.undeploy Undeploying context [/tasks-backend]
07-Apr-2021 08:13:02.108 INFORMAÇÕES [http-nio-8001-exec-23] org.apache.catalina.startup.HostConfig.deployWAR Deploying web application archive [/home/adrieldev/CursosSplenda/arquitetura-infra/Curso 3 Jenkins/apache-tomcat-8.5.50/webapps/tasks-backend.war]
07-Apr-2021 08:13:08.235 INFORMAÇÕES [http-nio-8001-exec-23] org.apache.jasper.servlet.TldScanner.scanJars At least one JAR was scanned for TLDs yet contained no TLDs. Enable debug logging for this logger for a complete list of JARs that were scanned but no TLDs were found in them. Skipping unneeded JARs during scanning can improve startup time and JSP compilation time.
07-Apr-2021 08:13:08.242 INFORMAÇÕES [http-nio-8001-exec-23] org.apache.catalina.startup.HostConfig.deployWAR Deployment of web application archive [/home/adrieldev/CursosSplenda/arquitetura-infra/Curso 3 Jenkins/apache-tomcat-8.5.50/webapps/tasks-backend.war] has finished in [6,134] ms
07-Apr-2021 08:13:25.863 INFORMAÇÕES [http-nio-8001-exec-22] org.apache.catalina.startup.HostConfig.undeploy Undeploying context [/tasks]
07-Apr-2021 08:13:26.016 INFORMAÇÕES [http-nio-8001-exec-25] org.apache.catalina.startup.HostConfig.deployWAR Deploying web application archive [/home/adrieldev/CursosSplenda/arquitetura-infra/Curso 3 Jenkins/apache-tomcat-8.5.50/webapps/tasks.war]
07-Apr-2021 08:13:29.874 INFORMAÇÕES [http-nio-8001-exec-25] org.apache.jasper.servlet.TldScanner.scanJars At least one JAR was scanned for TLDs yet contained no TLDs. Enable debug logging for this logger for a complete list of JARs that were scanned but no TLDs were found in them. Skipping unneeded JARs during scanning can improve startup time and JSP compilation time.
07-Apr-2021 08:13:29.881 INFORMAÇÕES [http-nio-8001-exec-25] org.apache.catalina.startup.HostConfig.deployWAR Deployment of web application archive [/home/adrieldev/CursosSplenda/arquitetura-infra/Curso 3 Jenkins/apache-tomcat-8.5.50/webapps/tasks.war] has finished in [3,864] ms
07-Apr-2021 08:20:38.306 ADVERTÊNCIA [http-nio-8001-exec-37] org.apache.catalina.loader.WebappClassLoaderBase.clearReferencesJdbc The web application [tasks-backend] registered the JDBC driver [org.postgresql.Driver] but failed to unregister it when the web application was stopped. To prevent a memory leak, the JDBC Driver has been forcibly unregistered.
07-Apr-2021 08:20:38.834 INFORMAÇÕES [http-nio-8001-exec-37] org.apache.catalina.startup.HostConfig.undeploy Undeploying context [/tasks-backend]
07-Apr-2021 08:20:39.064 INFORMAÇÕES [http-nio-8001-exec-41] org.apache.catalina.startup.HostConfig.deployWAR Deploying web application archive [/home/adrieldev/CursosSplenda/arquitetura-infra/Curso 3 Jenkins/apache-tomcat-8.5.50/webapps/tasks-backend.war]
07-Apr-2021 08:20:47.322 INFORMAÇÕES [http-nio-8001-exec-41] org.apache.jasper.servlet.TldScanner.scanJars At least one JAR was scanned for TLDs yet contained no TLDs. Enable debug logging for this logger for a complete list of JARs that were scanned but no TLDs were found in them. Skipping unneeded JARs during scanning can improve startup time and JSP compilation time.
07-Apr-2021 08:20:47.329 INFORMAÇÕES [http-nio-8001-exec-41] org.apache.catalina.startup.HostConfig.deployWAR Deployment of web application archive [/home/adrieldev/CursosSplenda/arquitetura-infra/Curso 3 Jenkins/apache-tomcat-8.5.50/webapps/tasks-backend.war] has finished in [8,265] ms
07-Apr-2021 08:21:01.290 INFORMAÇÕES [http-nio-8001-exec-39] org.apache.catalina.startup.HostConfig.undeploy Undeploying context [/tasks]
07-Apr-2021 08:21:01.410 INFORMAÇÕES [http-nio-8001-exec-41] org.apache.catalina.startup.HostConfig.deployWAR Deploying web application archive [/home/adrieldev/CursosSplenda/arquitetura-infra/Curso 3 Jenkins/apache-tomcat-8.5.50/webapps/tasks.war]
07-Apr-2021 08:21:04.974 INFORMAÇÕES [http-nio-8001-exec-41] org.apache.jasper.servlet.TldScanner.scanJars At least one JAR was scanned for TLDs yet contained no TLDs. Enable debug logging for this logger for a complete list of JARs that were scanned but no TLDs were found in them. Skipping unneeded JARs during scanning can improve startup time and JSP compilation time.
07-Apr-2021 08:21:04.979 INFORMAÇÕES [http-nio-8001-exec-41] org.apache.catalina.startup.HostConfig.deployWAR Deployment of web application archive [/home/adrieldev/CursosSplenda/arquitetura-infra/Curso 3 Jenkins/apache-tomcat-8.5.50/webapps/tasks.war] has finished in [3,569] ms
07-Apr-2021 08:26:23.902 ADVERTÊNCIA [http-nio-8001-exec-45] org.apache.catalina.loader.WebappClassLoaderBase.clearReferencesJdbc The web application [tasks-backend] registered the JDBC driver [org.postgresql.Driver] but failed to unregister it when the web application was stopped. To prevent a memory leak, the JDBC Driver has been forcibly unregistered.
07-Apr-2021 08:26:24.424 INFORMAÇÕES [http-nio-8001-exec-45] org.apache.catalina.startup.HostConfig.undeploy Undeploying context [/tasks-backend]
07-Apr-2021 08:26:24.648 INFORMAÇÕES [http-nio-8001-exec-50] org.apache.catalina.startup.HostConfig.deployWAR Deploying web application archive [/home/adrieldev/CursosSplenda/arquitetura-infra/Curso 3 Jenkins/apache-tomcat-8.5.50/webapps/tasks-backend.war]
07-Apr-2021 08:26:30.698 INFORMAÇÕES [http-nio-8001-exec-50] org.apache.jasper.servlet.TldScanner.scanJars At least one JAR was scanned for TLDs yet contained no TLDs. Enable debug logging for this logger for a complete list of JARs that were scanned but no TLDs were found in them. Skipping unneeded JARs during scanning can improve startup time and JSP compilation time.
07-Apr-2021 08:26:30.704 INFORMAÇÕES [http-nio-8001-exec-50] org.apache.catalina.startup.HostConfig.deployWAR Deployment of web application archive [/home/adrieldev/CursosSplenda/arquitetura-infra/Curso 3 Jenkins/apache-tomcat-8.5.50/webapps/tasks-backend.war] has finished in [6,056] ms
07-Apr-2021 08:26:46.166 INFORMAÇÕES [http-nio-8001-exec-47] org.apache.catalina.startup.HostConfig.undeploy Undeploying context [/tasks]
07-Apr-2021 08:26:46.299 INFORMAÇÕES [http-nio-8001-exec-56] org.apache.catalina.startup.HostConfig.deployWAR Deploying web application archive [/home/adrieldev/CursosSplenda/arquitetura-infra/Curso 3 Jenkins/apache-tomcat-8.5.50/webapps/tasks.war]
07-Apr-2021 08:26:49.714 INFORMAÇÕES [http-nio-8001-exec-56] org.apache.jasper.servlet.TldScanner.scanJars At least one JAR was scanned for TLDs yet contained no TLDs. Enable debug logging for this logger for a complete list of JARs that were scanned but no TLDs were found in them. Skipping unneeded JARs during scanning can improve startup time and JSP compilation time.
07-Apr-2021 08:26:49.723 INFORMAÇÕES [http-nio-8001-exec-56] org.apache.catalina.startup.HostConfig.deployWAR Deployment of web application archive [/home/adrieldev/CursosSplenda/arquitetura-infra/Curso 3 Jenkins/apache-tomcat-8.5.50/webapps/tasks.war] has finished in [3,424] ms
07-Apr-2021 08:29:16.013 ADVERTÊNCIA [http-nio-8001-exec-61] org.apache.catalina.loader.WebappClassLoaderBase.clearReferencesJdbc The web application [tasks-backend] registered the JDBC driver [org.postgresql.Driver] but failed to unregister it when the web application was stopped. To prevent a memory leak, the JDBC Driver has been forcibly unregistered.
07-Apr-2021 08:29:16.548 INFORMAÇÕES [http-nio-8001-exec-61] org.apache.catalina.startup.HostConfig.undeploy Undeploying context [/tasks-backend]
07-Apr-2021 08:29:16.782 INFORMAÇÕES [http-nio-8001-exec-64] org.apache.catalina.startup.HostConfig.deployWAR Deploying web application archive [/home/adrieldev/CursosSplenda/arquitetura-infra/Curso 3 Jenkins/apache-tomcat-8.5.50/webapps/tasks-backend.war]
07-Apr-2021 08:29:23.035 INFORMAÇÕES [http-nio-8001-exec-64] org.apache.jasper.servlet.TldScanner.scanJars At least one JAR was scanned for TLDs yet contained no TLDs. Enable debug logging for this logger for a complete list of JARs that were scanned but no TLDs were found in them. Skipping unneeded JARs during scanning can improve startup time and JSP compilation time.
07-Apr-2021 08:29:23.045 INFORMAÇÕES [http-nio-8001-exec-64] org.apache.catalina.startup.HostConfig.deployWAR Deployment of web application archive [/home/adrieldev/CursosSplenda/arquitetura-infra/Curso 3 Jenkins/apache-tomcat-8.5.50/webapps/tasks-backend.war] has finished in [6,262] ms
07-Apr-2021 08:29:38.078 INFORMAÇÕES [http-nio-8001-exec-55] org.apache.catalina.startup.HostConfig.undeploy Undeploying context [/tasks]
07-Apr-2021 08:29:38.201 INFORMAÇÕES [http-nio-8001-exec-59] org.apache.catalina.startup.HostConfig.deployWAR Deploying web application archive [/home/adrieldev/CursosSplenda/arquitetura-infra/Curso 3 Jenkins/apache-tomcat-8.5.50/webapps/tasks.war]
07-Apr-2021 08:29:42.263 INFORMAÇÕES [http-nio-8001-exec-59] org.apache.jasper.servlet.TldScanner.scanJars At least one JAR was scanned for TLDs yet contained no TLDs. Enable debug logging for this logger for a complete list of JARs that were scanned but no TLDs were found in them. Skipping unneeded JARs during scanning can improve startup time and JSP compilation time.
07-Apr-2021 08:29:42.270 INFORMAÇÕES [183] org.apache.catalina.startup.HostConfig.deployWAR Deployment of web application archive [/home/adrieldev/CursosSplenda/arquitetura-infra/Curso 3 Jenkins/apache-tomcat-8.5.50/webapps/tasks.war] has finished in [4,069] ms
07-Apr-2021 09:43:19.958 ADVERTÊNCIA [http-nio-8001-exec-77] org.apache.catalina.loader.WebappClassLoaderBase.clearReferencesJdbc The web application [tasks-backend] registered the JDBC driver [org.postgresql.Driver] but failed to unregister it when the web application was stopped. To prevent a memory leak, the JDBC Driver has been forcibly unregistered.
07-Apr-2021 09:43:20.492 INFORMAÇÕES [http-nio-8001-exec-77] org.apache.catalina.startup.HostConfig.undeploy Undeploying context [/tasks-backend]
07-Apr-2021 09:43:20.726 INFORMAÇÕES [http-nio-8001-exec-72] org.apache.catalina.startup.HostConfig.deployWAR Deploying web application archive [/home/adrieldev/CursosSplenda/arquitetura-infra/Curso 3 Jenkins/apache-tomcat-8.5.50/webapps/tasks-backend.war]
07-Apr-2021 09:43:27.159 INFORMAÇÕES [http-nio-8001-exec-72] org.apache.jasper.servlet.TldScanner.scanJars At least one JAR was scanned for TLDs yet contained no TLDs. Enable debug logging for this logger for a complete list of JARs that were scanned but no TLDs were found in them. Skipping unneeded JARs during scanning can improve startup time and JSP compilation time.
07-Apr-2021 09:43:27.169 INFORMAÇÕES [http-nio-8001-exec-72] org.apache.catalina.startup.HostConfig.deployWAR Deployment of web application archive [/home/adrieldev/CursosSplenda/arquitetura-infra/Curso 3 Jenkins/apache-tomcat-8.5.50/webapps/tasks-backend.war] has finished in [6,442] ms
07-Apr-2021 09:43:44.416 INFORMAÇÕES [http-nio-8001-exec-75] org.apache.catalina.startup.HostConfig.undeploy Undeploying context [/tasks]
07-Apr-2021 09:43:44.543 INFORMAÇÕES [http-nio-8001-exec-79] org.apache.catalina.startup.HostConfig.deployWAR Deploying web application archive [/home/adrieldev/CursosSplenda/arquitetura-infra/Curso 3 Jenkins/apache-tomcat-8.5.50/webapps/tasks.war]
07-Apr-2021 09:43:48.021 INFORMAÇÕES [http-nio-8001-exec-79] org.apache.jasper.servlet.TldScanner.scanJars At least one JAR was scanned for TLDs yet contained no TLDs. Enable debug logging for this logger for a complete list of JARs that were scanned but no TLDs were found in them. Skipping unneeded JARs during scanning can improve startup time and JSP compilation time.
07-Apr-2021 09:43:48.027 INFORMAÇÕES [http-nio-8001-exec-79] org.apache.catalina.startup.HostConfig.deployWAR Deployment of web application archive [/home/adrieldev/CursosSplenda/arquitetura-infra/Curso 3 Jenkins/apache-tomcat-8.5.50/webapps/tasks.war] has finished in [3,484] ms
07-Apr-2021 09:45:55.924 ADVERTÊNCIA [http-nio-8001-exec-91] org.apache.catalina.loader.WebappClassLoaderBase.clearReferencesJdbc The web application [tasks-backend] registered the JDBC driver [org.postgresql.Driver] but failed to unregister it when the web application was stopped. To prevent a memory leak, the JDBC Driver has been forcibly unregistered.
07-Apr-2021 09:45:56.450 INFORMAÇÕES [http-nio-8001-exec-91] org.apache.catalina.startup.HostConfig.undeploy Undeploying context [/tasks-backend]
07-Apr-2021 09:45:56.716 INFORMAÇÕES [http-nio-8001-exec-89] org.apache.catalina.startup.HostConfig.deployWAR Deploying web application archive [/home/adrieldev/CursosSplenda/arquitetura-infra/Curso 3 Jenkins/apache-tomcat-8.5.50/webapps/tasks-backend.war]
07-Apr-2021 09:46:03.510 INFORMAÇÕES [http-nio-8001-exec-89] org.apache.jasper.servlet.TldScanner.scanJars At least one JAR was scanned for TLDs yet contained no TLDs. Enable debug logging for this logger for a complete list of JARs that were scanned but no TLDs were found in them. Skipping unneeded JARs during scanning can improve startup time and JSP compilation time.
07-Apr-2021 09:46:03.519 INFORMAÇÕES [http-nio-8001-exec-89] org.apache.catalina.startup.HostConfig.deployWAR Deployment of web application archive [/home/adrieldev/CursosSplenda/arquitetura-infra/Curso 3 Jenkins/apache-tomcat-8.5.50/webapps/tasks-backend.war] has finished in [6,803] ms
07-Apr-2021 09:46:17.719 INFORMAÇÕES [http-nio-8001-exec-88] org.apache.catalina.startup.HostConfig.undeploy Undeploying context [/tasks]
07-Apr-2021 09:46:17.868 INFORMAÇÕES [http-nio-8001-exec-94] org.apache.catalina.startup.HostConfig.deployWAR Deploying web application archive [/home/adrieldev/CursosSplenda/arquitetura-infra/Curso 3 Jenkins/apache-tomcat-8.5.50/webapps/tasks.war]
07-Apr-2021 09:46:21.434 INFORMAÇÕES [http-nio-8001-exec-94] org.apache.jasper.servlet.TldScanner.scanJars At least one JAR was scanned for TLDs yet contained no TLDs. Enable debug logging for this logger for a complete list of JARs that were scanned but no TLDs were found in them. Skipping unneeded JARs during scanning can improve startup time and JSP compilation time.
07-Apr-2021 09:46:21.441 INFORMAÇÕES [http-nio-8001-exec-94] org.apache.catalina.startup.HostConfig.deployWAR Deployment of web application archive [/home/adrieldev/CursosSplenda/arquitetura-infra/Curso 3 Jenkins/apache-tomcat-8.5.50/webapps/tasks.war] has finished in [3,572] ms
07-Apr-2021 09:49:03.844 ADVERTÊNCIA [http-nio-8001-exec-104] org.apache.catalina.loader.WebappClassLoaderBase.clearReferencesJdbc The web application [tasks-backend] registered the JDBC driver [org.postgresql.Driver] but failed to unregister it when the web application was stopped. To prevent a memory leak, the JDBC Driver has been forcibly unregistered.
07-Apr-2021 09:49:04.368 INFORMAÇÕES [http-nio-8001-exec-104] org.apache.catalina.startup.HostConfig.undeploy Undeploying context [/tasks-backend]
07-Apr-2021 09:49:04.554 INFORMAÇÕES [http-nio-8001-exec-104] org.apache.catalina.startup.HostConfig.deployWAR Deploying web application archive [/home/adrieldev/CursosSplenda/arquitetura-infra/Curso 3 Jenkins/apache-tomcat-8.5.50/webapps/tasks-backend.war]
07-Apr-2021 09:49:09.951 INFORMAÇÕES [http-nio-8001-exec-104] org.apache.jasper.servlet.TldScanner.scanJars At least one JAR was scanned for TLDs yet contained no TLDs. Enable debug logging for this logger for a complete list of JARs that were scanned but no TLDs were found in them. Skipping unneeded JARs during scanning can improve startup time and JSP compilation time.
07-Apr-2021 09:49:09.959 INFORMAÇÕES [http-nio-8001-exec-104] org.apache.catalina.startup.HostConfig.deployWAR Deployment of web application archive [/home/adrieldev/CursosSplenda/arquitetura-infra/Curso 3 Jenkins/apache-tomcat-8.5.50/webapps/tasks-backend.war] has finished in [5,404] ms
07-Apr-2021 09:49:24.813 INFORMAÇÕES [http-nio-8001-exec-108] org.apache.catalina.startup.HostConfig.undeploy Undeploying context [/tasks]
07-Apr-2021 09:49:24.912 INFORMAÇÕES [http-nio-8001-exec-101] org.apache.catalina.startup.HostConfig.deployWAR Deploying web application archive [/home/adrieldev/CursosSplenda/arquitetura-infra/Curso 3 Jenkins/apache-tomcat-8.5.50/webapps/tasks.war]
07-Apr-2021 09:49:27.615 INFORMAÇÕES [http-nio-8001-exec-101] org.apache.jasper.servlet.TldScanner.scanJars At least one JAR was scanned for TLDs yet contained no TLDs. Enable debug logging for this logger for a complete list of JARs that were scanned but no TLDs were found in them. Skipping unneeded JARs during scanning can improve startup time and JSP compilation time.
07-Apr-2021 09:49:27.623 INFORMAÇÕES [http-nio-8001-exec-101] org.apache.catalina.startup.HostConfig.deployWAR Deployment of web application archive [/home/adrieldev/CursosSplenda/arquitetura-infra/Curso 3 Jenkins/apache-tomcat-8.5.50/webapps/tasks.war] has finished in [2,711] ms
07-Apr-2021 09:51:03.147 ADVERTÊNCIA [http-nio-8001-exec-119] org.apache.catalina.loader.WebappClassLoaderBase.clearReferencesJdbc The web application [tasks-backend] registered the JDBC driver [org.postgresql.Driver] but failed to unregister it when the web application was stopped. To prevent a memory leak, the JDBC Driver has been forcibly unregistered.
07-Apr-2021 09:51:03.697 INFORMAÇÕES [http-nio-8001-exec-119] org.apache.catalina.startup.HostConfig.undeploy Undeploying context [/tasks-backend]
07-Apr-2021 09:51:03.884 INFORMAÇÕES [http-nio-8001-exec-120] org.apache.catalina.startup.HostConfig.deployWAR Deploying web application archive [/home/adrieldev/CursosSplenda/arquitetura-infra/Curso 3 Jenkins/apache-tomcat-8.5.50/webapps/tasks-backend.war]
07-Apr-2021 09:51:10.161 INFORMAÇÕES [http-nio-8001-exec-120] org.apache.jasper.servlet.TldScanner.scanJars At least one JAR was scanned for TLDs yet contained no TLDs. Enable debug logging for this logger for a complete list of JARs that were scanned but no TLDs were found in them. Skipping unneeded JARs during scanning can improve startup time and JSP compilation time.
07-Apr-2021 09:51:10.169 INFORMAÇÕES [http-nio-8001-exec-120] org.apache.catalina.startup.HostConfig.deployWAR Deployment of web application archive [/home/adrieldev/CursosSplenda/arquitetura-infra/Curso 3 Jenkins/apache-tomcat-8.5.50/webapps/tasks-backend.war] has finished in [6,285] ms
07-Apr-2021 09:51:23.753 INFORMAÇÕES [http-nio-8001-exec-121] org.apache.catalina.startup.HostConfig.undeploy Undeploying context [/tasks]
07-Apr-2021 09:51:23.860 INFORMAÇÕES [http-nio-8001-exec-113] org.apache.catalina.startup.HostConfig.deployWAR Deploying web application archive [/home/adrieldev/CursosSplenda/arquitetura-infra/Curso 3 Jenkins/apache-tomcat-8.5.50/webapps/tasks.war]
07-Apr-2021 09:51:26.869 INFORMAÇÕES [http-nio-8001-exec-113] org.apache.jasper.servlet.TldScanner.scanJars At least one JAR was scanned for TLDs yet contained no TLDs. Enable debug logging for this logger for a complete list of JARs that were scanned but no TLDs were found in them. Skipping unneeded JARs during scanning can improve startup time and JSP compilation time.
07-Apr-2021 09:51:26.876 INFORMAÇÕES [http-nio-8001-exec-113] org.apache.catalina.startup.HostConfig.deployWAR Deployment of web application archive [/home/adrieldev/CursosSplenda/arquitetura-infra/Curso 3 Jenkins/apache-tomcat-8.5.50/webapps/tasks.war] has finished in [3,016] ms
07-Apr-2021 10:06:11.106 ADVERTÊNCIA [http-nio-8001-exec-133] org.apache.catalina.loader.WebappClassLoaderBase.clearReferencesJdbc The web application [tasks-backend] registered the JDBC driver [org.postgresql.Driver] but failed to unregister it when the web application was stopped. To prevent a memory leak, the JDBC Driver has been forcibly unregistered.
07-Apr-2021 10:06:11.628 INFORMAÇÕES [http-nio-8001-exec-133] org.apache.catalina.startup.HostConfig.undeploy Undeploying context [/tasks-backend]
07-Apr-2021 10:06:11.813 INFORMAÇÕES [http-nio-8001-exec-132] org.apache.catalina.startup.HostConfig.deployWAR Deploying web application archive [/home/adrieldev/CursosSplenda/arquitetura-infra/Curso 3 Jenkins/apache-tomcat-8.5.50/webapps/tasks-backend.war]
07-Apr-2021 10:06:19.993 INFORMAÇÕES [http-nio-8001-exec-132] org.apache.jasper.servlet.TldScanner.scanJars At least one JAR was scanned for TLDs yet contained no TLDs. Enable debug logging for this logger for a complete list of JARs that were scanned but no TLDs were found in them. Skipping unneeded JARs during scanning can improve startup time and JSP compilation time.
07-Apr-2021 10:06:20.001 INFORMAÇÕES [http-nio-8001-exec-132] org.apache.catalina.startup.HostConfig.deployWAR Deployment of web application archive [/home/adrieldev/CursosSplenda/arquitetura-infra/Curso 3 Jenkins/apache-tomcat-8.5.50/webapps/tasks-backend.war] has finished in [8,188] ms
07-Apr-2021 10:06:33.690 INFORMAÇÕES [http-nio-8001-exec-130] org.apache.catalina.startup.HostConfig.undeploy Undeploying context [/tasks]
07-Apr-2021 10:06:33.813 INFORMAÇÕES [http-nio-8001-exec-128] org.apache.catalina.startup.HostConfig.deployWAR Deploying web application archive [/home/adrieldev/CursosSplenda/arquitetura-infra/Curso 3 Jenkins/apache-tomcat-8.5.50/webapps/tasks.war]
07-Apr-2021 10:06:36.426 INFORMAÇÕES [http-nio-8001-exec-128] org.apache.jasper.servlet.TldScanner.scanJars At least one JAR was scanned for TLDs yet contained no TLDs. Enable debug logging for this logger for a complete list of JARs that were scanned but no TLDs were found in them. Skipping unneeded JARs during scanning can improve startup time and JSP compilation time.
07-Apr-2021 10:06:36.432 INFORMAÇÕES [http-nio-8001-exec-128] org.apache.catalina.startup.HostConfig.deployWAR Deployment of web application archive [/home/adrieldev/CursosSplenda/arquitetura-infra/Curso 3 Jenkins/apache-tomcat-8.5.50/webapps/tasks.war] has finished in [2,619] ms
07-Apr-2021 10:19:50.992 INFORMAÇÕES [main] org.apache.catalina.core.StandardServer.await A valid shutdown command was received via the shutdown port. Stopping the Server instance.
07-Apr-2021 10:19:50.993 INFORMAÇÕES [main] org.apache.coyote.AbstractProtocol.pause Pausing ProtocolHandler ["http-nio-8001"]
07-Apr-2021 10:19:51.000 INFORMAÇÕES [main] org.apache.coyote.AbstractProtocol.pause Pausing ProtocolHandler ["ajp-nio-8009"]
07-Apr-2021 10:19:51.006 INFORMAÇÕES [main] org.apache.catalina.core.StandardService.stopInternal Stopping service [Catalina]
07-Apr-2021 10:19:51.027 ADVERTÊNCIA [localhost-startStop-2] org.apache.catalina.loader.WebappClassLoaderBase.clearReferencesJdbc The web application [tasks-backend] registered the JDBC driver [org.postgresql.Driver] but failed to unregister it when the web application was stopped. To prevent a memory leak, the JDBC Driver has been forcibly unregistered.
07-Apr-2021 10:19:51.056 INFORMAÇÕES [main] org.apache.coyote.AbstractProtocol.stop Stopping ProtocolHandler ["http-nio-8001"]
07-Apr-2021 10:19:51.057 INFORMAÇÕES [main] org.apache.coyote.AbstractProtocol.stop Stopping ProtocolHandler ["ajp-nio-8009"]
07-Apr-2021 10:19:51.058 INFORMAÇÕES [main] org.apache.coyote.AbstractProtocol.destroy Destroying ProtocolHandler ["http-nio-8001"]
07-Apr-2021 10:19:51.059 INFORMAÇÕES [main] org.apache.coyote.AbstractProtocol.destroy Destroying ProtocolHandler ["ajp-nio-8009"]
