01-Apr-2021 14:54:09.000 INFORMAÇÕES [main] org.apache.catalina.startup.VersionLoggerListener.log Server version name:   Apache Tomcat/8.5.50
01-Apr-2021 14:54:09.002 INFORMAÇÕES [main] org.apache.catalina.startup.VersionLoggerListener.log Server built:          Dec 7 2019 19:19:46 UTC
01-Apr-2021 14:54:09.002 INFORMAÇÕES [main] org.apache.catalina.startup.VersionLoggerListener.log Server version number: 8.5.50.0
01-Apr-2021 14:54:09.002 INFORMAÇÕES [main] org.apache.catalina.startup.VersionLoggerListener.log OS Name:               Linux
01-Apr-2021 14:54:09.002 INFORMAÇÕES [main] org.apache.catalina.startup.VersionLoggerListener.log OS Version:            5.11.10-200.fc33.x86_64
01-Apr-2021 14:54:09.002 INFORMAÇÕES [main] org.apache.catalina.startup.VersionLoggerListener.log Architecture:          amd64
01-Apr-2021 14:54:09.002 INFORMAÇÕES [main] org.apache.catalina.startup.VersionLoggerListener.log Java Home:             /usr/java/jdk1.8.0_281-amd64/jre
01-Apr-2021 14:54:09.002 INFORMAÇÕES [main] org.apache.catalina.startup.VersionLoggerListener.log JVM Version:           1.8.0_281-b09
01-Apr-2021 14:54:09.002 INFORMAÇÕES [main] org.apache.catalina.startup.VersionLoggerListener.log JVM Vendor:            Oracle Corporation
01-Apr-2021 14:54:09.003 INFORMAÇÕES [main] org.apache.catalina.startup.VersionLoggerListener.log CATALINA_BASE:         /home/adrieldev/CursosSplenda/arquitetura-infra/Curso 3 Jenkins/apache-tomcat-8.5.50
01-Apr-2021 14:54:09.003 INFORMAÇÕES [main] org.apache.catalina.startup.VersionLoggerListener.log CATALINA_HOME:         /home/adrieldev/CursosSplenda/arquitetura-infra/Curso 3 Jenkins/apache-tomcat-8.5.50
01-Apr-2021 14:54:09.003 INFORMAÇÕES [main] org.apache.catalina.startup.VersionLoggerListener.log Command line argument: -Djava.util.logging.config.file=/home/adrieldev/CursosSplenda/arquitetura-infra/Curso 3 Jenkins/apache-tomcat-8.5.50/conf/logging.properties
01-Apr-2021 14:54:09.003 INFORMAÇÕES [main] org.apache.catalina.startup.VersionLoggerListener.log Command line argument: -Djava.util.logging.manager=org.apache.juli.ClassLoaderLogManager
01-Apr-2021 14:54:09.003 INFORMAÇÕES [main] org.apache.catalina.startup.VersionLoggerListener.log Command line argument: -Djdk.tls.ephemeralDHKeySize=2048
01-Apr-2021 14:54:09.003 INFORMAÇÕES [main] org.apache.catalina.startup.VersionLoggerListener.log Command line argument: -Djava.protocol.handler.pkgs=org.apache.catalina.webresources
01-Apr-2021 14:54:09.003 INFORMAÇÕES [main] org.apache.catalina.startup.VersionLoggerListener.log Command line argument: -Dorg.apache.catalina.security.SecurityListener.UMASK=0027
01-Apr-2021 14:54:09.003 INFORMAÇÕES [main] org.apache.catalina.startup.VersionLoggerListener.log Command line argument: -Dignore.endorsed.dirs=
01-Apr-2021 14:54:09.003 INFORMAÇÕES [main] org.apache.catalina.startup.VersionLoggerListener.log Command line argument: -Dcatalina.base=/home/adrieldev/CursosSplenda/arquitetura-infra/Curso 3 Jenkins/apache-tomcat-8.5.50
01-Apr-2021 14:54:09.003 INFORMAÇÕES [main] org.apache.catalina.startup.VersionLoggerListener.log Command line argument: -Dcatalina.home=/home/adrieldev/CursosSplenda/arquitetura-infra/Curso 3 Jenkins/apache-tomcat-8.5.50
01-Apr-2021 14:54:09.003 INFORMAÇÕES [main] org.apache.catalina.startup.VersionLoggerListener.log Command line argument: -Djava.io.tmpdir=/home/adrieldev/CursosSplenda/arquitetura-infra/Curso 3 Jenkins/apache-tomcat-8.5.50/temp
01-Apr-2021 14:54:09.003 INFORMAÇÕES [main] org.apache.catalina.core.AprLifecycleListener.lifecycleEvent The APR based Apache Tomcat Native library which allows optimal performance in production environments was not found on the java.library.path: [/usr/java/packages/lib/amd64:/usr/lib64:/lib64:/lib:/usr/lib]
01-Apr-2021 14:54:09.112 INFORMAÇÕES [main] org.apache.coyote.AbstractProtocol.init Initializing ProtocolHandler ["http-nio-8001"]
01-Apr-2021 14:54:09.124 INFORMAÇÕES [main] org.apache.tomcat.util.net.NioSelectorPool.getSharedSelector Using a shared selector for servlet write/read
01-Apr-2021 14:54:09.140 INFORMAÇÕES [main] org.apache.coyote.AbstractProtocol.init Initializing ProtocolHandler ["ajp-nio-8009"]
01-Apr-2021 14:54:09.142 INFORMAÇÕES [main] org.apache.tomcat.util.net.NioSelectorPool.getSharedSelector Using a shared selector for servlet write/read
01-Apr-2021 14:54:09.142 INFORMAÇÕES [main] org.apache.catalina.startup.Catalina.load Initialization processed in 486 ms
01-Apr-2021 14:54:09.174 INFORMAÇÕES [main] org.apache.catalina.core.StandardService.startInternal Starting service [Catalina]
01-Apr-2021 14:54:09.174 INFORMAÇÕES [main] org.apache.catalina.core.StandardEngine.startInternal Starting Servlet Engine: Apache Tomcat/8.5.50
01-Apr-2021 14:54:09.181 INFORMAÇÕES [localhost-startStop-1] org.apache.catalina.startup.HostConfig.deployDirectory Deploying web application directory [/home/adrieldev/CursosSplenda/arquitetura-infra/Curso 3 Jenkins/apache-tomcat-8.5.50/webapps/ROOT]
01-Apr-2021 14:54:09.368 INFORMAÇÕES [localhost-startStop-1] org.apache.catalina.startup.HostConfig.deployDirectory Deployment of web application directory [/home/adrieldev/CursosSplenda/arquitetura-infra/Curso 3 Jenkins/apache-tomcat-8.5.50/webapps/ROOT] has finished in [186] ms
01-Apr-2021 14:54:09.368 INFORMAÇÕES [localhost-startStop-1] org.apache.catalina.startup.HostConfig.deployDirectory Deploying web application directory [/home/adrieldev/CursosSplenda/arquitetura-infra/Curso 3 Jenkins/apache-tomcat-8.5.50/webapps/docs]
01-Apr-2021 14:54:09.382 INFORMAÇÕES [localhost-startStop-1] org.apache.catalina.startup.HostConfig.deployDirectory Deployment of web application directory [/home/adrieldev/CursosSplenda/arquitetura-infra/Curso 3 Jenkins/apache-tomcat-8.5.50/webapps/docs] has finished in [14] ms
01-Apr-2021 14:54:09.382 INFORMAÇÕES [localhost-startStop-1] org.apache.catalina.startup.HostConfig.deployDirectory Deploying web application directory [/home/adrieldev/CursosSplenda/arquitetura-infra/Curso 3 Jenkins/apache-tomcat-8.5.50/webapps/examples]
01-Apr-2021 14:54:09.560 INFORMAÇÕES [localhost-startStop-1] org.apache.catalina.startup.HostConfig.deployDirectory Deployment of web application directory [/home/adrieldev/CursosSplenda/arquitetura-infra/Curso 3 Jenkins/apache-tomcat-8.5.50/webapps/examples] has finished in [178] ms
01-Apr-2021 14:54:09.560 INFORMAÇÕES [localhost-startStop-1] org.apache.catalina.startup.HostConfig.deployDirectory Deploying web application directory [/home/adrieldev/CursosSplenda/arquitetura-infra/Curso 3 Jenkins/apache-tomcat-8.5.50/webapps/host-manager]
01-Apr-2021 14:54:09.578 INFORMAÇÕES [localhost-startStop-1] org.apache.catalina.startup.HostConfig.deployDirectory Deployment of web application directory [/home/adrieldev/CursosSplenda/arquitetura-infra/Curso 3 Jenkins/apache-tomcat-8.5.50/webapps/host-manager] has finished in [18] ms
01-Apr-2021 14:54:09.578 INFORMAÇÕES [localhost-startStop-1] org.apache.catalina.startup.HostConfig.deployDirectory Deploying web application directory [/home/adrieldev/CursosSplenda/arquitetura-infra/Curso 3 Jenkins/apache-tomcat-8.5.50/webapps/manager]
01-Apr-2021 14:54:09.592 INFORMAÇÕES [localhost-startStop-1] org.apache.catalina.startup.HostConfig.deployDirectory Deployment of web application directory [/home/adrieldev/CursosSplenda/arquitetura-infra/Curso 3 Jenkins/apache-tomcat-8.5.50/webapps/manager] has finished in [14] ms
01-Apr-2021 14:54:09.594 INFORMAÇÕES [main] org.apache.coyote.AbstractProtocol.start Starting ProtocolHandler ["http-nio-8001"]
01-Apr-2021 14:54:09.601 INFORMAÇÕES [main] org.apache.coyote.AbstractProtocol.start Starting ProtocolHandler ["ajp-nio-8009"]
01-Apr-2021 14:54:09.602 INFORMAÇÕES [main] org.apache.catalina.startup.Catalina.start Server startup in 459 ms
01-Apr-2021 14:55:59.622 INFORMAÇÕES [ContainerBackgroundProcessor[StandardEngine[Catalina]]] org.apache.catalina.users.MemoryUserDatabase.backgroundProcess Reloading memory user database [UserDatabase] from updated source [file:/home/adrieldev/CursosSplenda/arquitetura-infra/Curso%203%20Jenkins/apache-tomcat-8.5.50/conf/tomcat-users.xml]
01-Apr-2021 14:56:27.551 INFORMAÇÕES [main] org.apache.catalina.core.StandardServer.await A valid shutdown command was received via the shutdown port. Stopping the Server instance.
01-Apr-2021 14:56:27.551 INFORMAÇÕES [main] org.apache.coyote.AbstractProtocol.pause Pausing ProtocolHandler ["http-nio-8001"]
01-Apr-2021 14:56:27.558 INFORMAÇÕES [main] org.apache.coyote.AbstractProtocol.pause Pausing ProtocolHandler ["ajp-nio-8009"]
01-Apr-2021 14:56:27.565 INFORMAÇÕES [main] org.apache.catalina.core.StandardService.stopInternal Stopping service [Catalina]
01-Apr-2021 14:56:27.585 INFORMAÇÕES [main] org.apache.coyote.AbstractProtocol.stop Stopping ProtocolHandler ["http-nio-8001"]
01-Apr-2021 14:56:27.587 INFORMAÇÕES [main] org.apache.coyote.AbstractProtocol.stop Stopping ProtocolHandler ["ajp-nio-8009"]
01-Apr-2021 14:56:27.587 INFORMAÇÕES [main] org.apache.coyote.AbstractProtocol.destroy Destroying ProtocolHandler ["http-nio-8001"]
01-Apr-2021 14:56:27.588 INFORMAÇÕES [main] org.apache.coyote.AbstractProtocol.destroy Destroying ProtocolHandler ["ajp-nio-8009"]
01-Apr-2021 14:56:32.429 INFORMAÇÕES [main] org.apache.catalina.startup.VersionLoggerListener.log Server version name:   Apache Tomcat/8.5.50
01-Apr-2021 14:56:32.431 INFORMAÇÕES [main] org.apache.catalina.startup.VersionLoggerListener.log Server built:          Dec 7 2019 19:19:46 UTC
01-Apr-2021 14:56:32.431 INFORMAÇÕES [main] org.apache.catalina.startup.VersionLoggerListener.log Server version number: 8.5.50.0
01-Apr-2021 14:56:32.431 INFORMAÇÕES [main] org.apache.catalina.startup.VersionLoggerListener.log OS Name:               Linux
01-Apr-2021 14:56:32.431 INFORMAÇÕES [main] org.apache.catalina.startup.VersionLoggerListener.log OS Version:            5.11.10-200.fc33.x86_64
01-Apr-2021 14:56:32.431 INFORMAÇÕES [main] org.apache.catalina.startup.VersionLoggerListener.log Architecture:          amd64
01-Apr-2021 14:56:32.431 INFORMAÇÕES [main] org.apache.catalina.startup.VersionLoggerListener.log Java Home:             /usr/java/jdk1.8.0_281-amd64/jre
01-Apr-2021 14:56:32.431 INFORMAÇÕES [main] org.apache.catalina.startup.VersionLoggerListener.log JVM Version:           1.8.0_281-b09
01-Apr-2021 14:56:32.431 INFORMAÇÕES [main] org.apache.catalina.startup.VersionLoggerListener.log JVM Vendor:            Oracle Corporation
01-Apr-2021 14:56:32.431 INFORMAÇÕES [main] org.apache.catalina.startup.VersionLoggerListener.log CATALINA_BASE:         /home/adrieldev/CursosSplenda/arquitetura-infra/Curso 3 Jenkins/apache-tomcat-8.5.50
01-Apr-2021 14:56:32.431 INFORMAÇÕES [main] org.apache.catalina.startup.VersionLoggerListener.log CATALINA_HOME:         /home/adrieldev/CursosSplenda/arquitetura-infra/Curso 3 Jenkins/apache-tomcat-8.5.50
01-Apr-2021 14:56:32.432 INFORMAÇÕES [main] org.apache.catalina.startup.VersionLoggerListener.log Command line argument: -Djava.util.logging.config.file=/home/adrieldev/CursosSplenda/arquitetura-infra/Curso 3 Jenkins/apache-tomcat-8.5.50/conf/logging.properties
01-Apr-2021 14:56:32.432 INFORMAÇÕES [main] org.apache.catalina.startup.VersionLoggerListener.log Command line argument: -Djava.util.logging.manager=org.apache.juli.ClassLoaderLogManager
01-Apr-2021 14:56:32.432 INFORMAÇÕES [main] org.apache.catalina.startup.VersionLoggerListener.log Command line argument: -Djdk.tls.ephemeralDHKeySize=2048
01-Apr-2021 14:56:32.432 INFORMAÇÕES [main] org.apache.catalina.startup.VersionLoggerListener.log Command line argument: -Djava.protocol.handler.pkgs=org.apache.catalina.webresources
01-Apr-2021 14:56:32.432 INFORMAÇÕES [main] org.apache.catalina.startup.VersionLoggerListener.log Command line argument: -Dorg.apache.catalina.security.SecurityListener.UMASK=0027
01-Apr-2021 14:56:32.432 INFORMAÇÕES [main] org.apache.catalina.startup.VersionLoggerListener.log Command line argument: -Dignore.endorsed.dirs=
01-Apr-2021 14:56:32.432 INFORMAÇÕES [main] org.apache.catalina.startup.VersionLoggerListener.log Command line argument: -Dcatalina.base=/home/adrieldev/CursosSplenda/arquitetura-infra/Curso 3 Jenkins/apache-tomcat-8.5.50
01-Apr-2021 14:56:32.432 INFORMAÇÕES [main] org.apache.catalina.startup.VersionLoggerListener.log Command line argument: -Dcatalina.home=/home/adrieldev/CursosSplenda/arquitetura-infra/Curso 3 Jenkins/apache-tomcat-8.5.50
01-Apr-2021 14:56:32.432 INFORMAÇÕES [main] org.apache.catalina.startup.VersionLoggerListener.log Command line argument: -Djava.io.tmpdir=/home/adrieldev/CursosSplenda/arquitetura-infra/Curso 3 Jenkins/apache-tomcat-8.5.50/temp
01-Apr-2021 14:56:32.432 INFORMAÇÕES [main] org.apache.catalina.core.AprLifecycleListener.lifecycleEvent The APR based Apache Tomcat Native library which allows optimal performance in production environments was not found on the java.library.path: [/usr/java/packages/lib/amd64:/usr/lib64:/lib64:/lib:/usr/lib]
01-Apr-2021 14:56:32.531 INFORMAÇÕES [main] org.apache.coyote.AbstractProtocol.init Initializing ProtocolHandler ["http-nio-8001"]
01-Apr-2021 14:56:32.539 INFORMAÇÕES [main] org.apache.tomcat.util.net.NioSelectorPool.getSharedSelector Using a shared selector for servlet write/read
01-Apr-2021 14:56:32.551 INFORMAÇÕES [main] org.apache.coyote.AbstractProtocol.init Initializing ProtocolHandler ["ajp-nio-8009"]
01-Apr-2021 14:56:32.552 INFORMAÇÕES [main] org.apache.tomcat.util.net.NioSelectorPool.getSharedSelector Using a shared selector for servlet write/read
01-Apr-2021 14:56:32.552 INFORMAÇÕES [main] org.apache.catalina.startup.Catalina.load Initialization processed in 435 ms
01-Apr-2021 14:56:32.581 INFORMAÇÕES [main] org.apache.catalina.core.StandardService.startInternal Starting service [Catalina]
01-Apr-2021 14:56:32.581 INFORMAÇÕES [main] org.apache.catalina.core.StandardEngine.startInternal Starting Servlet Engine: Apache Tomcat/8.5.50
01-Apr-2021 14:56:32.587 INFORMAÇÕES [localhost-startStop-1] org.apache.catalina.startup.HostConfig.deployDirectory Deploying web application directory [/home/adrieldev/CursosSplenda/arquitetura-infra/Curso 3 Jenkins/apache-tomcat-8.5.50/webapps/ROOT]
01-Apr-2021 14:56:32.754 INFORMAÇÕES [localhost-startStop-1] org.apache.catalina.startup.HostConfig.deployDirectory Deployment of web application directory [/home/adrieldev/CursosSplenda/arquitetura-infra/Curso 3 Jenkins/apache-tomcat-8.5.50/webapps/ROOT] has finished in [167] ms
01-Apr-2021 14:56:32.754 INFORMAÇÕES [localhost-startStop-1] org.apache.catalina.startup.HostConfig.deployDirectory Deploying web application directory [/home/adrieldev/CursosSplenda/arquitetura-infra/Curso 3 Jenkins/apache-tomcat-8.5.50/webapps/docs]
01-Apr-2021 14:56:32.768 INFORMAÇÕES [localhost-startStop-1] org.apache.catalina.startup.HostConfig.deployDirectory Deployment of web application directory [/home/adrieldev/CursosSplenda/arquitetura-infra/Curso 3 Jenkins/apache-tomcat-8.5.50/webapps/docs] has finished in [14] ms
01-Apr-2021 14:56:32.768 INFORMAÇÕES [localhost-startStop-1] org.apache.catalina.startup.HostConfig.deployDirectory Deploying web application directory [/home/adrieldev/CursosSplenda/arquitetura-infra/Curso 3 Jenkins/apache-tomcat-8.5.50/webapps/examples]
01-Apr-2021 14:56:32.978 INFORMAÇÕES [localhost-startStop-1] org.apache.catalina.startup.HostConfig.deployDirectory Deployment of web application directory [/home/adrieldev/CursosSplenda/arquitetura-infra/Curso 3 Jenkins/apache-tomcat-8.5.50/webapps/examples] has finished in [209] ms
01-Apr-2021 14:56:32.978 INFORMAÇÕES [localhost-startStop-1] org.apache.catalina.startup.HostConfig.deployDirectory Deploying web application directory [/home/adrieldev/CursosSplenda/arquitetura-infra/Curso 3 Jenkins/apache-tomcat-8.5.50/webapps/host-manager]
01-Apr-2021 14:56:33.000 INFORMAÇÕES [localhost-startStop-1] org.apache.catalina.startup.HostConfig.deployDirectory Deployment of web application directory [/home/adrieldev/CursosSplenda/arquitetura-infra/Curso 3 Jenkins/apache-tomcat-8.5.50/webapps/host-manager] has finished in [22] ms
01-Apr-2021 14:56:33.000 INFORMAÇÕES [localhost-startStop-1] org.apache.catalina.startup.HostConfig.deployDirectory Deploying web application directory [/home/adrieldev/CursosSplenda/arquitetura-infra/Curso 3 Jenkins/apache-tomcat-8.5.50/webapps/manager]
01-Apr-2021 14:56:33.019 INFORMAÇÕES [localhost-startStop-1] org.apache.catalina.startup.HostConfig.deployDirectory Deployment of web application directory [/home/adrieldev/CursosSplenda/arquitetura-infra/Curso 3 Jenkins/apache-tomcat-8.5.50/webapps/manager] has finished in [19] ms
01-Apr-2021 14:56:33.022 INFORMAÇÕES [main] org.apache.coyote.AbstractProtocol.start Starting ProtocolHandler ["http-nio-8001"]
01-Apr-2021 14:56:33.030 INFORMAÇÕES [main] org.apache.coyote.AbstractProtocol.start Starting ProtocolHandler ["ajp-nio-8009"]
01-Apr-2021 14:56:33.031 INFORMAÇÕES [main] org.apache.catalina.startup.Catalina.start Server startup in 478 ms
01-Apr-2021 14:59:23.059 INFORMAÇÕES [ContainerBackgroundProcessor[StandardEngine[Catalina]]] org.apache.catalina.users.MemoryUserDatabase.backgroundProcess Reloading memory user database [UserDatabase] from updated source [file:/home/adrieldev/CursosSplenda/arquitetura-infra/Curso%203%20Jenkins/apache-tomcat-8.5.50/conf/tomcat-users.xml]
01-Apr-2021 14:59:43.067 INFORMAÇÕES [ContainerBackgroundProcessor[StandardEngine[Catalina]]] org.apache.catalina.users.MemoryUserDatabase.backgroundProcess Reloading memory user database [UserDatabase] from updated source [file:/home/adrieldev/CursosSplenda/arquitetura-infra/Curso%203%20Jenkins/apache-tomcat-8.5.50/conf/tomcat-users.xml]
01-Apr-2021 14:59:49.567 INFORMAÇÕES [main] org.apache.catalina.core.StandardServer.await A valid shutdown command was received via the shutdown port. Stopping the Server instance.
01-Apr-2021 14:59:49.567 INFORMAÇÕES [main] org.apache.coyote.AbstractProtocol.pause Pausing ProtocolHandler ["http-nio-8001"]
01-Apr-2021 14:59:49.576 INFORMAÇÕES [main] org.apache.coyote.AbstractProtocol.pause Pausing ProtocolHandler ["ajp-nio-8009"]
01-Apr-2021 14:59:49.582 INFORMAÇÕES [main] org.apache.catalina.core.StandardService.stopInternal Stopping service [Catalina]
01-Apr-2021 14:59:49.605 INFORMAÇÕES [main] org.apache.coyote.AbstractProtocol.stop Stopping ProtocolHandler ["http-nio-8001"]
01-Apr-2021 14:59:49.607 INFORMAÇÕES [main] org.apache.coyote.AbstractProtocol.stop Stopping ProtocolHandler ["ajp-nio-8009"]
01-Apr-2021 14:59:49.608 INFORMAÇÕES [main] org.apache.coyote.AbstractProtocol.destroy Destroying ProtocolHandler ["http-nio-8001"]
01-Apr-2021 14:59:49.608 INFORMAÇÕES [main] org.apache.coyote.AbstractProtocol.destroy Destroying ProtocolHandler ["ajp-nio-8009"]
01-Apr-2021 14:59:53.449 INFORMAÇÕES [main] org.apache.catalina.startup.VersionLoggerListener.log Server version name:   Apache Tomcat/8.5.50
01-Apr-2021 14:59:53.451 INFORMAÇÕES [main] org.apache.catalina.startup.VersionLoggerListener.log Server built:          Dec 7 2019 19:19:46 UTC
01-Apr-2021 14:59:53.451 INFORMAÇÕES [main] org.apache.catalina.startup.VersionLoggerListener.log Server version number: 8.5.50.0
01-Apr-2021 14:59:53.451 INFORMAÇÕES [main] org.apache.catalina.startup.VersionLoggerListener.log OS Name:               Linux
01-Apr-2021 14:59:53.451 INFORMAÇÕES [main] org.apache.catalina.startup.VersionLoggerListener.log OS Version:            5.11.10-200.fc33.x86_64
01-Apr-2021 14:59:53.451 INFORMAÇÕES [main] org.apache.catalina.startup.VersionLoggerListener.log Architecture:          amd64
01-Apr-2021 14:59:53.452 INFORMAÇÕES [main] org.apache.catalina.startup.VersionLoggerListener.log Java Home:             /usr/java/jdk1.8.0_281-amd64/jre
01-Apr-2021 14:59:53.452 INFORMAÇÕES [main] org.apache.catalina.startup.VersionLoggerListener.log JVM Version:           1.8.0_281-b09
01-Apr-2021 14:59:53.452 INFORMAÇÕES [main] org.apache.catalina.startup.VersionLoggerListener.log JVM Vendor:            Oracle Corporation
01-Apr-2021 14:59:53.452 INFORMAÇÕES [main] org.apache.catalina.startup.VersionLoggerListener.log CATALINA_BASE:         /home/adrieldev/CursosSplenda/arquitetura-infra/Curso 3 Jenkins/apache-tomcat-8.5.50
01-Apr-2021 14:59:53.452 INFORMAÇÕES [main] org.apache.catalina.startup.VersionLoggerListener.log CATALINA_HOME:         /home/adrieldev/CursosSplenda/arquitetura-infra/Curso 3 Jenkins/apache-tomcat-8.5.50
01-Apr-2021 14:59:53.452 INFORMAÇÕES [main] org.apache.catalina.startup.VersionLoggerListener.log Command line argument: -Djava.util.logging.config.file=/home/adrieldev/CursosSplenda/arquitetura-infra/Curso 3 Jenkins/apache-tomcat-8.5.50/conf/logging.properties
01-Apr-2021 14:59:53.452 INFORMAÇÕES [main] org.apache.catalina.startup.VersionLoggerListener.log Command line argument: -Djava.util.logging.manager=org.apache.juli.ClassLoaderLogManager
01-Apr-2021 14:59:53.452 INFORMAÇÕES [main] org.apache.catalina.startup.VersionLoggerListener.log Command line argument: -Djdk.tls.ephemeralDHKeySize=2048
01-Apr-2021 14:59:53.452 INFORMAÇÕES [main] org.apache.catalina.startup.VersionLoggerListener.log Command line argument: -Djava.protocol.handler.pkgs=org.apache.catalina.webresources
01-Apr-2021 14:59:53.452 INFORMAÇÕES [main] org.apache.catalina.startup.VersionLoggerListener.log Command line argument: -Dorg.apache.catalina.security.SecurityListener.UMASK=0027
01-Apr-2021 14:59:53.452 INFORMAÇÕES [main] org.apache.catalina.startup.VersionLoggerListener.log Command line argument: -Dignore.endorsed.dirs=
01-Apr-2021 14:59:53.452 INFORMAÇÕES [main] org.apache.catalina.startup.VersionLoggerListener.log Command line argument: -Dcatalina.base=/home/adrieldev/CursosSplenda/arquitetura-infra/Curso 3 Jenkins/apache-tomcat-8.5.50
01-Apr-2021 14:59:53.453 INFORMAÇÕES [main] org.apache.catalina.startup.VersionLoggerListener.log Command line argument: -Dcatalina.home=/home/adrieldev/CursosSplenda/arquitetura-infra/Curso 3 Jenkins/apache-tomcat-8.5.50
01-Apr-2021 14:59:53.453 INFORMAÇÕES [main] org.apache.catalina.startup.VersionLoggerListener.log Command line argument: -Djava.io.tmpdir=/home/adrieldev/CursosSplenda/arquitetura-infra/Curso 3 Jenkins/apache-tomcat-8.5.50/temp
01-Apr-2021 14:59:53.453 INFORMAÇÕES [main] org.apache.catalina.core.AprLifecycleListener.lifecycleEvent The APR based Apache Tomcat Native library which allows optimal performance in production environments was not found on the java.library.path: [/usr/java/packages/lib/amd64:/usr/lib64:/lib64:/lib:/usr/lib]
01-Apr-2021 14:59:53.550 INFORMAÇÕES [main] org.apache.coyote.AbstractProtocol.init Initializing ProtocolHandler ["http-nio-8001"]
01-Apr-2021 14:59:53.558 INFORMAÇÕES [main] org.apache.tomcat.util.net.NioSelectorPool.getSharedSelector Using a shared selector for servlet write/read
01-Apr-2021 14:59:53.570 INFORMAÇÕES [main] org.apache.coyote.AbstractProtocol.init Initializing ProtocolHandler ["ajp-nio-8009"]
01-Apr-2021 14:59:53.571 INFORMAÇÕES [main] org.apache.tomcat.util.net.NioSelectorPool.getSharedSelector Using a shared selector for servlet write/read
01-Apr-2021 14:59:53.572 INFORMAÇÕES [main] org.apache.catalina.startup.Catalina.load Initialization processed in 426 ms
01-Apr-2021 14:59:53.601 INFORMAÇÕES [main] org.apache.catalina.core.StandardService.startInternal Starting service [Catalina]
01-Apr-2021 14:59:53.601 INFORMAÇÕES [main] org.apache.catalina.core.StandardEngine.startInternal Starting Servlet Engine: Apache Tomcat/8.5.50
01-Apr-2021 14:59:53.607 INFORMAÇÕES [localhost-startStop-1] org.apache.catalina.startup.HostConfig.deployDirectory Deploying web application directory [/home/adrieldev/CursosSplenda/arquitetura-infra/Curso 3 Jenkins/apache-tomcat-8.5.50/webapps/ROOT]
01-Apr-2021 14:59:53.773 INFORMAÇÕES [localhost-startStop-1] org.apache.catalina.startup.HostConfig.deployDirectory Deployment of web application directory [/home/adrieldev/CursosSplenda/arquitetura-infra/Curso 3 Jenkins/apache-tomcat-8.5.50/webapps/ROOT] has finished in [165] ms
01-Apr-2021 14:59:53.773 INFORMAÇÕES [localhost-startStop-1] org.apache.catalina.startup.HostConfig.deployDirectory Deploying web application directory [/home/adrieldev/CursosSplenda/arquitetura-infra/Curso 3 Jenkins/apache-tomcat-8.5.50/webapps/docs]
01-Apr-2021 14:59:53.785 INFORMAÇÕES [localhost-startStop-1] org.apache.catalina.startup.HostConfig.deployDirectory Deployment of web application directory [/home/adrieldev/CursosSplenda/arquitetura-infra/Curso 3 Jenkins/apache-tomcat-8.5.50/webapps/docs] has finished in [12] ms
01-Apr-2021 14:59:53.786 INFORMAÇÕES [localhost-startStop-1] org.apache.catalina.startup.HostConfig.deployDirectory Deploying web application directory [/home/adrieldev/CursosSplenda/arquitetura-infra/Curso 3 Jenkins/apache-tomcat-8.5.50/webapps/examples]
01-Apr-2021 14:59:53.983 INFORMAÇÕES [localhost-startStop-1] org.apache.catalina.startup.HostConfig.deployDirectory Deployment of web application directory [/home/adrieldev/CursosSplenda/arquitetura-infra/Curso 3 Jenkins/apache-tomcat-8.5.50/webapps/examples] has finished in [197] ms
01-Apr-2021 14:59:53.983 INFORMAÇÕES [localhost-startStop-1] org.apache.catalina.startup.HostConfig.deployDirectory Deploying web application directory [/home/adrieldev/CursosSplenda/arquitetura-infra/Curso 3 Jenkins/apache-tomcat-8.5.50/webapps/host-manager]
01-Apr-2021 14:59:54.000 INFORMAÇÕES [localhost-startStop-1] org.apache.catalina.startup.HostConfig.deployDirectory Deployment of web application directory [/home/adrieldev/CursosSplenda/arquitetura-infra/Curso 3 Jenkins/apache-tomcat-8.5.50/webapps/host-manager] has finished in [17] ms
01-Apr-2021 14:59:54.000 INFORMAÇÕES [localhost-startStop-1] org.apache.catalina.startup.HostConfig.deployDirectory Deploying web application directory [/home/adrieldev/CursosSplenda/arquitetura-infra/Curso 3 Jenkins/apache-tomcat-8.5.50/webapps/manager]
01-Apr-2021 14:59:54.019 INFORMAÇÕES [localhost-startStop-1] org.apache.catalina.startup.HostConfig.deployDirectory Deployment of web application directory [/home/adrieldev/CursosSplenda/arquitetura-infra/Curso 3 Jenkins/apache-tomcat-8.5.50/webapps/manager] has finished in [19] ms
01-Apr-2021 14:59:54.021 INFORMAÇÕES [main] org.apache.coyote.AbstractProtocol.start Starting ProtocolHandler ["http-nio-8001"]
01-Apr-2021 14:59:54.027 INFORMAÇÕES [main] org.apache.coyote.AbstractProtocol.start Starting ProtocolHandler ["ajp-nio-8009"]
01-Apr-2021 14:59:54.029 INFORMAÇÕES [main] org.apache.catalina.startup.Catalina.start Server startup in 457 ms
01-Apr-2021 15:00:12.309 INFORMAÇÕES [http-nio-8001-exec-6] org.apache.catalina.startup.HostConfig.deployWAR Deploying web application archive [/home/adrieldev/CursosSplenda/arquitetura-infra/Curso 3 Jenkins/apache-tomcat-8.5.50/webapps/tasks-backend.war]
01-Apr-2021 15:00:18.989 GRAVE [http-nio-8001-exec-6] org.apache.catalina.core.ContainerBase.addChildInternal ContainerBase.addChild: start: 
	org.apache.catalina.LifecycleException: Failed to start component [StandardEngine[Catalina].StandardHost[localhost].StandardContext[/tasks-backend]]
		at org.apache.catalina.util.LifecycleBase.handleSubClassException(LifecycleBase.java:440)
		at org.apache.catalina.util.LifecycleBase.start(LifecycleBase.java:198)
		at org.apache.catalina.core.ContainerBase.addChildInternal(ContainerBase.java:743)
		at org.apache.catalina.core.ContainerBase.addChild(ContainerBase.java:719)
		at org.apache.catalina.core.StandardHost.addChild(StandardHost.java:705)
		at org.apache.catalina.startup.HostConfig.deployWAR(HostConfig.java:970)
		at org.apache.catalina.startup.HostConfig.deployApps(HostConfig.java:492)
		at org.apache.catalina.startup.HostConfig.check(HostConfig.java:1634)
		at sun.reflect.NativeMethodAccessorImpl.invoke0(Native Method)
		at sun.reflect.NativeMethodAccessorImpl.invoke(NativeMethodAccessorImpl.java:62)
		at sun.reflect.DelegatingMethodAccessorImpl.invoke(DelegatingMethodAccessorImpl.java:43)
		at java.lang.reflect.Method.invoke(Method.java:498)
		at org.apache.tomcat.util.modeler.BaseModelMBean.invoke(BaseModelMBean.java:287)
		at com.sun.jmx.interceptor.DefaultMBeanServerInterceptor.invoke(DefaultMBeanServerInterceptor.java:819)
		at com.sun.jmx.mbeanserver.JmxMBeanServer.invoke(JmxMBeanServer.java:801)
		at org.apache.catalina.manager.ManagerServlet.check(ManagerServlet.java:1559)
		at org.apache.catalina.manager.HTMLManagerServlet.upload(HTMLManagerServlet.java:289)
		at org.apache.catalina.manager.HTMLManagerServlet.doPost(HTMLManagerServlet.java:207)
		at javax.servlet.http.HttpServlet.service(HttpServlet.java:660)
		at javax.servlet.http.HttpServlet.service(HttpServlet.java:741)
		at org.apache.catalina.core.ApplicationFilterChain.internalDoFilter(ApplicationFilterChain.java:231)
		at org.apache.catalina.core.ApplicationFilterChain.doFilter(ApplicationFilterChain.java:166)
		at org.apache.catalina.filters.CsrfPreventionFilter.doFilter(CsrfPreventionFilter.java:211)
		at org.apache.catalina.core.ApplicationFilterChain.internalDoFilter(ApplicationFilterChain.java:193)
		at org.apache.catalina.core.ApplicationFilterChain.doFilter(ApplicationFilterChain.java:166)
		at org.apache.tomcat.websocket.server.WsFilter.doFilter(WsFilter.java:52)
		at org.apache.catalina.core.ApplicationFilterChain.internalDoFilter(ApplicationFilterChain.java:193)
		at org.apache.catalina.core.ApplicationFilterChain.doFilter(ApplicationFilterChain.java:166)
		at org.apache.catalina.filters.SetCharacterEncodingFilter.doFilter(SetCharacterEncodingFilter.java:109)
		at org.apache.catalina.core.ApplicationFilterChain.internalDoFilter(ApplicationFilterChain.java:193)
		at org.apache.catalina.core.ApplicationFilterChain.doFilter(ApplicationFilterChain.java:166)
		at org.apache.catalina.core.StandardWrapperValve.invoke(StandardWrapperValve.java:199)
		at org.apache.catalina.core.StandardContextValve.invoke(StandardContextValve.java:96)
		at org.apache.catalina.authenticator.AuthenticatorBase.invoke(AuthenticatorBase.java:668)
		at org.apache.catalina.valves.RequestFilterValve.process(RequestFilterValve.java:348)
		at org.apache.catalina.valves.RemoteAddrValve.invoke(RemoteAddrValve.java:52)
		at org.apache.catalina.core.StandardHostValve.invoke(StandardHostValve.java:139)
		at org.apache.catalina.valves.ErrorReportValve.invoke(ErrorReportValve.java:81)
		at org.apache.catalina.valves.AbstractAccessLogValve.invoke(AbstractAccessLogValve.java:678)
		at org.apache.catalina.core.StandardEngineValve.invoke(StandardEngineValve.java:87)
		at org.apache.catalina.connector.CoyoteAdapter.service(CoyoteAdapter.java:343)
		at org.apache.coyote.http11.Http11Processor.service(Http11Processor.java:609)
		at org.apache.coyote.AbstractProcessorLight.process(AbstractProcessorLight.java:65)
		at org.apache.coyote.AbstractProtocol$ConnectionHandler.process(AbstractProtocol.java:810)
		at org.apache.tomcat.util.net.NioEndpoint$SocketProcessor.doRun(NioEndpoint.java:1623)
		at org.apache.tomcat.util.net.SocketProcessorBase.run(SocketProcessorBase.java:49)
		at java.util.concurrent.ThreadPoolExecutor.runWorker(ThreadPoolExecutor.java:1149)
		at java.util.concurrent.ThreadPoolExecutor$Worker.run(ThreadPoolExecutor.java:624)
		at org.apache.tomcat.util.threads.TaskThread$WrappingRunnable.run(TaskThread.java:61)
		at java.lang.Thread.run(Thread.java:748)
	Caused by: org.springframework.beans.factory.BeanCreationException: Error creating bean with name 'entityManagerFactory' defined in class path resource [org/springframework/boot/autoconfigure/orm/jpa/HibernateJpaConfiguration.class]: Invocation of init method failed; nested exception is javax.persistence.PersistenceException: [PersistenceUnit: default] Unable to build Hibernate SessionFactory; nested exception is org.hibernate.exception.JDBCConnectionException: Unable to open JDBC Connection for DDL execution
		at org.springframework.beans.factory.support.AbstractAutowireCapableBeanFactory.initializeBean(AbstractAutowireCapableBeanFactory.java:1796)
		at org.springframework.beans.factory.support.AbstractAutowireCapableBeanFactory.doCreateBean(AbstractAutowireCapableBeanFactory.java:595)
		at org.springframework.beans.factory.support.AbstractAutowireCapableBeanFactory.createBean(AbstractAutowireCapableBeanFactory.java:517)
		at org.springframework.beans.factory.support.AbstractBeanFactory.lambda$doGetBean$0(AbstractBeanFactory.java:323)
		at org.springframework.beans.factory.support.DefaultSingletonBeanRegistry.getSingleton(DefaultSingletonBeanRegistry.java:222)
		at org.springframework.beans.factory.support.AbstractBeanFactory.doGetBean(AbstractBeanFactory.java:321)
		at org.springframework.beans.factory.support.AbstractBeanFactory.getBean(AbstractBeanFactory.java:202)
		at org.springframework.context.support.AbstractApplicationContext.getBean(AbstractApplicationContext.java:1108)
		at org.springframework.context.support.AbstractApplicationContext.finishBeanFactoryInitialization(AbstractApplicationContext.java:868)
		at org.springframework.context.support.AbstractApplicationContext.refresh(AbstractApplicationContext.java:550)
		at org.springframework.boot.web.servlet.context.ServletWebServerApplicationContext.refresh(ServletWebServerApplicationContext.java:141)
		at org.springframework.boot.SpringApplication.refresh(SpringApplication.java:747)
		at org.springframework.boot.SpringApplication.refreshContext(SpringApplication.java:397)
		at org.springframework.boot.SpringApplication.run(SpringApplication.java:315)
		at org.springframework.boot.web.servlet.support.SpringBootServletInitializer.run(SpringBootServletInitializer.java:152)
		at org.springframework.boot.web.servlet.support.SpringBootServletInitializer.createRootApplicationContext(SpringBootServletInitializer.java:132)
		at org.springframework.boot.web.servlet.support.SpringBootServletInitializer.onStartup(SpringBootServletInitializer.java:92)
		at org.springframework.web.SpringServletContainerInitializer.onStartup(SpringServletContainerInitializer.java:172)
		at org.apache.catalina.core.StandardContext.startInternal(StandardContext.java:5154)
		at org.apache.catalina.util.LifecycleBase.start(LifecycleBase.java:183)
		... 48 more
	Caused by: javax.persistence.PersistenceException: [PersistenceUnit: default] Unable to build Hibernate SessionFactory; nested exception is org.hibernate.exception.JDBCConnectionException: Unable to open JDBC Connection for DDL execution
		at org.springframework.orm.jpa.AbstractEntityManagerFactoryBean.buildNativeEntityManagerFactory(AbstractEntityManagerFactoryBean.java:403)
		at org.springframework.orm.jpa.AbstractEntityManagerFactoryBean.afterPropertiesSet(AbstractEntityManagerFactoryBean.java:378)
		at org.springframework.orm.jpa.LocalContainerEntityManagerFactoryBean.afterPropertiesSet(LocalContainerEntityManagerFactoryBean.java:341)
		at org.springframework.beans.factory.support.AbstractAutowireCapableBeanFactory.invokeInitMethods(AbstractAutowireCapableBeanFactory.java:1855)
		at org.springframework.beans.factory.support.AbstractAutowireCapableBeanFactory.initializeBean(AbstractAutowireCapableBeanFactory.java:1792)
		... 67 more
	Caused by: org.hibernate.exception.JDBCConnectionException: Unable to open JDBC Connection for DDL execution
		at org.hibernate.exception.internal.SQLStateConversionDelegate.convert(SQLStateConversionDelegate.java:112)
		at org.hibernate.exception.internal.StandardSQLExceptionConverter.convert(StandardSQLExceptionConverter.java:42)
		at org.hibernate.engine.jdbc.spi.SqlExceptionHelper.convert(SqlExceptionHelper.java:113)
		at org.hibernate.engine.jdbc.spi.SqlExceptionHelper.convert(SqlExceptionHelper.java:99)
		at org.hibernate.resource.transaction.backend.jdbc.internal.DdlTransactionIsolatorNonJtaImpl.getIsolatedConnection(DdlTransactionIsolatorNonJtaImpl.java:69)
		at org.hibernate.tool.schema.internal.exec.GenerationTargetToDatabase.jdbcStatement(GenerationTargetToDatabase.java:77)
		at org.hibernate.tool.schema.internal.exec.GenerationTargetToDatabase.accept(GenerationTargetToDatabase.java:53)
		at org.hibernate.tool.schema.internal.SchemaDropperImpl.applySqlString(SchemaDropperImpl.java:375)
		at org.hibernate.tool.schema.internal.SchemaDropperImpl.applySqlStrings(SchemaDropperImpl.java:359)
		at org.hibernate.tool.schema.internal.SchemaDropperImpl.dropFromMetadata(SchemaDropperImpl.java:241)
		at org.hibernate.tool.schema.internal.SchemaDropperImpl.performDrop(SchemaDropperImpl.java:154)
		at org.hibernate.tool.schema.internal.SchemaDropperImpl.doDrop(SchemaDropperImpl.java:126)
		at org.hibernate.tool.schema.internal.SchemaDropperImpl.doDrop(SchemaDropperImpl.java:112)
		at org.hibernate.tool.schema.spi.SchemaManagementToolCoordinator.performDatabaseAction(SchemaManagementToolCoordinator.java:145)
		at org.hibernate.tool.schema.spi.SchemaManagementToolCoordinator.process(SchemaManagementToolCoordinator.java:73)
		at org.hibernate.internal.SessionFactoryImpl.<init>(SessionFactoryImpl.java:320)
		at org.hibernate.boot.internal.SessionFactoryBuilderImpl.build(SessionFactoryBuilderImpl.java:462)
		at org.hibernate.jpa.boot.internal.EntityManagerFactoryBuilderImpl.build(EntityManagerFactoryBuilderImpl.java:1237)
		at org.springframework.orm.jpa.vendor.SpringHibernateJpaPersistenceProvider.createContainerEntityManagerFactory(SpringHibernateJpaPersistenceProvider.java:58)
		at org.springframework.orm.jpa.LocalContainerEntityManagerFactoryBean.createNativeEntityManagerFactory(LocalContainerEntityManagerFactoryBean.java:365)
		at org.springframework.orm.jpa.AbstractEntityManagerFactoryBean.buildNativeEntityManagerFactory(AbstractEntityManagerFactoryBean.java:391)
		... 71 more
	Caused by: org.postgresql.util.PSQLException: Connection to 127.0.0.1:5433 refused. Check that the hostname and port are correct and that the postmaster is accepting TCP/IP connections.
		at org.postgresql.core.v3.ConnectionFactoryImpl.openConnectionImpl(ConnectionFactoryImpl.java:280)
		at org.postgresql.core.ConnectionFactory.openConnection(ConnectionFactory.java:49)
		at org.postgresql.jdbc.PgConnection.<init>(PgConnection.java:211)
		at org.postgresql.Driver.makeConnection(Driver.java:458)
		at org.postgresql.Driver.connect(Driver.java:260)
		at com.zaxxer.hikari.util.DriverDataSource.getConnection(DriverDataSource.java:138)
		at com.zaxxer.hikari.pool.PoolBase.newConnection(PoolBase.java:354)
		at com.zaxxer.hikari.pool.PoolBase.newPoolEntry(PoolBase.java:202)
		at com.zaxxer.hikari.pool.HikariPool.createPoolEntry(HikariPool.java:473)
		at com.zaxxer.hikari.pool.HikariPool.checkFailFast(HikariPool.java:554)
		at com.zaxxer.hikari.pool.HikariPool.<init>(HikariPool.java:115)
		at com.zaxxer.hikari.HikariDataSource.getConnection(HikariDataSource.java:112)
		at org.hibernate.engine.jdbc.connections.internal.DatasourceConnectionProviderImpl.getConnection(DatasourceConnectionProviderImpl.java:122)
		at org.hibernate.engine.jdbc.env.internal.JdbcEnvironmentInitiator$ConnectionProviderJdbcConnectionAccess.obtainConnection(JdbcEnvironmentInitiator.java:180)
		at org.hibernate.resource.transaction.backend.jdbc.internal.DdlTransactionIsolatorNonJtaImpl.getIsolatedConnection(DdlTransactionIsolatorNonJtaImpl.java:43)
		... 87 more
	Caused by: java.net.ConnectException: Conexão recusada (Connection refused)
		at java.net.PlainSocketImpl.socketConnect(Native Method)
		at java.net.AbstractPlainSocketImpl.doConnect(AbstractPlainSocketImpl.java:476)
		at java.net.AbstractPlainSocketImpl.connectToAddress(AbstractPlainSocketImpl.java:218)
		at java.net.AbstractPlainSocketImpl.connect(AbstractPlainSocketImpl.java:200)
		at java.net.SocksSocketImpl.connect(SocksSocketImpl.java:394)
		at java.net.Socket.connect(Socket.java:606)
		at org.postgresql.core.PGStream.<init>(PGStream.java:75)
		at org.postgresql.core.v3.ConnectionFactoryImpl.tryConnect(ConnectionFactoryImpl.java:91)
		at org.postgresql.core.v3.ConnectionFactoryImpl.openConnectionImpl(ConnectionFactoryImpl.java:192)
		... 101 more
01-Apr-2021 15:00:18.994 GRAVE [http-nio-8001-exec-6] org.apache.catalina.startup.HostConfig.deployWAR Error deploying web application archive [/home/adrieldev/CursosSplenda/arquitetura-infra/Curso 3 Jenkins/apache-tomcat-8.5.50/webapps/tasks-backend.war]
	java.lang.IllegalStateException: ContainerBase.addChild: start: org.apache.catalina.LifecycleException: Failed to start component [StandardEngine[Catalina].StandardHost[localhost].StandardContext[/tasks-backend]]
		at org.apache.catalina.core.ContainerBase.addChildInternal(ContainerBase.java:747)
		at org.apache.catalina.core.ContainerBase.addChild(ContainerBase.java:719)
		at org.apache.catalina.core.StandardHost.addChild(StandardHost.java:705)
		at org.apache.catalina.startup.HostConfig.deployWAR(HostConfig.java:970)
		at org.apache.catalina.startup.HostConfig.deployApps(HostConfig.java:492)
		at org.apache.catalina.startup.HostConfig.check(HostConfig.java:1634)
		at sun.reflect.NativeMethodAccessorImpl.invoke0(Native Method)
		at sun.reflect.NativeMethodAccessorImpl.invoke(NativeMethodAccessorImpl.java:62)
		at sun.reflect.DelegatingMethodAccessorImpl.invoke(DelegatingMethodAccessorImpl.java:43)
		at java.lang.reflect.Method.invoke(Method.java:498)
		at org.apache.tomcat.util.modeler.BaseModelMBean.invoke(BaseModelMBean.java:287)
		at com.sun.jmx.interceptor.DefaultMBeanServerInterceptor.invoke(DefaultMBeanServerInterceptor.java:819)
		at com.sun.jmx.mbeanserver.JmxMBeanServer.invoke(JmxMBeanServer.java:801)
		at org.apache.catalina.manager.ManagerServlet.check(ManagerServlet.java:1559)
		at org.apache.catalina.manager.HTMLManagerServlet.upload(HTMLManagerServlet.java:289)
		at org.apache.catalina.manager.HTMLManagerServlet.doPost(HTMLManagerServlet.java:207)
		at javax.servlet.http.HttpServlet.service(HttpServlet.java:660)
		at javax.servlet.http.HttpServlet.service(HttpServlet.java:741)
		at org.apache.catalina.core.ApplicationFilterChain.internalDoFilter(ApplicationFilterChain.java:231)
		at org.apache.catalina.core.ApplicationFilterChain.doFilter(ApplicationFilterChain.java:166)
		at org.apache.catalina.filters.CsrfPreventionFilter.doFilter(CsrfPreventionFilter.java:211)
		at org.apache.catalina.core.ApplicationFilterChain.internalDoFilter(ApplicationFilterChain.java:193)
		at org.apache.catalina.core.ApplicationFilterChain.doFilter(ApplicationFilterChain.java:166)
		at org.apache.tomcat.websocket.server.WsFilter.doFilter(WsFilter.java:52)
		at org.apache.catalina.core.ApplicationFilterChain.internalDoFilter(ApplicationFilterChain.java:193)
		at org.apache.catalina.core.ApplicationFilterChain.doFilter(ApplicationFilterChain.java:166)
		at org.apache.catalina.filters.SetCharacterEncodingFilter.doFilter(SetCharacterEncodingFilter.java:109)
		at org.apache.catalina.core.ApplicationFilterChain.internalDoFilter(ApplicationFilterChain.java:193)
		at org.apache.catalina.core.ApplicationFilterChain.doFilter(ApplicationFilterChain.java:166)
		at org.apache.catalina.core.StandardWrapperValve.invoke(StandardWrapperValve.java:199)
		at org.apache.catalina.core.StandardContextValve.invoke(StandardContextValve.java:96)
		at org.apache.catalina.authenticator.AuthenticatorBase.invoke(AuthenticatorBase.java:668)
		at org.apache.catalina.valves.RequestFilterValve.process(RequestFilterValve.java:348)
		at org.apache.catalina.valves.RemoteAddrValve.invoke(RemoteAddrValve.java:52)
		at org.apache.catalina.core.StandardHostValve.invoke(StandardHostValve.java:139)
		at org.apache.catalina.valves.ErrorReportValve.invoke(ErrorReportValve.java:81)
		at org.apache.catalina.valves.AbstractAccessLogValve.invoke(AbstractAccessLogValve.java:678)
		at org.apache.catalina.core.StandardEngineValve.invoke(StandardEngineValve.java:87)
		at org.apache.catalina.connector.CoyoteAdapter.service(CoyoteAdapter.java:343)
		at org.apache.coyote.http11.Http11Processor.service(Http11Processor.java:609)
		at org.apache.coyote.AbstractProcessorLight.process(AbstractProcessorLight.java:65)
		at org.apache.coyote.AbstractProtocol$ConnectionHandler.process(AbstractProtocol.java:810)
		at org.apache.tomcat.util.net.NioEndpoint$SocketProcessor.doRun(NioEndpoint.java:1623)
		at org.apache.tomcat.util.net.SocketProcessorBase.run(SocketProcessorBase.java:49)
		at java.util.concurrent.ThreadPoolExecutor.runWorker(ThreadPoolExecutor.java:1149)
		at java.util.concurrent.ThreadPoolExecutor$Worker.run(ThreadPoolExecutor.java:624)
		at org.apache.tomcat.util.threads.TaskThread$WrappingRunnable.run(TaskThread.java:61)
		at java.lang.Thread.run(Thread.java:748)
01-Apr-2021 15:00:18.995 INFORMAÇÕES [http-nio-8001-exec-6] org.apache.catalina.startup.HostConfig.deployWAR Deployment of web application archive [/home/adrieldev/CursosSplenda/arquitetura-infra/Curso 3 Jenkins/apache-tomcat-8.5.50/webapps/tasks-backend.war] has finished in [6,685] ms
01-Apr-2021 15:01:26.107 ADVERTÊNCIA [http-nio-8001-exec-8] org.apache.catalina.loader.WebappClassLoaderBase.clearReferencesJdbc The web application [tasks-backend] registered the JDBC driver [org.postgresql.Driver] but failed to unregister it when the web application was stopped. To prevent a memory leak, the JDBC Driver has been forcibly unregistered.
01-Apr-2021 15:07:39.785 ADVERTÊNCIA [http-nio-8001-exec-11] org.apache.catalina.loader.WebappClassLoaderBase.clearReferencesJdbc The web application [tasks-backend] registered the JDBC driver [org.postgresql.Driver] but failed to unregister it when the web application was stopped. To prevent a memory leak, the JDBC Driver has been forcibly unregistered.
01-Apr-2021 15:07:44.536 INFORMAÇÕES [http-nio-8001-exec-11] org.apache.jasper.servlet.TldScanner.scanJars At least one JAR was scanned for TLDs yet contained no TLDs. Enable debug logging for this logger for a complete list of JARs that were scanned but no TLDs were found in them. Skipping unneeded JARs during scanning can improve startup time and JSP compilation time.
01-Apr-2021 15:18:22.560 INFORMAÇÕES [http-nio-8001-exec-24] org.apache.catalina.startup.HostConfig.deployWAR Deploying web application archive [/home/adrieldev/CursosSplenda/arquitetura-infra/Curso 3 Jenkins/apache-tomcat-8.5.50/webapps/tasks.war]
01-Apr-2021 15:18:25.116 INFORMAÇÕES [http-nio-8001-exec-24] org.apache.jasper.servlet.TldScanner.scanJars At least one JAR was scanned for TLDs yet contained no TLDs. Enable debug logging for this logger for a complete list of JARs that were scanned but no TLDs were found in them. Skipping unneeded JARs during scanning can improve startup time and JSP compilation time.
01-Apr-2021 15:18:25.122 INFORMAÇÕES [http-nio-8001-exec-24] org.apache.catalina.startup.HostConfig.deployWAR Deployment of web application archive [/home/adrieldev/CursosSplenda/arquitetura-infra/Curso 3 Jenkins/apache-tomcat-8.5.50/webapps/tasks.war] has finished in [2,562] ms
01-Apr-2021 15:24:51.181 INFORMAÇÕES [http-nio-8001-exec-26] org.apache.catalina.core.StandardContext.reload Reloading Context with name [/tasks] has started
01-Apr-2021 15:24:53.739 INFORMAÇÕES [http-nio-8001-exec-26] org.apache.jasper.servlet.TldScanner.scanJars At least one JAR was scanned for TLDs yet contained no TLDs. Enable debug logging for this logger for a complete list of JARs that were scanned but no TLDs were found in them. Skipping unneeded JARs during scanning can improve startup time and JSP compilation time.
01-Apr-2021 15:24:53.744 INFORMAÇÕES [http-nio-8001-exec-26] org.apache.catalina.core.StandardContext.reload Reloading Context with name [/tasks] is completed
01-Apr-2021 15:38:17.520 INFORMAÇÕES [http-nio-8001-exec-39] org.apache.catalina.startup.HostConfig.undeploy Undeploying context [/tasks]
01-Apr-2021 15:38:51.821 INFORMAÇÕES [http-nio-8001-exec-38] org.apache.catalina.startup.HostConfig.deployWAR Deploying web application archive [/home/adrieldev/CursosSplenda/arquitetura-infra/Curso 3 Jenkins/apache-tomcat-8.5.50/webapps/tasks.war]
01-Apr-2021 15:38:54.223 INFORMAÇÕES [http-nio-8001-exec-38] org.apache.jasper.servlet.TldScanner.scanJars At least one JAR was scanned for TLDs yet contained no TLDs. Enable debug logging for this logger for a complete list of JARs that were scanned but no TLDs were found in them. Skipping unneeded JARs during scanning can improve startup time and JSP compilation time.
01-Apr-2021 15:38:54.228 INFORMAÇÕES [http-nio-8001-exec-38] org.apache.catalina.startup.HostConfig.deployWAR Deployment of web application archive [/home/adrieldev/CursosSplenda/arquitetura-infra/Curso 3 Jenkins/apache-tomcat-8.5.50/webapps/tasks.war] has finished in [2,407] ms
01-Apr-2021 15:55:34.658 INFORMAÇÕES [main] org.apache.catalina.core.StandardServer.await A valid shutdown command was received via the shutdown port. Stopping the Server instance.
01-Apr-2021 15:55:34.659 INFORMAÇÕES [main] org.apache.coyote.AbstractProtocol.pause Pausing ProtocolHandler ["http-nio-8001"]
01-Apr-2021 15:55:34.666 INFORMAÇÕES [main] org.apache.coyote.AbstractProtocol.pause Pausing ProtocolHandler ["ajp-nio-8009"]
01-Apr-2021 15:55:34.672 INFORMAÇÕES [main] org.apache.catalina.core.StandardService.stopInternal Stopping service [Catalina]
01-Apr-2021 15:55:34.697 ADVERTÊNCIA [localhost-startStop-2] org.apache.catalina.loader.WebappClassLoaderBase.clearReferencesJdbc The web application [tasks-backend] registered the JDBC driver [org.postgresql.Driver] but failed to unregister it when the web application was stopped. To prevent a memory leak, the JDBC Driver has been forcibly unregistered.
01-Apr-2021 15:55:34.734 INFORMAÇÕES [main] org.apache.coyote.AbstractProtocol.stop Stopping ProtocolHandler ["http-nio-8001"]
01-Apr-2021 15:55:34.735 INFORMAÇÕES [main] org.apache.coyote.AbstractProtocol.stop Stopping ProtocolHandler ["ajp-nio-8009"]
01-Apr-2021 15:55:34.736 INFORMAÇÕES [main] org.apache.coyote.AbstractProtocol.destroy Destroying ProtocolHandler ["http-nio-8001"]
01-Apr-2021 15:55:34.737 INFORMAÇÕES [main] org.apache.coyote.AbstractProtocol.destroy Destroying ProtocolHandler ["ajp-nio-8009"]
01-Apr-2021 15:55:38.804 INFORMAÇÕES [main] org.apache.catalina.startup.VersionLoggerListener.log Server version name:   Apache Tomcat/8.5.50
01-Apr-2021 15:55:38.806 INFORMAÇÕES [main] org.apache.catalina.startup.VersionLoggerListener.log Server built:          Dec 7 2019 19:19:46 UTC
01-Apr-2021 15:55:38.806 INFORMAÇÕES [main] org.apache.catalina.startup.VersionLoggerListener.log Server version number: 8.5.50.0
01-Apr-2021 15:55:38.806 INFORMAÇÕES [main] org.apache.catalina.startup.VersionLoggerListener.log OS Name:               Linux
01-Apr-2021 15:55:38.806 INFORMAÇÕES [main] org.apache.catalina.startup.VersionLoggerListener.log OS Version:            5.11.10-200.fc33.x86_64
01-Apr-2021 15:55:38.806 INFORMAÇÕES [main] org.apache.catalina.startup.VersionLoggerListener.log Architecture:          amd64
01-Apr-2021 15:55:38.806 INFORMAÇÕES [main] org.apache.catalina.startup.VersionLoggerListener.log Java Home:             /usr/java/jdk1.8.0_281-amd64/jre
01-Apr-2021 15:55:38.807 INFORMAÇÕES [main] org.apache.catalina.startup.VersionLoggerListener.log JVM Version:           1.8.0_281-b09
01-Apr-2021 15:55:38.807 INFORMAÇÕES [main] org.apache.catalina.startup.VersionLoggerListener.log JVM Vendor:            Oracle Corporation
01-Apr-2021 15:55:38.807 INFORMAÇÕES [main] org.apache.catalina.startup.VersionLoggerListener.log CATALINA_BASE:         /home/adrieldev/CursosSplenda/arquitetura-infra/Curso 3 Jenkins/apache-tomcat-8.5.50
01-Apr-2021 15:55:38.807 INFORMAÇÕES [main] org.apache.catalina.startup.VersionLoggerListener.log CATALINA_HOME:         /home/adrieldev/CursosSplenda/arquitetura-infra/Curso 3 Jenkins/apache-tomcat-8.5.50
01-Apr-2021 15:55:38.807 INFORMAÇÕES [main] org.apache.catalina.startup.VersionLoggerListener.log Command line argument: -Djava.util.logging.config.file=/home/adrieldev/CursosSplenda/arquitetura-infra/Curso 3 Jenkins/apache-tomcat-8.5.50/conf/logging.properties
01-Apr-2021 15:55:38.807 INFORMAÇÕES [main] org.apache.catalina.startup.VersionLoggerListener.log Command line argument: -Djava.util.logging.manager=org.apache.juli.ClassLoaderLogManager
01-Apr-2021 15:55:38.807 INFORMAÇÕES [main] org.apache.catalina.startup.VersionLoggerListener.log Command line argument: -Djdk.tls.ephemeralDHKeySize=2048
01-Apr-2021 15:55:38.808 INFORMAÇÕES [main] org.apache.catalina.startup.VersionLoggerListener.log Command line argument: -Djava.protocol.handler.pkgs=org.apache.catalina.webresources
01-Apr-2021 15:55:38.808 INFORMAÇÕES [main] org.apache.catalina.startup.VersionLoggerListener.log Command line argument: -Dorg.apache.catalina.security.SecurityListener.UMASK=0027
01-Apr-2021 15:55:38.808 INFORMAÇÕES [main] org.apache.catalina.startup.VersionLoggerListener.log Command line argument: -Dignore.endorsed.dirs=
01-Apr-2021 15:55:38.808 INFORMAÇÕES [main] org.apache.catalina.startup.VersionLoggerListener.log Command line argument: -Dcatalina.base=/home/adrieldev/CursosSplenda/arquitetura-infra/Curso 3 Jenkins/apache-tomcat-8.5.50
01-Apr-2021 15:55:38.808 INFORMAÇÕES [main] org.apache.catalina.startup.VersionLoggerListener.log Command line argument: -Dcatalina.home=/home/adrieldev/CursosSplenda/arquitetura-infra/Curso 3 Jenkins/apache-tomcat-8.5.50
01-Apr-2021 15:55:38.808 INFORMAÇÕES [main] org.apache.catalina.startup.VersionLoggerListener.log Command line argument: -Djava.io.tmpdir=/home/adrieldev/CursosSplenda/arquitetura-infra/Curso 3 Jenkins/apache-tomcat-8.5.50/temp
01-Apr-2021 15:55:38.808 INFORMAÇÕES [main] org.apache.catalina.core.AprLifecycleListener.lifecycleEvent The APR based Apache Tomcat Native library which allows optimal performance in production environments was not found on the java.library.path: [/usr/java/packages/lib/amd64:/usr/lib64:/lib64:/lib:/usr/lib]
01-Apr-2021 15:55:38.907 INFORMAÇÕES [main] org.apache.coyote.AbstractProtocol.init Initializing ProtocolHandler ["http-nio-8001"]
01-Apr-2021 15:55:38.916 INFORMAÇÕES [main] org.apache.tomcat.util.net.NioSelectorPool.getSharedSelector Using a shared selector for servlet write/read
01-Apr-2021 15:55:38.927 INFORMAÇÕES [main] org.apache.coyote.AbstractProtocol.init Initializing ProtocolHandler ["ajp-nio-8009"]
01-Apr-2021 15:55:38.929 INFORMAÇÕES [main] org.apache.tomcat.util.net.NioSelectorPool.getSharedSelector Using a shared selector for servlet write/read
01-Apr-2021 15:55:38.929 INFORMAÇÕES [main] org.apache.catalina.startup.Catalina.load Initialization processed in 429 ms
01-Apr-2021 15:55:38.956 INFORMAÇÕES [main] org.apache.catalina.core.StandardService.startInternal Starting service [Catalina]
01-Apr-2021 15:55:38.957 INFORMAÇÕES [main] org.apache.catalina.core.StandardEngine.startInternal Starting Servlet Engine: Apache Tomcat/8.5.50
01-Apr-2021 15:55:38.971 INFORMAÇÕES [localhost-startStop-1] org.apache.catalina.startup.HostConfig.deployWAR Deploying web application archive [/home/adrieldev/CursosSplenda/arquitetura-infra/Curso 3 Jenkins/apache-tomcat-8.5.50/webapps/tasks-backend.war]
01-Apr-2021 15:55:44.789 INFORMAÇÕES [localhost-startStop-1] org.apache.jasper.servlet.TldScanner.scanJars At least one JAR was scanned for TLDs yet contained no TLDs. Enable debug logging for this logger for a complete list of JARs that were scanned but no TLDs were found in them. Skipping unneeded JARs during scanning can improve startup time and JSP compilation time.
01-Apr-2021 15:55:44.952 INFORMAÇÕES [localhost-startStop-1] org.apache.catalina.startup.HostConfig.deployWAR Deployment of web application archive [/home/adrieldev/CursosSplenda/arquitetura-infra/Curso 3 Jenkins/apache-tomcat-8.5.50/webapps/tasks-backend.war] has finished in [5,981] ms
01-Apr-2021 15:55:44.953 INFORMAÇÕES [localhost-startStop-1] org.apache.catalina.startup.HostConfig.deployWAR Deploying web application archive [/home/adrieldev/CursosSplenda/arquitetura-infra/Curso 3 Jenkins/apache-tomcat-8.5.50/webapps/tasks.war]
01-Apr-2021 15:55:47.712 INFORMAÇÕES [localhost-startStop-1] org.apache.jasper.servlet.TldScanner.scanJars At least one JAR was scanned for TLDs yet contained no TLDs. Enable debug logging for this logger for a complete list of JARs that were scanned but no TLDs were found in them. Skipping unneeded JARs during scanning can improve startup time and JSP compilation time.
01-Apr-2021 15:55:47.719 INFORMAÇÕES [localhost-startStop-1] org.apache.catalina.startup.HostConfig.deployWAR Deployment of web application archive [/home/adrieldev/CursosSplenda/arquitetura-infra/Curso 3 Jenkins/apache-tomcat-8.5.50/webapps/tasks.war] has finished in [2,765] ms
01-Apr-2021 15:55:47.719 INFORMAÇÕES [localhost-startStop-1] org.apache.catalina.startup.HostConfig.deployDirectory Deploying web application directory [/home/adrieldev/CursosSplenda/arquitetura-infra/Curso 3 Jenkins/apache-tomcat-8.5.50/webapps/ROOT]
01-Apr-2021 15:55:47.735 INFORMAÇÕES [localhost-startStop-1] org.apache.catalina.startup.HostConfig.deployDirectory Deployment of web application directory [/home/adrieldev/CursosSplenda/arquitetura-infra/Curso 3 Jenkins/apache-tomcat-8.5.50/webapps/ROOT] has finished in [16] ms
01-Apr-2021 15:55:47.735 INFORMAÇÕES [localhost-startStop-1] org.apache.catalina.startup.HostConfig.deployDirectory Deploying web application directory [/home/adrieldev/CursosSplenda/arquitetura-infra/Curso 3 Jenkins/apache-tomcat-8.5.50/webapps/docs]
01-Apr-2021 15:55:47.751 INFORMAÇÕES [localhost-startStop-1] org.apache.catalina.startup.HostConfig.deployDirectory Deployment of web application directory [/home/adrieldev/CursosSplenda/arquitetura-infra/Curso 3 Jenkins/apache-tomcat-8.5.50/webapps/docs] has finished in [15] ms
01-Apr-2021 15:55:47.751 INFORMAÇÕES [localhost-startStop-1] org.apache.catalina.startup.HostConfig.deployDirectory Deploying web application directory [/home/adrieldev/CursosSplenda/arquitetura-infra/Curso 3 Jenkins/apache-tomcat-8.5.50/webapps/examples]
01-Apr-2021 15:55:47.930 INFORMAÇÕES [localhost-startStop-1] org.apache.catalina.startup.HostConfig.deployDirectory Deployment of web application directory [/home/adrieldev/CursosSplenda/arquitetura-infra/Curso 3 Jenkins/apache-tomcat-8.5.50/webapps/examples] has finished in [179] ms
01-Apr-2021 15:55:47.930 INFORMAÇÕES [localhost-startStop-1] org.apache.catalina.startup.HostConfig.deployDirectory Deploying web application directory [/home/adrieldev/CursosSplenda/arquitetura-infra/Curso 3 Jenkins/apache-tomcat-8.5.50/webapps/host-manager]
01-Apr-2021 15:55:47.951 INFORMAÇÕES [localhost-startStop-1] org.apache.catalina.startup.HostConfig.deployDirectory Deployment of web application directory [/home/adrieldev/CursosSplenda/arquitetura-infra/Curso 3 Jenkins/apache-tomcat-8.5.50/webapps/host-manager] has finished in [21] ms
01-Apr-2021 15:55:47.952 INFORMAÇÕES [localhost-startStop-1] org.apache.catalina.startup.HostConfig.deployDirectory Deploying web application directory [/home/adrieldev/CursosSplenda/arquitetura-infra/Curso 3 Jenkins/apache-tomcat-8.5.50/webapps/manager]
01-Apr-2021 15:55:47.985 INFORMAÇÕES [localhost-startStop-1] org.apache.catalina.startup.HostConfig.deployDirectory Deployment of web application directory [/home/adrieldev/CursosSplenda/arquitetura-infra/Curso 3 Jenkins/apache-tomcat-8.5.50/webapps/manager] has finished in [34] ms
01-Apr-2021 15:55:47.988 INFORMAÇÕES [main] org.apache.coyote.AbstractProtocol.start Starting ProtocolHandler ["http-nio-8001"]
01-Apr-2021 15:55:47.995 INFORMAÇÕES [main] org.apache.coyote.AbstractProtocol.start Starting ProtocolHandler ["ajp-nio-8009"]
01-Apr-2021 15:55:48.004 INFORMAÇÕES [main] org.apache.catalina.startup.Catalina.start Server startup in 9074 ms
01-Apr-2021 15:55:53.967 ADVERTÊNCIA [http-nio-8001-exec-3] org.apache.catalina.loader.WebappClassLoaderBase.clearReferencesJdbc The web application [tasks-backend] registered the JDBC driver [org.postgresql.Driver] but failed to unregister it when the web application was stopped. To prevent a memory leak, the JDBC Driver has been forcibly unregistered.
01-Apr-2021 15:55:54.513 INFORMAÇÕES [http-nio-8001-exec-3] org.apache.catalina.startup.HostConfig.undeploy Undeploying context [/tasks-backend]
01-Apr-2021 15:55:56.920 INFORMAÇÕES [http-nio-8001-exec-5] org.apache.catalina.startup.HostConfig.undeploy Undeploying context [/tasks]
01-Apr-2021 15:56:12.812 INFORMAÇÕES [http-nio-8001-exec-2] org.apache.catalina.startup.HostConfig.deployWAR Deploying web application archive [/home/adrieldev/CursosSplenda/arquitetura-infra/Curso 3 Jenkins/apache-tomcat-8.5.50/webapps/tasks-backend.war]
01-Apr-2021 15:56:17.854 INFORMAÇÕES [http-nio-8001-exec-2] org.apache.jasper.servlet.TldScanner.scanJars At least one JAR was scanned for TLDs yet contained no TLDs. Enable debug logging for this logger for a complete list of JARs that were scanned but no TLDs were found in them. Skipping unneeded JARs during scanning can improve startup time and JSP compilation time.
01-Apr-2021 15:56:17.862 INFORMAÇÕES [http-nio-8001-exec-2] org.apache.catalina.startup.HostConfig.deployWAR Deployment of web application archive [/home/adrieldev/CursosSplenda/arquitetura-infra/Curso 3 Jenkins/apache-tomcat-8.5.50/webapps/tasks-backend.war] has finished in [5,049] ms
01-Apr-2021 15:56:36.799 INFORMAÇÕES [http-nio-8001-exec-11] org.apache.catalina.startup.HostConfig.deployWAR Deploying web application archive [/home/adrieldev/CursosSplenda/arquitetura-infra/Curso 3 Jenkins/apache-tomcat-8.5.50/webapps/tasks.war]
01-Apr-2021 15:56:39.198 INFORMAÇÕES [http-nio-8001-exec-11] org.apache.jasper.servlet.TldScanner.scanJars At least one JAR was scanned for TLDs yet contained no TLDs. Enable debug logging for this logger for a complete list of JARs that were scanned but no TLDs were found in them. Skipping unneeded JARs during scanning can improve startup time and JSP compilation time.
01-Apr-2021 15:56:39.204 INFORMAÇÕES [http-nio-8001-exec-11] org.apache.catalina.startup.HostConfig.deployWAR Deployment of web application archive [/home/adrieldev/CursosSplenda/arquitetura-infra/Curso 3 Jenkins/apache-tomcat-8.5.50/webapps/tasks.war] has finished in [2,405] ms
