02-Apr-2021 08:15:17.568 INFORMAÇÕES [main] org.apache.catalina.startup.VersionLoggerListener.log Server version name:   Apache Tomcat/8.5.50
02-Apr-2021 08:15:17.595 INFORMAÇÕES [main] org.apache.catalina.startup.VersionLoggerListener.log Server built:          Dec 7 2019 19:19:46 UTC
02-Apr-2021 08:15:17.595 INFORMAÇÕES [main] org.apache.catalina.startup.VersionLoggerListener.log Server version number: 8.5.50.0
02-Apr-2021 08:15:17.595 INFORMAÇÕES [main] org.apache.catalina.startup.VersionLoggerListener.log OS Name:               Linux
02-Apr-2021 08:15:17.595 INFORMAÇÕES [main] org.apache.catalina.startup.VersionLoggerListener.log OS Version:            5.11.10-200.fc33.x86_64
02-Apr-2021 08:15:17.595 INFORMAÇÕES [main] org.apache.catalina.startup.VersionLoggerListener.log Architecture:          amd64
02-Apr-2021 08:15:17.595 INFORMAÇÕES [main] org.apache.catalina.startup.VersionLoggerListener.log Java Home:             /usr/java/jdk1.8.0_281-amd64/jre
02-Apr-2021 08:15:17.595 INFORMAÇÕES [main] org.apache.catalina.startup.VersionLoggerListener.log JVM Version:           1.8.0_281-b09
02-Apr-2021 08:15:17.596 INFORMAÇÕES [main] org.apache.catalina.startup.VersionLoggerListener.log JVM Vendor:            Oracle Corporation
02-Apr-2021 08:15:17.596 INFORMAÇÕES [main] org.apache.catalina.startup.VersionLoggerListener.log CATALINA_BASE:         /home/adrieldev/CursosSplenda/arquitetura-infra/Curso 3 Jenkins/apache-tomcat-8.5.50
02-Apr-2021 08:15:17.596 INFORMAÇÕES [main] org.apache.catalina.startup.VersionLoggerListener.log CATALINA_HOME:         /home/adrieldev/CursosSplenda/arquitetura-infra/Curso 3 Jenkins/apache-tomcat-8.5.50
02-Apr-2021 08:15:17.596 INFORMAÇÕES [main] org.apache.catalina.startup.VersionLoggerListener.log Command line argument: -Djava.util.logging.config.file=/home/adrieldev/CursosSplenda/arquitetura-infra/Curso 3 Jenkins/apache-tomcat-8.5.50/conf/logging.properties
02-Apr-2021 08:15:17.596 INFORMAÇÕES [main] org.apache.catalina.startup.VersionLoggerListener.log Command line argument: -Djava.util.logging.manager=org.apache.juli.ClassLoaderLogManager
02-Apr-2021 08:15:17.596 INFORMAÇÕES [main] org.apache.catalina.startup.VersionLoggerListener.log Command line argument: -Djdk.tls.ephemeralDHKeySize=2048
02-Apr-2021 08:15:17.597 INFORMAÇÕES [main] org.apache.catalina.startup.VersionLoggerListener.log Command line argument: -Djava.protocol.handler.pkgs=org.apache.catalina.webresources
02-Apr-2021 08:15:17.597 INFORMAÇÕES [main] org.apache.catalina.startup.VersionLoggerListener.log Command line argument: -Dorg.apache.catalina.security.SecurityListener.UMASK=0027
02-Apr-2021 08:15:17.597 INFORMAÇÕES [main] org.apache.catalina.startup.VersionLoggerListener.log Command line argument: -Dignore.endorsed.dirs=
02-Apr-2021 08:15:17.597 INFORMAÇÕES [main] org.apache.catalina.startup.VersionLoggerListener.log Command line argument: -Dcatalina.base=/home/adrieldev/CursosSplenda/arquitetura-infra/Curso 3 Jenkins/apache-tomcat-8.5.50
02-Apr-2021 08:15:17.597 INFORMAÇÕES [main] org.apache.catalina.startup.VersionLoggerListener.log Command line argument: -Dcatalina.home=/home/adrieldev/CursosSplenda/arquitetura-infra/Curso 3 Jenkins/apache-tomcat-8.5.50
02-Apr-2021 08:15:17.597 INFORMAÇÕES [main] org.apache.catalina.startup.VersionLoggerListener.log Command line argument: -Djava.io.tmpdir=/home/adrieldev/CursosSplenda/arquitetura-infra/Curso 3 Jenkins/apache-tomcat-8.5.50/temp
02-Apr-2021 08:15:17.597 INFORMAÇÕES [main] org.apache.catalina.core.AprLifecycleListener.lifecycleEvent The APR based Apache Tomcat Native library which allows optimal performance in production environments was not found on the java.library.path: [/usr/java/packages/lib/amd64:/usr/lib64:/lib64:/lib:/usr/lib]
02-Apr-2021 08:15:17.901 INFORMAÇÕES [main] org.apache.coyote.AbstractProtocol.init Initializing ProtocolHandler ["http-nio-8001"]
02-Apr-2021 08:15:17.925 INFORMAÇÕES [main] org.apache.tomcat.util.net.NioSelectorPool.getSharedSelector Using a shared selector for servlet write/read
02-Apr-2021 08:15:17.942 INFORMAÇÕES [main] org.apache.coyote.AbstractProtocol.init Initializing ProtocolHandler ["ajp-nio-8009"]
02-Apr-2021 08:15:17.943 INFORMAÇÕES [main] org.apache.tomcat.util.net.NioSelectorPool.getSharedSelector Using a shared selector for servlet write/read
02-Apr-2021 08:15:17.944 INFORMAÇÕES [main] org.apache.catalina.startup.Catalina.load Initialization processed in 1037 ms
02-Apr-2021 08:15:17.995 INFORMAÇÕES [main] org.apache.catalina.core.StandardService.startInternal Starting service [Catalina]
02-Apr-2021 08:15:17.995 INFORMAÇÕES [main] org.apache.catalina.core.StandardEngine.startInternal Starting Servlet Engine: Apache Tomcat/8.5.50
02-Apr-2021 08:15:18.046 INFORMAÇÕES [localhost-startStop-1] org.apache.catalina.startup.HostConfig.deployWAR Deploying web application archive [/home/adrieldev/CursosSplenda/arquitetura-infra/Curso 3 Jenkins/apache-tomcat-8.5.50/webapps/tasks-backend.war]
02-Apr-2021 08:15:23.958 INFORMAÇÕES [localhost-startStop-1] org.apache.jasper.servlet.TldScanner.scanJars At least one JAR was scanned for TLDs yet contained no TLDs. Enable debug logging for this logger for a complete list of JARs that were scanned but no TLDs were found in them. Skipping unneeded JARs during scanning can improve startup time and JSP compilation time.
02-Apr-2021 08:15:24.159 ADVERTÊNCIA [localhost-startStop-1] org.apache.catalina.util.SessionIdGeneratorBase.createSecureRandom Creation of SecureRandom instance for session ID generation using [SHA1PRNG] took [182] milliseconds.
02-Apr-2021 08:15:24.177 INFORMAÇÕES [localhost-startStop-1] org.apache.catalina.startup.HostConfig.deployWAR Deployment of web application archive [/home/adrieldev/CursosSplenda/arquitetura-infra/Curso 3 Jenkins/apache-tomcat-8.5.50/webapps/tasks-backend.war] has finished in [6,130] ms
02-Apr-2021 08:15:24.190 INFORMAÇÕES [localhost-startStop-1] org.apache.catalina.startup.HostConfig.deployWAR Deploying web application archive [/home/adrieldev/CursosSplenda/arquitetura-infra/Curso 3 Jenkins/apache-tomcat-8.5.50/webapps/tasks.war]
02-Apr-2021 08:15:26.887 INFORMAÇÕES [localhost-startStop-1] org.apache.jasper.servlet.TldScanner.scanJars At least one JAR was scanned for TLDs yet contained no TLDs. Enable debug logging for this logger for a complete list of JARs that were scanned but no TLDs were found in them. Skipping unneeded JARs during scanning can improve startup time and JSP compilation time.
02-Apr-2021 08:15:26.891 INFORMAÇÕES [localhost-startStop-1] org.apache.catalina.startup.HostConfig.deployWAR Deployment of web application archive [/home/adrieldev/CursosSplenda/arquitetura-infra/Curso 3 Jenkins/apache-tomcat-8.5.50/webapps/tasks.war] has finished in [2,701] ms
02-Apr-2021 08:15:26.892 INFORMAÇÕES [localhost-startStop-1] org.apache.catalina.startup.HostConfig.deployDirectory Deploying web application directory [/home/adrieldev/CursosSplenda/arquitetura-infra/Curso 3 Jenkins/apache-tomcat-8.5.50/webapps/ROOT]
02-Apr-2021 08:15:26.920 INFORMAÇÕES [localhost-startStop-1] org.apache.catalina.startup.HostConfig.deployDirectory Deployment of web application directory [/home/adrieldev/CursosSplenda/arquitetura-infra/Curso 3 Jenkins/apache-tomcat-8.5.50/webapps/ROOT] has finished in [28] ms
02-Apr-2021 08:15:26.920 INFORMAÇÕES [localhost-startStop-1] org.apache.catalina.startup.HostConfig.deployDirectory Deploying web application directory [/home/adrieldev/CursosSplenda/arquitetura-infra/Curso 3 Jenkins/apache-tomcat-8.5.50/webapps/docs]
02-Apr-2021 08:15:26.931 INFORMAÇÕES [localhost-startStop-1] org.apache.catalina.startup.HostConfig.deployDirectory Deployment of web application directory [/home/adrieldev/CursosSplenda/arquitetura-infra/Curso 3 Jenkins/apache-tomcat-8.5.50/webapps/docs] has finished in [11] ms
02-Apr-2021 08:15:26.931 INFORMAÇÕES [localhost-startStop-1] org.apache.catalina.startup.HostConfig.deployDirectory Deploying web application directory [/home/adrieldev/CursosSplenda/arquitetura-infra/Curso 3 Jenkins/apache-tomcat-8.5.50/webapps/examples]
02-Apr-2021 08:15:27.085 INFORMAÇÕES [localhost-startStop-1] org.apache.catalina.startup.HostConfig.deployDirectory Deployment of web application directory [/home/adrieldev/CursosSplenda/arquitetura-infra/Curso 3 Jenkins/apache-tomcat-8.5.50/webapps/examples] has finished in [154] ms
02-Apr-2021 08:15:27.086 INFORMAÇÕES [localhost-startStop-1] org.apache.catalina.startup.HostConfig.deployDirectory Deploying web application directory [/home/adrieldev/CursosSplenda/arquitetura-infra/Curso 3 Jenkins/apache-tomcat-8.5.50/webapps/host-manager]
02-Apr-2021 08:15:27.103 INFORMAÇÕES [localhost-startStop-1] org.apache.catalina.startup.HostConfig.deployDirectory Deployment of web application directory [/home/adrieldev/CursosSplenda/arquitetura-infra/Curso 3 Jenkins/apache-tomcat-8.5.50/webapps/host-manager] has finished in [17] ms
02-Apr-2021 08:15:27.103 INFORMAÇÕES [localhost-startStop-1] org.apache.catalina.startup.HostConfig.deployDirectory Deploying web application directory [/home/adrieldev/CursosSplenda/arquitetura-infra/Curso 3 Jenkins/apache-tomcat-8.5.50/webapps/manager]
02-Apr-2021 08:15:27.115 INFORMAÇÕES [localhost-startStop-1] org.apache.catalina.startup.HostConfig.deployDirectory Deployment of web application directory [/home/adrieldev/CursosSplenda/arquitetura-infra/Curso 3 Jenkins/apache-tomcat-8.5.50/webapps/manager] has finished in [12] ms
02-Apr-2021 08:15:27.118 INFORMAÇÕES [main] org.apache.coyote.AbstractProtocol.start Starting ProtocolHandler ["http-nio-8001"]
02-Apr-2021 08:15:27.124 INFORMAÇÕES [main] org.apache.coyote.AbstractProtocol.start Starting ProtocolHandler ["ajp-nio-8009"]
02-Apr-2021 08:15:27.126 INFORMAÇÕES [main] org.apache.catalina.startup.Catalina.start Server startup in 9181 ms
02-Apr-2021 08:53:15.848 ADVERTÊNCIA [http-nio-8001-exec-1] org.apache.catalina.loader.WebappClassLoaderBase.clearReferencesJdbc The web application [tasks-backend] registered the JDBC driver [org.postgresql.Driver] but failed to unregister it when the web application was stopped. To prevent a memory leak, the JDBC Driver has been forcibly unregistered.
02-Apr-2021 08:53:16.370 INFORMAÇÕES [http-nio-8001-exec-1] org.apache.catalina.startup.HostConfig.undeploy Undeploying context [/tasks-backend]
02-Apr-2021 08:53:36.303 INFORMAÇÕES [http-nio-8001-exec-2] org.apache.catalina.startup.HostConfig.deployWAR Deploying web application archive [/home/adrieldev/CursosSplenda/arquitetura-infra/Curso 3 Jenkins/apache-tomcat-8.5.50/webapps/tasks-backend.war]
02-Apr-2021 08:53:41.196 INFORMAÇÕES [http-nio-8001-exec-2] org.apache.jasper.servlet.TldScanner.scanJars At least one JAR was scanned for TLDs yet contained no TLDs. Enable debug logging for this logger for a complete list of JARs that were scanned but no TLDs were found in them. Skipping unneeded JARs during scanning can improve startup time and JSP compilation time.
02-Apr-2021 08:53:41.205 INFORMAÇÕES [http-nio-8001-exec-2] org.apache.catalina.startup.HostConfig.deployWAR Deployment of web application archive [/home/adrieldev/CursosSplenda/arquitetura-infra/Curso 3 Jenkins/apache-tomcat-8.5.50/webapps/tasks-backend.war] has finished in [4,902] ms
02-Apr-2021 08:53:51.407 ADVERTÊNCIA [http-nio-8001-exec-3] org.apache.catalina.loader.WebappClassLoaderBase.clearReferencesJdbc The web application [tasks-backend] registered the JDBC driver [org.postgresql.Driver] but failed to unregister it when the web application was stopped. To prevent a memory leak, the JDBC Driver has been forcibly unregistered.
02-Apr-2021 08:53:51.928 INFORMAÇÕES [http-nio-8001-exec-3] org.apache.catalina.startup.HostConfig.undeploy Undeploying context [/tasks-backend]
02-Apr-2021 08:59:21.980 INFORMAÇÕES [http-nio-8001-exec-17] org.apache.catalina.startup.HostConfig.deployWAR Deploying web application archive [/home/adrieldev/CursosSplenda/arquitetura-infra/Curso 3 Jenkins/apache-tomcat-8.5.50/webapps/tasks-backend.war]
02-Apr-2021 08:59:26.717 INFORMAÇÕES [http-nio-8001-exec-17] org.apache.jasper.servlet.TldScanner.scanJars At least one JAR was scanned for TLDs yet contained no TLDs. Enable debug logging for this logger for a complete list of JARs that were scanned but no TLDs were found in them. Skipping unneeded JARs during scanning can improve startup time and JSP compilation time.
02-Apr-2021 08:59:26.725 INFORMAÇÕES [http-nio-8001-exec-17] org.apache.catalina.startup.HostConfig.deployWAR Deployment of web application archive [/home/adrieldev/CursosSplenda/arquitetura-infra/Curso 3 Jenkins/apache-tomcat-8.5.50/webapps/tasks-backend.war] has finished in [4,745] ms
02-Apr-2021 09:02:14.764 ADVERTÊNCIA [http-nio-8001-exec-23] org.apache.catalina.loader.WebappClassLoaderBase.clearReferencesJdbc The web application [tasks-backend] registered the JDBC driver [org.postgresql.Driver] but failed to unregister it when the web application was stopped. To prevent a memory leak, the JDBC Driver has been forcibly unregistered.
02-Apr-2021 09:02:15.282 INFORMAÇÕES [http-nio-8001-exec-23] org.apache.catalina.startup.HostConfig.undeploy Undeploying context [/tasks-backend]
02-Apr-2021 09:02:30.205 INFORMAÇÕES [http-nio-8001-exec-16] org.apache.catalina.startup.HostConfig.deployWAR Deploying web application archive [/home/adrieldev/CursosSplenda/arquitetura-infra/Curso 3 Jenkins/apache-tomcat-8.5.50/webapps/tasks-backend.war]
02-Apr-2021 09:02:35.089 INFORMAÇÕES [http-nio-8001-exec-16] org.apache.jasper.servlet.TldScanner.scanJars At least one JAR was scanned for TLDs yet contained no TLDs. Enable debug logging for this logger for a complete list of JARs that were scanned but no TLDs were found in them. Skipping unneeded JARs during scanning can improve startup time and JSP compilation time.
02-Apr-2021 09:02:35.094 INFORMAÇÕES [http-nio-8001-exec-16] org.apache.catalina.startup.HostConfig.deployWAR Deployment of web application archive [/home/adrieldev/CursosSplenda/arquitetura-infra/Curso 3 Jenkins/apache-tomcat-8.5.50/webapps/tasks-backend.war] has finished in [4,889] ms
02-Apr-2021 09:02:52.849 ADVERTÊNCIA [http-nio-8001-exec-19] org.apache.catalina.loader.WebappClassLoaderBase.clearReferencesJdbc The web application [tasks-backend] registered the JDBC driver [org.postgresql.Driver] but failed to unregister it when the web application was stopped. To prevent a memory leak, the JDBC Driver has been forcibly unregistered.
02-Apr-2021 09:02:53.373 INFORMAÇÕES [http-nio-8001-exec-19] org.apache.catalina.startup.HostConfig.undeploy Undeploying context [/tasks-backend]
02-Apr-2021 09:04:30.161 INFORMAÇÕES [http-nio-8001-exec-32] org.apache.catalina.startup.HostConfig.deployWAR Deploying web application archive [/home/adrieldev/CursosSplenda/arquitetura-infra/Curso 3 Jenkins/apache-tomcat-8.5.50/webapps/tasks-backend.war]
02-Apr-2021 09:04:34.801 INFORMAÇÕES [http-nio-8001-exec-32] org.apache.jasper.servlet.TldScanner.scanJars At least one JAR was scanned for TLDs yet contained no TLDs. Enable debug logging for this logger for a complete list of JARs that were scanned but no TLDs were found in them. Skipping unneeded JARs during scanning can improve startup time and JSP compilation time.
02-Apr-2021 09:04:34.807 INFORMAÇÕES [http-nio-8001-exec-32] org.apache.catalina.startup.HostConfig.deployWAR Deployment of web application archive [/home/adrieldev/CursosSplenda/arquitetura-infra/Curso 3 Jenkins/apache-tomcat-8.5.50/webapps/tasks-backend.war] has finished in [4,646] ms
02-Apr-2021 09:08:05.058 INFORMAÇÕES [http-nio-8001-exec-35] org.apache.catalina.startup.HostConfig.undeploy Undeploying context [/tasks]
02-Apr-2021 09:09:35.956 INFORMAÇÕES [http-nio-8001-exec-41] org.apache.catalina.startup.HostConfig.deployWAR Deploying web application archive [/home/adrieldev/CursosSplenda/arquitetura-infra/Curso 3 Jenkins/apache-tomcat-8.5.50/webapps/tasks.war]
02-Apr-2021 09:09:38.347 INFORMAÇÕES [http-nio-8001-exec-41] org.apache.jasper.servlet.TldScanner.scanJars At least one JAR was scanned for TLDs yet contained no TLDs. Enable debug logging for this logger for a complete list of JARs that were scanned but no TLDs were found in them. Skipping unneeded JARs during scanning can improve startup time and JSP compilation time.
02-Apr-2021 09:09:38.353 INFORMAÇÕES [http-nio-8001-exec-41] org.apache.catalina.startup.HostConfig.deployWAR Deployment of web application archive [/home/adrieldev/CursosSplenda/arquitetura-infra/Curso 3 Jenkins/apache-tomcat-8.5.50/webapps/tasks.war] has finished in [2,397] ms
02-Apr-2021 09:09:43.486 INFORMAÇÕES [http-nio-8001-exec-37] org.apache.catalina.startup.HostConfig.undeploy Undeploying context [/tasks]
02-Apr-2021 09:09:43.575 INFORMAÇÕES [http-nio-8001-exec-45] org.apache.catalina.startup.HostConfig.deployWAR Deploying web application archive [/home/adrieldev/CursosSplenda/arquitetura-infra/Curso 3 Jenkins/apache-tomcat-8.5.50/webapps/tasks.war]
02-Apr-2021 09:09:45.951 INFORMAÇÕES [http-nio-8001-exec-45] org.apache.jasper.servlet.TldScanner.scanJars At least one JAR was scanned for TLDs yet contained no TLDs. Enable debug logging for this logger for a complete list of JARs that were scanned but no TLDs were found in them. Skipping unneeded JARs during scanning can improve startup time and JSP compilation time.
02-Apr-2021 09:09:45.957 INFORMAÇÕES [http-nio-8001-exec-45] org.apache.catalina.startup.HostConfig.deployWAR Deployment of web application archive [/home/adrieldev/CursosSplenda/arquitetura-infra/Curso 3 Jenkins/apache-tomcat-8.5.50/webapps/tasks.war] has finished in [2,383] ms
02-Apr-2021 09:09:54.650 INFORMAÇÕES [http-nio-8001-exec-43] org.apache.catalina.startup.HostConfig.undeploy Undeploying context [/tasks]
02-Apr-2021 09:10:37.262 INFORMAÇÕES [http-nio-8001-exec-48] org.apache.catalina.startup.HostConfig.deployWAR Deploying web application archive [/home/adrieldev/CursosSplenda/arquitetura-infra/Curso 3 Jenkins/apache-tomcat-8.5.50/webapps/tasks.war]
02-Apr-2021 09:10:39.793 INFORMAÇÕES [http-nio-8001-exec-48] org.apache.jasper.servlet.TldScanner.scanJars At least one JAR was scanned for TLDs yet contained no TLDs. Enable debug logging for this logger for a complete list of JARs that were scanned but no TLDs were found in them. Skipping unneeded JARs during scanning can improve startup time and JSP compilation time.
02-Apr-2021 09:10:39.799 INFORMAÇÕES [http-nio-8001-exec-48] org.apache.catalina.startup.HostConfig.deployWAR Deployment of web application archive [/home/adrieldev/CursosSplenda/arquitetura-infra/Curso 3 Jenkins/apache-tomcat-8.5.50/webapps/tasks.war] has finished in [2,537] ms
02-Apr-2021 09:14:05.680 INFORMAÇÕES [http-nio-8001-exec-56] org.apache.catalina.startup.HostConfig.undeploy Undeploying context [/tasks]
02-Apr-2021 09:14:05.778 INFORMAÇÕES [http-nio-8001-exec-49] org.apache.catalina.startup.HostConfig.deployWAR Deploying web application archive [/home/adrieldev/CursosSplenda/arquitetura-infra/Curso 3 Jenkins/apache-tomcat-8.5.50/webapps/tasks.war]
02-Apr-2021 09:14:08.225 INFORMAÇÕES [http-nio-8001-exec-49] org.apache.jasper.servlet.TldScanner.scanJars At least one JAR was scanned for TLDs yet contained no TLDs. Enable debug logging for this logger for a complete list of JARs that were scanned but no TLDs were found in them. Skipping unneeded JARs during scanning can improve startup time and JSP compilation time.
02-Apr-2021 09:14:08.230 INFORMAÇÕES [http-nio-8001-exec-49] org.apache.catalina.startup.HostConfig.deployWAR Deployment of web application archive [/home/adrieldev/CursosSplenda/arquitetura-infra/Curso 3 Jenkins/apache-tomcat-8.5.50/webapps/tasks.war] has finished in [2,452] ms
02-Apr-2021 09:15:05.362 INFORMAÇÕES [http-nio-8001-exec-54] org.apache.catalina.startup.HostConfig.undeploy Undeploying context [/tasks]
02-Apr-2021 09:15:05.485 INFORMAÇÕES [http-nio-8001-exec-57] org.apache.catalina.startup.HostConfig.deployWAR Deploying web application archive [/home/adrieldev/CursosSplenda/arquitetura-infra/Curso 3 Jenkins/apache-tomcat-8.5.50/webapps/tasks.war]
02-Apr-2021 09:15:07.830 INFORMAÇÕES [http-nio-8001-exec-57] org.apache.jasper.servlet.TldScanner.scanJars At least one JAR was scanned for TLDs yet contained no TLDs. Enable debug logging for this logger for a complete list of JARs that were scanned but no TLDs were found in them. Skipping unneeded JARs during scanning can improve startup time and JSP compilation time.
02-Apr-2021 09:15:07.837 INFORMAÇÕES [http-nio-8001-exec-57] org.apache.catalina.startup.HostConfig.deployWAR Deployment of web application archive [/home/adrieldev/CursosSplenda/arquitetura-infra/Curso 3 Jenkins/apache-tomcat-8.5.50/webapps/tasks.war] has finished in [2,351] ms
02-Apr-2021 09:15:13.028 INFORMAÇÕES [http-nio-8001-exec-64] org.apache.catalina.startup.HostConfig.undeploy Undeploying context [/tasks]
02-Apr-2021 09:15:13.135 INFORMAÇÕES [http-nio-8001-exec-66] org.apache.catalina.startup.HostConfig.deployWAR Deploying web application archive [/home/adrieldev/CursosSplenda/arquitetura-infra/Curso 3 Jenkins/apache-tomcat-8.5.50/webapps/tasks.war]
02-Apr-2021 09:15:15.424 INFORMAÇÕES [http-nio-8001-exec-66] org.apache.jasper.servlet.TldScanner.scanJars At least one JAR was scanned for TLDs yet contained no TLDs. Enable debug logging for this logger for a complete list of JARs that were scanned but no TLDs were found in them. Skipping unneeded JARs during scanning can improve startup time and JSP compilation time.
02-Apr-2021 09:15:15.430 INFORMAÇÕES [http-nio-8001-exec-66] org.apache.catalina.startup.HostConfig.deployWAR Deployment of web application archive [/home/adrieldev/CursosSplenda/arquitetura-infra/Curso 3 Jenkins/apache-tomcat-8.5.50/webapps/tasks.war] has finished in [2,295] ms
02-Apr-2021 09:24:15.838 INFORMAÇÕES [http-nio-8001-exec-70] org.apache.catalina.startup.HostConfig.undeploy Undeploying context [/tasks]
02-Apr-2021 09:24:15.961 INFORMAÇÕES [http-nio-8001-exec-72] org.apache.catalina.startup.HostConfig.deployWAR Deploying web application archive [/home/adrieldev/CursosSplenda/arquitetura-infra/Curso 3 Jenkins/apache-tomcat-8.5.50/webapps/tasks.war]
02-Apr-2021 09:24:18.441 INFORMAÇÕES [http-nio-8001-exec-72] org.apache.jasper.servlet.TldScanner.scanJars At least one JAR was scanned for TLDs yet contained no TLDs. Enable debug logging for this logger for a complete list of JARs that were scanned but no TLDs were found in them. Skipping unneeded JARs during scanning can improve startup time and JSP compilation time.
02-Apr-2021 09:24:18.447 INFORMAÇÕES [http-nio-8001-exec-72] org.apache.catalina.startup.HostConfig.deployWAR Deployment of web application archive [/home/adrieldev/CursosSplenda/arquitetura-infra/Curso 3 Jenkins/apache-tomcat-8.5.50/webapps/tasks.war] has finished in [2,486] ms
02-Apr-2021 09:32:54.127 ADVERTÊNCIA [http-nio-8001-exec-80] org.apache.catalina.loader.WebappClassLoaderBase.clearReferencesJdbc The web application [tasks-backend] registered the JDBC driver [org.postgresql.Driver] but failed to unregister it when the web application was stopped. To prevent a memory leak, the JDBC Driver has been forcibly unregistered.
02-Apr-2021 09:32:54.640 INFORMAÇÕES [http-nio-8001-exec-80] org.apache.catalina.startup.HostConfig.undeploy Undeploying context [/tasks-backend]
02-Apr-2021 09:32:54.800 INFORMAÇÕES [http-nio-8001-exec-88] org.apache.catalina.startup.HostConfig.deployWAR Deploying web application archive [/home/adrieldev/CursosSplenda/arquitetura-infra/Curso 3 Jenkins/apache-tomcat-8.5.50/webapps/tasks-backend.war]
02-Apr-2021 09:32:59.362 INFORMAÇÕES [http-nio-8001-exec-88] org.apache.jasper.servlet.TldScanner.scanJars At least one JAR was scanned for TLDs yet contained no TLDs. Enable debug logging for this logger for a complete list of JARs that were scanned but no TLDs were found in them. Skipping unneeded JARs during scanning can improve startup time and JSP compilation time.
02-Apr-2021 09:32:59.369 INFORMAÇÕES [http-nio-8001-exec-88] org.apache.catalina.startup.HostConfig.deployWAR Deployment of web application archive [/home/adrieldev/CursosSplenda/arquitetura-infra/Curso 3 Jenkins/apache-tomcat-8.5.50/webapps/tasks-backend.war] has finished in [4,569] ms
02-Apr-2021 09:33:16.705 INFORMAÇÕES [http-nio-8001-exec-84] org.apache.catalina.startup.HostConfig.undeploy Undeploying context [/tasks]
02-Apr-2021 09:33:16.826 INFORMAÇÕES [http-nio-8001-exec-87] org.apache.catalina.startup.HostConfig.deployWAR Deploying web application archive [/home/adrieldev/CursosSplenda/arquitetura-infra/Curso 3 Jenkins/apache-tomcat-8.5.50/webapps/tasks.war]
02-Apr-2021 09:33:19.135 INFORMAÇÕES [http-nio-8001-exec-87] org.apache.jasper.servlet.TldScanner.scanJars At least one JAR was scanned for TLDs yet contained no TLDs. Enable debug logging for this logger for a complete list of JARs that were scanned but no TLDs were found in them. Skipping unneeded JARs during scanning can improve startup time and JSP compilation time.
02-Apr-2021 09:33:19.141 INFORMAÇÕES [http-nio-8001-exec-87] org.apache.catalina.startup.HostConfig.deployWAR Deployment of web application archive [/home/adrieldev/CursosSplenda/arquitetura-infra/Curso 3 Jenkins/apache-tomcat-8.5.50/webapps/tasks.war] has finished in [2,315] ms
02-Apr-2021 09:35:34.056 ADVERTÊNCIA [http-nio-8001-exec-93] org.apache.catalina.loader.WebappClassLoaderBase.clearReferencesJdbc The web application [tasks-backend] registered the JDBC driver [org.postgresql.Driver] but failed to unregister it when the web application was stopped. To prevent a memory leak, the JDBC Driver has been forcibly unregistered.
02-Apr-2021 09:35:34.577 INFORMAÇÕES [http-nio-8001-exec-93] org.apache.catalina.startup.HostConfig.undeploy Undeploying context [/tasks-backend]
02-Apr-2021 09:35:34.732 INFORMAÇÕES [http-nio-8001-exec-98] org.apache.catalina.startup.HostConfig.deployWAR Deploying web application archive [/home/adrieldev/CursosSplenda/arquitetura-infra/Curso 3 Jenkins/apache-tomcat-8.5.50/webapps/tasks-backend.war]
02-Apr-2021 09:35:39.236 INFORMAÇÕES [http-nio-8001-exec-98] org.apache.jasper.servlet.TldScanner.scanJars At least one JAR was scanned for TLDs yet contained no TLDs. Enable debug logging for this logger for a complete list of JARs that were scanned but no TLDs were found in them. Skipping unneeded JARs during scanning can improve startup time and JSP compilation time.
02-Apr-2021 09:35:39.242 INFORMAÇÕES [http-nio-8001-exec-98] org.apache.catalina.startup.HostConfig.deployWAR Deployment of web application archive [/home/adrieldev/CursosSplenda/arquitetura-infra/Curso 3 Jenkins/apache-tomcat-8.5.50/webapps/tasks-backend.war] has finished in [4,510] ms
02-Apr-2021 09:35:57.126 INFORMAÇÕES [http-nio-8001-exec-92] org.apache.catalina.startup.HostConfig.undeploy Undeploying context [/tasks]
02-Apr-2021 09:35:57.251 INFORMAÇÕES [http-nio-8001-exec-99] org.apache.catalina.startup.HostConfig.deployWAR Deploying web application archive [/home/adrieldev/CursosSplenda/arquitetura-infra/Curso 3 Jenkins/apache-tomcat-8.5.50/webapps/tasks.war]
02-Apr-2021 09:35:59.856 INFORMAÇÕES [http-nio-8001-exec-99] org.apache.jasper.servlet.TldScanner.scanJars At least one JAR was scanned for TLDs yet contained no TLDs. Enable debug logging for this logger for a complete list of JARs that were scanned but no TLDs were found in them. Skipping unneeded JARs during scanning can improve startup time and JSP compilation time.
02-Apr-2021 09:35:59.861 INFORMAÇÕES [http-nio-8001-exec-99] org.apache.catalina.startup.HostConfig.deployWAR Deployment of web application archive [/home/adrieldev/CursosSplenda/arquitetura-infra/Curso 3 Jenkins/apache-tomcat-8.5.50/webapps/tasks.war] has finished in [2,610] ms
