05-Apr-2021 08:01:13.591 INFORMAÇÕES [main] org.apache.catalina.startup.VersionLoggerListener.log Server version name:   Apache Tomcat/8.5.50
05-Apr-2021 08:01:13.632 INFORMAÇÕES [main] org.apache.catalina.startup.VersionLoggerListener.log Server built:          Dec 7 2019 19:19:46 UTC
05-Apr-2021 08:01:13.632 INFORMAÇÕES [main] org.apache.catalina.startup.VersionLoggerListener.log Server version number: 8.5.50.0
05-Apr-2021 08:01:13.632 INFORMAÇÕES [main] org.apache.catalina.startup.VersionLoggerListener.log OS Name:               Linux
05-Apr-2021 08:01:13.632 INFORMAÇÕES [main] org.apache.catalina.startup.VersionLoggerListener.log OS Version:            5.11.11-200.fc33.x86_64
05-Apr-2021 08:01:13.633 INFORMAÇÕES [main] org.apache.catalina.startup.VersionLoggerListener.log Architecture:          amd64
05-Apr-2021 08:01:13.633 INFORMAÇÕES [main] org.apache.catalina.startup.VersionLoggerListener.log Java Home:             /usr/java/jdk1.8.0_281-amd64/jre
05-Apr-2021 08:01:13.633 INFORMAÇÕES [main] org.apache.catalina.startup.VersionLoggerListener.log JVM Version:           1.8.0_281-b09
05-Apr-2021 08:01:13.633 INFORMAÇÕES [main] org.apache.catalina.startup.VersionLoggerListener.log JVM Vendor:            Oracle Corporation
05-Apr-2021 08:01:13.633 INFORMAÇÕES [main] org.apache.catalina.startup.VersionLoggerListener.log CATALINA_BASE:         /home/adrieldev/CursosSplenda/arquitetura-infra/Curso 3 Jenkins/apache-tomcat-8.5.50
05-Apr-2021 08:01:13.633 INFORMAÇÕES [main] org.apache.catalina.startup.VersionLoggerListener.log CATALINA_HOME:         /home/adrieldev/CursosSplenda/arquitetura-infra/Curso 3 Jenkins/apache-tomcat-8.5.50
05-Apr-2021 08:01:13.634 INFORMAÇÕES [main] org.apache.catalina.startup.VersionLoggerListener.log Command line argument: -Djava.util.logging.config.file=/home/adrieldev/CursosSplenda/arquitetura-infra/Curso 3 Jenkins/apache-tomcat-8.5.50/conf/logging.properties
05-Apr-2021 08:01:13.634 INFORMAÇÕES [main] org.apache.catalina.startup.VersionLoggerListener.log Command line argument: -Djava.util.logging.manager=org.apache.juli.ClassLoaderLogManager
05-Apr-2021 08:01:13.634 INFORMAÇÕES [main] org.apache.catalina.startup.VersionLoggerListener.log Command line argument: -Djdk.tls.ephemeralDHKeySize=2048
05-Apr-2021 08:01:13.634 INFORMAÇÕES [main] org.apache.catalina.startup.VersionLoggerListener.log Command line argument: -Djava.protocol.handler.pkgs=org.apache.catalina.webresources
05-Apr-2021 08:01:13.634 INFORMAÇÕES [main] org.apache.catalina.startup.VersionLoggerListener.log Command line argument: -Dorg.apache.catalina.security.SecurityListener.UMASK=0027
05-Apr-2021 08:01:13.634 INFORMAÇÕES [main] org.apache.catalina.startup.VersionLoggerListener.log Command line argument: -Dignore.endorsed.dirs=
05-Apr-2021 08:01:13.634 INFORMAÇÕES [main] org.apache.catalina.startup.VersionLoggerListener.log Command line argument: -Dcatalina.base=/home/adrieldev/CursosSplenda/arquitetura-infra/Curso 3 Jenkins/apache-tomcat-8.5.50
05-Apr-2021 08:01:13.635 INFORMAÇÕES [main] org.apache.catalina.startup.VersionLoggerListener.log Command line argument: -Dcatalina.home=/home/adrieldev/CursosSplenda/arquitetura-infra/Curso 3 Jenkins/apache-tomcat-8.5.50
05-Apr-2021 08:01:13.635 INFORMAÇÕES [main] org.apache.catalina.startup.VersionLoggerListener.log Command line argument: -Djava.io.tmpdir=/home/adrieldev/CursosSplenda/arquitetura-infra/Curso 3 Jenkins/apache-tomcat-8.5.50/temp
05-Apr-2021 08:01:13.635 INFORMAÇÕES [main] org.apache.catalina.core.AprLifecycleListener.lifecycleEvent The APR based Apache Tomcat Native library which allows optimal performance in production environments was not found on the java.library.path: [/usr/java/packages/lib/amd64:/usr/lib64:/lib64:/lib:/usr/lib]
05-Apr-2021 08:01:14.013 INFORMAÇÕES [main] org.apache.coyote.AbstractProtocol.init Initializing ProtocolHandler ["http-nio-8001"]
05-Apr-2021 08:01:14.037 INFORMAÇÕES [main] org.apache.tomcat.util.net.NioSelectorPool.getSharedSelector Using a shared selector for servlet write/read
05-Apr-2021 08:01:14.059 INFORMAÇÕES [main] org.apache.coyote.AbstractProtocol.init Initializing ProtocolHandler ["ajp-nio-8009"]
05-Apr-2021 08:01:14.060 INFORMAÇÕES [main] org.apache.tomcat.util.net.NioSelectorPool.getSharedSelector Using a shared selector for servlet write/read
05-Apr-2021 08:01:14.061 INFORMAÇÕES [main] org.apache.catalina.startup.Catalina.load Initialization processed in 1161 ms
05-Apr-2021 08:01:14.120 INFORMAÇÕES [main] org.apache.catalina.core.StandardService.startInternal Starting service [Catalina]
05-Apr-2021 08:01:14.120 INFORMAÇÕES [main] org.apache.catalina.core.StandardEngine.startInternal Starting Servlet Engine: Apache Tomcat/8.5.50
05-Apr-2021 08:01:14.173 INFORMAÇÕES [localhost-startStop-1] org.apache.catalina.startup.HostConfig.deployWAR Deploying web application archive [/home/adrieldev/CursosSplenda/arquitetura-infra/Curso 3 Jenkins/apache-tomcat-8.5.50/webapps/tasks-backend.war]
05-Apr-2021 08:01:20.388 INFORMAÇÕES [localhost-startStop-1] org.apache.jasper.servlet.TldScanner.scanJars At least one JAR was scanned for TLDs yet contained no TLDs. Enable debug logging for this logger for a complete list of JARs that were scanned but no TLDs were found in them. Skipping unneeded JARs during scanning can improve startup time and JSP compilation time.
05-Apr-2021 08:01:20.586 ADVERTÊNCIA [localhost-startStop-1] org.apache.catalina.util.SessionIdGeneratorBase.createSecureRandom Creation of SecureRandom instance for session ID generation using [SHA1PRNG] took [178] milliseconds.
05-Apr-2021 08:01:20.601 INFORMAÇÕES [localhost-startStop-1] org.apache.catalina.startup.HostConfig.deployWAR Deployment of web application archive [/home/adrieldev/CursosSplenda/arquitetura-infra/Curso 3 Jenkins/apache-tomcat-8.5.50/webapps/tasks-backend.war] has finished in [6,428] ms
05-Apr-2021 08:01:20.614 INFORMAÇÕES [localhost-startStop-1] org.apache.catalina.startup.HostConfig.deployWAR Deploying web application archive [/home/adrieldev/CursosSplenda/arquitetura-infra/Curso 3 Jenkins/apache-tomcat-8.5.50/webapps/tasks.war]
05-Apr-2021 08:01:23.295 INFORMAÇÕES [localhost-startStop-1] org.apache.jasper.servlet.TldScanner.scanJars At least one JAR was scanned for TLDs yet contained no TLDs. Enable debug logging for this logger for a complete list of JARs that were scanned but no TLDs were found in them. Skipping unneeded JARs during scanning can improve startup time and JSP compilation time.
05-Apr-2021 08:01:23.301 INFORMAÇÕES [localhost-startStop-1] org.apache.catalina.startup.HostConfig.deployWAR Deployment of web application archive [/home/adrieldev/CursosSplenda/arquitetura-infra/Curso 3 Jenkins/apache-tomcat-8.5.50/webapps/tasks.war] has finished in [2,687] ms
05-Apr-2021 08:01:23.301 INFORMAÇÕES [localhost-startStop-1] org.apache.catalina.startup.HostConfig.deployDirectory Deploying web application directory [/home/adrieldev/CursosSplenda/arquitetura-infra/Curso 3 Jenkins/apache-tomcat-8.5.50/webapps/ROOT]
05-Apr-2021 08:01:23.329 INFORMAÇÕES [localhost-startStop-1] org.apache.catalina.startup.HostConfig.deployDirectory Deployment of web application directory [/home/adrieldev/CursosSplenda/arquitetura-infra/Curso 3 Jenkins/apache-tomcat-8.5.50/webapps/ROOT] has finished in [28] ms
05-Apr-2021 08:01:23.329 INFORMAÇÕES [localhost-startStop-1] org.apache.catalina.startup.HostConfig.deployDirectory Deploying web application directory [/home/adrieldev/CursosSplenda/arquitetura-infra/Curso 3 Jenkins/apache-tomcat-8.5.50/webapps/docs]
05-Apr-2021 08:01:23.343 INFORMAÇÕES [localhost-startStop-1] org.apache.catalina.startup.HostConfig.deployDirectory Deployment of web application directory [/home/adrieldev/CursosSplenda/arquitetura-infra/Curso 3 Jenkins/apache-tomcat-8.5.50/webapps/docs] has finished in [14] ms
05-Apr-2021 08:01:23.343 INFORMAÇÕES [localhost-startStop-1] org.apache.catalina.startup.HostConfig.deployDirectory Deploying web application directory [/home/adrieldev/CursosSplenda/arquitetura-infra/Curso 3 Jenkins/apache-tomcat-8.5.50/webapps/examples]
05-Apr-2021 08:01:23.541 INFORMAÇÕES [localhost-startStop-1] org.apache.catalina.startup.HostConfig.deployDirectory Deployment of web application directory [/home/adrieldev/CursosSplenda/arquitetura-infra/Curso 3 Jenkins/apache-tomcat-8.5.50/webapps/examples] has finished in [197] ms
05-Apr-2021 08:01:23.541 INFORMAÇÕES [localhost-startStop-1] org.apache.catalina.startup.HostConfig.deployDirectory Deploying web application directory [/home/adrieldev/CursosSplenda/arquitetura-infra/Curso 3 Jenkins/apache-tomcat-8.5.50/webapps/host-manager]
05-Apr-2021 08:01:23.566 INFORMAÇÕES [localhost-startStop-1] org.apache.catalina.startup.HostConfig.deployDirectory Deployment of web application directory [/home/adrieldev/CursosSplenda/arquitetura-infra/Curso 3 Jenkins/apache-tomcat-8.5.50/webapps/host-manager] has finished in [24] ms
05-Apr-2021 08:01:23.566 INFORMAÇÕES [localhost-startStop-1] org.apache.catalina.startup.HostConfig.deployDirectory Deploying web application directory [/home/adrieldev/CursosSplenda/arquitetura-infra/Curso 3 Jenkins/apache-tomcat-8.5.50/webapps/manager]
05-Apr-2021 08:01:23.584 INFORMAÇÕES [localhost-startStop-1] org.apache.catalina.startup.HostConfig.deployDirectory Deployment of web application directory [/home/adrieldev/CursosSplenda/arquitetura-infra/Curso 3 Jenkins/apache-tomcat-8.5.50/webapps/manager] has finished in [18] ms
05-Apr-2021 08:01:23.587 INFORMAÇÕES [main] org.apache.coyote.AbstractProtocol.start Starting ProtocolHandler ["http-nio-8001"]
05-Apr-2021 08:01:23.594 INFORMAÇÕES [main] org.apache.coyote.AbstractProtocol.start Starting ProtocolHandler ["ajp-nio-8009"]
05-Apr-2021 08:01:23.595 INFORMAÇÕES [main] org.apache.catalina.startup.Catalina.start Server startup in 9534 ms
05-Apr-2021 09:22:02.628 ADVERTÊNCIA [http-nio-8001-exec-1] org.apache.catalina.loader.WebappClassLoaderBase.clearReferencesJdbc The web application [tasks-backend] registered the JDBC driver [org.postgresql.Driver] but failed to unregister it when the web application was stopped. To prevent a memory leak, the JDBC Driver has been forcibly unregistered.
05-Apr-2021 09:22:03.179 INFORMAÇÕES [http-nio-8001-exec-1] org.apache.catalina.startup.HostConfig.undeploy Undeploying context [/tasks-backend]
05-Apr-2021 09:22:03.478 INFORMAÇÕES [http-nio-8001-exec-7] org.apache.catalina.startup.HostConfig.deployWAR Deploying web application archive [/home/adrieldev/CursosSplenda/arquitetura-infra/Curso 3 Jenkins/apache-tomcat-8.5.50/webapps/tasks-backend.war]
05-Apr-2021 09:22:12.260 INFORMAÇÕES [http-nio-8001-exec-7] org.apache.jasper.servlet.TldScanner.scanJars At least one JAR was scanned for TLDs yet contained no TLDs. Enable debug logging for this logger for a complete list of JARs that were scanned but no TLDs were found in them. Skipping unneeded JARs during scanning can improve startup time and JSP compilation time.
05-Apr-2021 09:22:12.266 INFORMAÇÕES [http-nio-8001-exec-7] org.apache.catalina.startup.HostConfig.deployWAR Deployment of web application archive [/home/adrieldev/CursosSplenda/arquitetura-infra/Curso 3 Jenkins/apache-tomcat-8.5.50/webapps/tasks-backend.war] has finished in [8,788] ms
05-Apr-2021 09:22:29.248 INFORMAÇÕES [http-nio-8001-exec-3] org.apache.catalina.startup.HostConfig.undeploy Undeploying context [/tasks]
05-Apr-2021 09:22:29.365 INFORMAÇÕES [http-nio-8001-exec-8] org.apache.catalina.startup.HostConfig.deployWAR Deploying web application archive [/home/adrieldev/CursosSplenda/arquitetura-infra/Curso 3 Jenkins/apache-tomcat-8.5.50/webapps/tasks.war]
05-Apr-2021 09:22:32.071 INFORMAÇÕES [http-nio-8001-exec-8] org.apache.jasper.servlet.TldScanner.scanJars At least one JAR was scanned for TLDs yet contained no TLDs. Enable debug logging for this logger for a complete list of JARs that were scanned but no TLDs were found in them. Skipping unneeded JARs during scanning can improve startup time and JSP compilation time.
05-Apr-2021 09:22:32.076 INFORMAÇÕES [http-nio-8001-exec-8] org.apache.catalina.startup.HostConfig.deployWAR Deployment of web application archive [/home/adrieldev/CursosSplenda/arquitetura-infra/Curso 3 Jenkins/apache-tomcat-8.5.50/webapps/tasks.war] has finished in [2,711] ms
05-Apr-2021 09:27:17.608 ADVERTÊNCIA [http-nio-8001-exec-16] org.apache.catalina.loader.WebappClassLoaderBase.clearReferencesJdbc The web application [tasks-backend] registered the JDBC driver [org.postgresql.Driver] but failed to unregister it when the web application was stopped. To prevent a memory leak, the JDBC Driver has been forcibly unregistered.
05-Apr-2021 09:27:18.123 INFORMAÇÕES [http-nio-8001-exec-16] org.apache.catalina.startup.HostConfig.undeploy Undeploying context [/tasks-backend]
05-Apr-2021 09:27:18.338 INFORMAÇÕES [http-nio-8001-exec-15] org.apache.catalina.startup.HostConfig.deployWAR Deploying web application archive [/home/adrieldev/CursosSplenda/arquitetura-infra/Curso 3 Jenkins/apache-tomcat-8.5.50/webapps/tasks-backend.war]
05-Apr-2021 09:27:23.194 INFORMAÇÕES [http-nio-8001-exec-15] org.apache.jasper.servlet.TldScanner.scanJars At least one JAR was scanned for TLDs yet contained no TLDs. Enable debug logging for this logger for a complete list of JARs that were scanned but no TLDs were found in them. Skipping unneeded JARs during scanning can improve startup time and JSP compilation time.
05-Apr-2021 09:27:23.200 INFORMAÇÕES [http-nio-8001-exec-15] org.apache.catalina.startup.HostConfig.deployWAR Deployment of web application archive [/home/adrieldev/CursosSplenda/arquitetura-infra/Curso 3 Jenkins/apache-tomcat-8.5.50/webapps/tasks-backend.war] has finished in [4,862] ms
05-Apr-2021 09:27:37.168 INFORMAÇÕES [http-nio-8001-exec-18] org.apache.catalina.startup.HostConfig.undeploy Undeploying context [/tasks]
05-Apr-2021 09:27:37.300 INFORMAÇÕES [http-nio-8001-exec-3] org.apache.catalina.startup.HostConfig.deployWAR Deploying web application archive [/home/adrieldev/CursosSplenda/arquitetura-infra/Curso 3 Jenkins/apache-tomcat-8.5.50/webapps/tasks.war]
05-Apr-2021 09:27:39.536 INFORMAÇÕES [http-nio-8001-exec-3] org.apache.jasper.servlet.TldScanner.scanJars At least one JAR was scanned for TLDs yet contained no TLDs. Enable debug logging for this logger for a complete list of JARs that were scanned but no TLDs were found in them. Skipping unneeded JARs during scanning can improve startup time and JSP compilation time.
05-Apr-2021 09:27:39.540 INFORMAÇÕES [http-nio-8001-exec-3] org.apache.catalina.startup.HostConfig.deployWAR Deployment of web application archive [/home/adrieldev/CursosSplenda/arquitetura-infra/Curso 3 Jenkins/apache-tomcat-8.5.50/webapps/tasks.war] has finished in [2,241] ms
05-Apr-2021 09:31:34.866 ADVERTÊNCIA [http-nio-8001-exec-25] org.apache.catalina.loader.WebappClassLoaderBase.clearReferencesJdbc The web application [tasks-backend] registered the JDBC driver [org.postgresql.Driver] but failed to unregister it when the web application was stopped. To prevent a memory leak, the JDBC Driver has been forcibly unregistered.
05-Apr-2021 09:31:35.389 INFORMAÇÕES [http-nio-8001-exec-25] org.apache.catalina.startup.HostConfig.undeploy Undeploying context [/tasks-backend]
05-Apr-2021 09:31:35.592 INFORMAÇÕES [http-nio-8001-exec-26] org.apache.catalina.startup.HostConfig.deployWAR Deploying web application archive [/home/adrieldev/CursosSplenda/arquitetura-infra/Curso 3 Jenkins/apache-tomcat-8.5.50/webapps/tasks-backend.war]
05-Apr-2021 09:31:40.837 INFORMAÇÕES [http-nio-8001-exec-26] org.apache.jasper.servlet.TldScanner.scanJars At least one JAR was scanned for TLDs yet contained no TLDs. Enable debug logging for this logger for a complete list of JARs that were scanned but no TLDs were found in them. Skipping unneeded JARs during scanning can improve startup time and JSP compilation time.
05-Apr-2021 09:31:40.842 INFORMAÇÕES [http-nio-8001-exec-26] org.apache.catalina.startup.HostConfig.deployWAR Deployment of web application archive [/home/adrieldev/CursosSplenda/arquitetura-infra/Curso 3 Jenkins/apache-tomcat-8.5.50/webapps/tasks-backend.war] has finished in [5,250] ms
05-Apr-2021 09:31:51.919 INFORMAÇÕES [http-nio-8001-exec-24] org.apache.catalina.startup.HostConfig.undeploy Undeploying context [/tasks]
05-Apr-2021 09:31:52.024 INFORMAÇÕES [http-nio-8001-exec-18] org.apache.catalina.startup.HostConfig.deployWAR Deploying web application archive [/home/adrieldev/CursosSplenda/arquitetura-infra/Curso 3 Jenkins/apache-tomcat-8.5.50/webapps/tasks.war]
05-Apr-2021 09:31:54.394 INFORMAÇÕES [http-nio-8001-exec-18] org.apache.jasper.servlet.TldScanner.scanJars At least one JAR was scanned for TLDs yet contained no TLDs. Enable debug logging for this logger for a complete list of JARs that were scanned but no TLDs were found in them. Skipping unneeded JARs during scanning can improve startup time and JSP compilation time.
05-Apr-2021 09:31:54.401 INFORMAÇÕES [http-nio-8001-exec-18] org.apache.catalina.startup.HostConfig.deployWAR Deployment of web application archive [/home/adrieldev/CursosSplenda/arquitetura-infra/Curso 3 Jenkins/apache-tomcat-8.5.50/webapps/tasks.war] has finished in [2,378] ms
05-Apr-2021 10:40:19.547 ADVERTÊNCIA [http-nio-8001-exec-33] org.apache.catalina.loader.WebappClassLoaderBase.clearReferencesJdbc The web application [tasks-backend] registered the JDBC driver [org.postgresql.Driver] but failed to unregister it when the web application was stopped. To prevent a memory leak, the JDBC Driver has been forcibly unregistered.
05-Apr-2021 10:40:20.063 INFORMAÇÕES [http-nio-8001-exec-33] org.apache.catalina.startup.HostConfig.undeploy Undeploying context [/tasks-backend]
05-Apr-2021 10:40:20.229 INFORMAÇÕES [http-nio-8001-exec-36] org.apache.catalina.startup.HostConfig.deployWAR Deploying web application archive [/home/adrieldev/CursosSplenda/arquitetura-infra/Curso 3 Jenkins/apache-tomcat-8.5.50/webapps/tasks-backend.war]
05-Apr-2021 10:40:24.866 INFORMAÇÕES [http-nio-8001-exec-36] org.apache.jasper.servlet.TldScanner.scanJars At least one JAR was scanned for TLDs yet contained no TLDs. Enable debug logging for this logger for a complete list of JARs that were scanned but no TLDs were found in them. Skipping unneeded JARs during scanning can improve startup time and JSP compilation time.
05-Apr-2021 10:40:24.872 INFORMAÇÕES [http-nio-8001-exec-36] org.apache.catalina.startup.HostConfig.deployWAR Deployment of web application archive [/home/adrieldev/CursosSplenda/arquitetura-infra/Curso 3 Jenkins/apache-tomcat-8.5.50/webapps/tasks-backend.war] has finished in [4,643] ms
05-Apr-2021 10:40:38.825 INFORMAÇÕES [http-nio-8001-exec-31] org.apache.catalina.startup.HostConfig.undeploy Undeploying context [/tasks]
05-Apr-2021 10:40:38.953 INFORMAÇÕES [http-nio-8001-exec-34] org.apache.catalina.startup.HostConfig.deployWAR Deploying web application archive [/home/adrieldev/CursosSplenda/arquitetura-infra/Curso 3 Jenkins/apache-tomcat-8.5.50/webapps/tasks.war]
05-Apr-2021 10:40:41.562 INFORMAÇÕES [http-nio-8001-exec-34] org.apache.jasper.servlet.TldScanner.scanJars At least one JAR was scanned for TLDs yet contained no TLDs. Enable debug logging for this logger for a complete list of JARs that were scanned but no TLDs were found in them. Skipping unneeded JARs during scanning can improve startup time and JSP compilation time.
05-Apr-2021 10:40:41.567 INFORMAÇÕES [http-nio-8001-exec-34] org.apache.catalina.startup.HostConfig.deployWAR Deployment of web application archive [/home/adrieldev/CursosSplenda/arquitetura-infra/Curso 3 Jenkins/apache-tomcat-8.5.50/webapps/tasks.war] has finished in [2,614] ms
05-Apr-2021 10:42:56.357 ADVERTÊNCIA [http-nio-8001-exec-46] org.apache.catalina.loader.WebappClassLoaderBase.clearReferencesJdbc The web application [tasks-backend] registered the JDBC driver [org.postgresql.Driver] but failed to unregister it when the web application was stopped. To prevent a memory leak, the JDBC Driver has been forcibly unregistered.
05-Apr-2021 10:42:56.875 INFORMAÇÕES [http-nio-8001-exec-46] org.apache.catalina.startup.HostConfig.undeploy Undeploying context [/tasks-backend]
05-Apr-2021 10:42:57.040 INFORMAÇÕES [http-nio-8001-exec-44] org.apache.catalina.startup.HostConfig.deployWAR Deploying web application archive [/home/adrieldev/CursosSplenda/arquitetura-infra/Curso 3 Jenkins/apache-tomcat-8.5.50/webapps/tasks-backend.war]
05-Apr-2021 10:43:01.506 INFORMAÇÕES [http-nio-8001-exec-44] org.apache.jasper.servlet.TldScanner.scanJars At least one JAR was scanned for TLDs yet contained no TLDs. Enable debug logging for this logger for a complete list of JARs that were scanned but no TLDs were found in them. Skipping unneeded JARs during scanning can improve startup time and JSP compilation time.
05-Apr-2021 10:43:01.512 INFORMAÇÕES [http-nio-8001-exec-44] org.apache.catalina.startup.HostConfig.deployWAR Deployment of web application archive [/home/adrieldev/CursosSplenda/arquitetura-infra/Curso 3 Jenkins/apache-tomcat-8.5.50/webapps/tasks-backend.war] has finished in [4,472] ms
05-Apr-2021 10:43:17.302 INFORMAÇÕES [http-nio-8001-exec-31] org.apache.catalina.startup.HostConfig.undeploy Undeploying context [/tasks]
05-Apr-2021 10:43:17.431 INFORMAÇÕES [http-nio-8001-exec-40] org.apache.catalina.startup.HostConfig.deployWAR Deploying web application archive [/home/adrieldev/CursosSplenda/arquitetura-infra/Curso 3 Jenkins/apache-tomcat-8.5.50/webapps/tasks.war]
05-Apr-2021 10:43:19.549 INFORMAÇÕES [http-nio-8001-exec-40] org.apache.jasper.servlet.TldScanner.scanJars At least one JAR was scanned for TLDs yet contained no TLDs. Enable debug logging for this logger for a complete list of JARs that were scanned but no TLDs were found in them. Skipping unneeded JARs during scanning can improve startup time and JSP compilation time.
05-Apr-2021 10:43:19.554 INFORMAÇÕES [http-nio-8001-exec-40] org.apache.catalina.startup.HostConfig.deployWAR Deployment of web application archive [/home/adrieldev/CursosSplenda/arquitetura-infra/Curso 3 Jenkins/apache-tomcat-8.5.50/webapps/tasks.war] has finished in [2,123] ms
05-Apr-2021 10:48:21.375 ADVERTÊNCIA [http-nio-8001-exec-53] org.apache.catalina.loader.WebappClassLoaderBase.clearReferencesJdbc The web application [tasks-backend] registered the JDBC driver [org.postgresql.Driver] but failed to unregister it when the web application was stopped. To prevent a memory leak, the JDBC Driver has been forcibly unregistered.
05-Apr-2021 10:48:21.891 INFORMAÇÕES [http-nio-8001-exec-53] org.apache.catalina.startup.HostConfig.undeploy Undeploying context [/tasks-backend]
05-Apr-2021 10:48:22.098 INFORMAÇÕES [http-nio-8001-exec-51] org.apache.catalina.startup.HostConfig.deployWAR Deploying web application archive [/home/adrieldev/CursosSplenda/arquitetura-infra/Curso 3 Jenkins/apache-tomcat-8.5.50/webapps/tasks-backend.war]
05-Apr-2021 10:48:26.901 INFORMAÇÕES [http-nio-8001-exec-51] org.apache.jasper.servlet.TldScanner.scanJars At least one JAR was scanned for TLDs yet contained no TLDs. Enable debug logging for this logger for a complete list of JARs that were scanned but no TLDs were found in them. Skipping unneeded JARs during scanning can improve startup time and JSP compilation time.
05-Apr-2021 10:48:26.907 INFORMAÇÕES [http-nio-8001-exec-51] org.apache.catalina.startup.HostConfig.deployWAR Deployment of web application archive [/home/adrieldev/CursosSplenda/arquitetura-infra/Curso 3 Jenkins/apache-tomcat-8.5.50/webapps/tasks-backend.war] has finished in [4,809] ms
05-Apr-2021 10:48:42.623 INFORMAÇÕES [http-nio-8001-exec-57] org.apache.catalina.startup.HostConfig.undeploy Undeploying context [/tasks]
05-Apr-2021 10:48:42.743 INFORMAÇÕES [http-nio-8001-exec-54] org.apache.catalina.startup.HostConfig.deployWAR Deploying web application archive [/home/adrieldev/CursosSplenda/arquitetura-infra/Curso 3 Jenkins/apache-tomcat-8.5.50/webapps/tasks.war]
05-Apr-2021 10:48:44.917 INFORMAÇÕES [http-nio-8001-exec-54] org.apache.jasper.servlet.TldScanner.scanJars At least one JAR was scanned for TLDs yet contained no TLDs. Enable debug logging for this logger for a complete list of JARs that were scanned but no TLDs were found in them. Skipping unneeded JARs during scanning can improve startup time and JSP compilation time.
05-Apr-2021 10:48:44.921 INFORMAÇÕES [http-nio-8001-exec-54] org.apache.catalina.startup.HostConfig.deployWAR Deployment of web application archive [/home/adrieldev/CursosSplenda/arquitetura-infra/Curso 3 Jenkins/apache-tomcat-8.5.50/webapps/tasks.war] has finished in [2,178] ms
05-Apr-2021 11:09:56.444 ADVERTÊNCIA [http-nio-8001-exec-63] org.apache.catalina.loader.WebappClassLoaderBase.clearReferencesJdbc The web application [tasks-backend] registered the JDBC driver [org.postgresql.Driver] but failed to unregister it when the web application was stopped. To prevent a memory leak, the JDBC Driver has been forcibly unregistered.
05-Apr-2021 11:09:56.965 INFORMAÇÕES [http-nio-8001-exec-63] org.apache.catalina.startup.HostConfig.undeploy Undeploying context [/tasks-backend]
05-Apr-2021 11:09:57.153 INFORMAÇÕES [http-nio-8001-exec-66] org.apache.catalina.startup.HostConfig.deployWAR Deploying web application archive [/home/adrieldev/CursosSplenda/arquitetura-infra/Curso 3 Jenkins/apache-tomcat-8.5.50/webapps/tasks-backend.war]
05-Apr-2021 11:10:01.818 INFORMAÇÕES [http-nio-8001-exec-66] org.apache.jasper.servlet.TldScanner.scanJars At least one JAR was scanned for TLDs yet contained no TLDs. Enable debug logging for this logger for a complete list of JARs that were scanned but no TLDs were found in them. Skipping unneeded JARs during scanning can improve startup time and JSP compilation time.
05-Apr-2021 11:10:01.825 INFORMAÇÕES [http-nio-8001-exec-66] org.apache.catalina.startup.HostConfig.deployWAR Deployment of web application archive [/home/adrieldev/CursosSplenda/arquitetura-infra/Curso 3 Jenkins/apache-tomcat-8.5.50/webapps/tasks-backend.war] has finished in [4,673] ms
05-Apr-2021 11:10:22.513 INFORMAÇÕES [http-nio-8001-exec-68] org.apache.catalina.startup.HostConfig.undeploy Undeploying context [/tasks]
05-Apr-2021 11:10:22.609 INFORMAÇÕES [http-nio-8001-exec-67] org.apache.catalina.startup.HostConfig.deployWAR Deploying web application archive [/home/adrieldev/CursosSplenda/arquitetura-infra/Curso 3 Jenkins/apache-tomcat-8.5.50/webapps/tasks.war]
05-Apr-2021 11:10:25.346 INFORMAÇÕES [http-nio-8001-exec-67] org.apache.jasper.servlet.TldScanner.scanJars At least one JAR was scanned for TLDs yet contained no TLDs. Enable debug logging for this logger for a complete list of JARs that were scanned but no TLDs were found in them. Skipping unneeded JARs during scanning can improve startup time and JSP compilation time.
05-Apr-2021 11:10:25.353 INFORMAÇÕES [http-nio-8001-exec-67] org.apache.catalina.startup.HostConfig.deployWAR Deployment of web application archive [/home/adrieldev/CursosSplenda/arquitetura-infra/Curso 3 Jenkins/apache-tomcat-8.5.50/webapps/tasks.war] has finished in [2,743] ms
05-Apr-2021 11:18:32.471 ADVERTÊNCIA [http-nio-8001-exec-76] org.apache.catalina.loader.WebappClassLoaderBase.clearReferencesJdbc The web application [tasks-backend] registered the JDBC driver [org.postgresql.Driver] but failed to unregister it when the web application was stopped. To prevent a memory leak, the JDBC Driver has been forcibly unregistered.
05-Apr-2021 11:18:32.982 INFORMAÇÕES [http-nio-8001-exec-76] org.apache.catalina.startup.HostConfig.undeploy Undeploying context [/tasks-backend]
05-Apr-2021 11:18:33.198 INFORMAÇÕES [http-nio-8001-exec-77] org.apache.catalina.startup.HostConfig.deployWAR Deploying web application archive [/home/adrieldev/CursosSplenda/arquitetura-infra/Curso 3 Jenkins/apache-tomcat-8.5.50/webapps/tasks-backend.war]
05-Apr-2021 11:18:39.529 INFORMAÇÕES [http-nio-8001-exec-77] org.apache.jasper.servlet.TldScanner.scanJars At least one JAR was scanned for TLDs yet contained no TLDs. Enable debug logging for this logger for a complete list of JARs that were scanned but no TLDs were found in them. Skipping unneeded JARs during scanning can improve startup time and JSP compilation time.
05-Apr-2021 11:18:39.536 INFORMAÇÕES [http-nio-8001-exec-77] org.apache.catalina.startup.HostConfig.deployWAR Deployment of web application archive [/home/adrieldev/CursosSplenda/arquitetura-infra/Curso 3 Jenkins/apache-tomcat-8.5.50/webapps/tasks-backend.war] has finished in [6,337] ms
05-Apr-2021 11:18:55.729 INFORMAÇÕES [http-nio-8001-exec-82] org.apache.catalina.startup.HostConfig.undeploy Undeploying context [/tasks]
05-Apr-2021 11:18:55.857 INFORMAÇÕES [http-nio-8001-exec-75] org.apache.catalina.startup.HostConfig.deployWAR Deploying web application archive [/home/adrieldev/CursosSplenda/arquitetura-infra/Curso 3 Jenkins/apache-tomcat-8.5.50/webapps/tasks.war]
05-Apr-2021 11:18:58.046 INFORMAÇÕES [http-nio-8001-exec-75] org.apache.jasper.servlet.TldScanner.scanJars At least one JAR was scanned for TLDs yet contained no TLDs. Enable debug logging for this logger for a complete list of JARs that were scanned but no TLDs were found in them. Skipping unneeded JARs during scanning can improve startup time and JSP compilation time.
05-Apr-2021 11:18:58.052 INFORMAÇÕES [http-nio-8001-exec-75] org.apache.catalina.startup.HostConfig.deployWAR Deployment of web application archive [/home/adrieldev/CursosSplenda/arquitetura-infra/Curso 3 Jenkins/apache-tomcat-8.5.50/webapps/tasks.war] has finished in [2,194] ms
05-Apr-2021 11:20:51.060 ADVERTÊNCIA [http-nio-8001-exec-85] org.apache.catalina.loader.WebappClassLoaderBase.clearReferencesJdbc The web application [tasks-backend] registered the JDBC driver [org.postgresql.Driver] but failed to unregister it when the web application was stopped. To prevent a memory leak, the JDBC Driver has been forcibly unregistered.
05-Apr-2021 11:20:51.578 INFORMAÇÕES [http-nio-8001-exec-85] org.apache.catalina.startup.HostConfig.undeploy Undeploying context [/tasks-backend]
05-Apr-2021 11:20:51.747 INFORMAÇÕES [http-nio-8001-exec-79] org.apache.catalina.startup.HostConfig.deployWAR Deploying web application archive [/home/adrieldev/CursosSplenda/arquitetura-infra/Curso 3 Jenkins/apache-tomcat-8.5.50/webapps/tasks-backend.war]
05-Apr-2021 11:20:56.392 INFORMAÇÕES [http-nio-8001-exec-79] org.apache.jasper.servlet.TldScanner.scanJars At least one JAR was scanned for TLDs yet contained no TLDs. Enable debug logging for this logger for a complete list of JARs that were scanned but no TLDs were found in them. Skipping unneeded JARs during scanning can improve startup time and JSP compilation time.
05-Apr-2021 11:20:56.398 INFORMAÇÕES [http-nio-8001-exec-79] org.apache.catalina.startup.HostConfig.deployWAR Deployment of web application archive [/home/adrieldev/CursosSplenda/arquitetura-infra/Curso 3 Jenkins/apache-tomcat-8.5.50/webapps/tasks-backend.war] has finished in [4,651] ms
05-Apr-2021 11:21:09.138 INFORMAÇÕES [http-nio-8001-exec-89] org.apache.catalina.startup.HostConfig.undeploy Undeploying context [/tasks]
05-Apr-2021 11:21:09.256 INFORMAÇÕES [http-nio-8001-exec-88] org.apache.catalina.startup.HostConfig.deployWAR Deploying web application archive [/home/adrieldev/CursosSplenda/arquitetura-infra/Curso 3 Jenkins/apache-tomcat-8.5.50/webapps/tasks.war]
05-Apr-2021 11:21:11.489 INFORMAÇÕES [http-nio-8001-exec-88] org.apache.jasper.servlet.TldScanner.scanJars At least one JAR was scanned for TLDs yet contained no TLDs. Enable debug logging for this logger for a complete list of JARs that were scanned but no TLDs were found in them. Skipping unneeded JARs during scanning can improve startup time and JSP compilation time.
05-Apr-2021 11:21:11.495 INFORMAÇÕES [http-nio-8001-exec-88] org.apache.catalina.startup.HostConfig.deployWAR Deployment of web application archive [/home/adrieldev/CursosSplenda/arquitetura-infra/Curso 3 Jenkins/apache-tomcat-8.5.50/webapps/tasks.war] has finished in [2,238] ms
05-Apr-2021 11:22:47.680 ADVERTÊNCIA [http-nio-8001-exec-92] org.apache.catalina.loader.WebappClassLoaderBase.clearReferencesJdbc The web application [tasks-backend] registered the JDBC driver [org.postgresql.Driver] but failed to unregister it when the web application was stopped. To prevent a memory leak, the JDBC Driver has been forcibly unregistered.
05-Apr-2021 11:22:48.198 INFORMAÇÕES [http-nio-8001-exec-92] org.apache.catalina.startup.HostConfig.undeploy Undeploying context [/tasks-backend]
05-Apr-2021 11:22:48.405 INFORMAÇÕES [http-nio-8001-exec-94] org.apache.catalina.startup.HostConfig.deployWAR Deploying web application archive [/home/adrieldev/CursosSplenda/arquitetura-infra/Curso 3 Jenkins/apache-tomcat-8.5.50/webapps/tasks-backend.war]
05-Apr-2021 11:22:53.309 INFORMAÇÕES [http-nio-8001-exec-94] org.apache.jasper.servlet.TldScanner.scanJars At least one JAR was scanned for TLDs yet contained no TLDs. Enable debug logging for this logger for a complete list of JARs that were scanned but no TLDs were found in them. Skipping unneeded JARs during scanning can improve startup time and JSP compilation time.
05-Apr-2021 11:22:53.315 INFORMAÇÕES [http-nio-8001-exec-94] org.apache.catalina.startup.HostConfig.deployWAR Deployment of web application archive [/home/adrieldev/CursosSplenda/arquitetura-infra/Curso 3 Jenkins/apache-tomcat-8.5.50/webapps/tasks-backend.war] has finished in [4,910] ms
05-Apr-2021 11:23:09.466 INFORMAÇÕES [http-nio-8001-exec-89] org.apache.catalina.startup.HostConfig.undeploy Undeploying context [/tasks]
05-Apr-2021 11:23:09.582 INFORMAÇÕES [http-nio-8001-exec-96] org.apache.catalina.startup.HostConfig.deployWAR Deploying web application archive [/home/adrieldev/CursosSplenda/arquitetura-infra/Curso 3 Jenkins/apache-tomcat-8.5.50/webapps/tasks.war]
05-Apr-2021 11:23:11.762 INFORMAÇÕES [http-nio-8001-exec-96] org.apache.jasper.servlet.TldScanner.scanJars At least one JAR was scanned for TLDs yet contained no TLDs. Enable debug logging for this logger for a complete list of JARs that were scanned but no TLDs were found in them. Skipping unneeded JARs during scanning can improve startup time and JSP compilation time.
05-Apr-2021 11:23:11.768 INFORMAÇÕES [http-nio-8001-exec-96] org.apache.catalina.startup.HostConfig.deployWAR Deployment of web application archive [/home/adrieldev/CursosSplenda/arquitetura-infra/Curso 3 Jenkins/apache-tomcat-8.5.50/webapps/tasks.war] has finished in [2,186] ms
05-Apr-2021 13:48:16.224 INFORMAÇÕES [http-nio-8001-exec-107] org.apache.catalina.startup.HostConfig.undeploy Undeploying context [/tasks]
05-Apr-2021 13:48:16.346 INFORMAÇÕES [http-nio-8001-exec-99] org.apache.catalina.startup.HostConfig.deployWAR Deploying web application archive [/home/adrieldev/CursosSplenda/arquitetura-infra/Curso 3 Jenkins/apache-tomcat-8.5.50/webapps/tasks.war]
05-Apr-2021 13:48:18.856 INFORMAÇÕES [http-nio-8001-exec-99] org.apache.jasper.servlet.TldScanner.scanJars At least one JAR was scanned for TLDs yet contained no TLDs. Enable debug logging for this logger for a complete list of JARs that were scanned but no TLDs were found in them. Skipping unneeded JARs during scanning can improve startup time and JSP compilation time.
05-Apr-2021 13:48:18.862 INFORMAÇÕES [http-nio-8001-exec-99] org.apache.catalina.startup.HostConfig.deployWAR Deployment of web application archive [/home/adrieldev/CursosSplenda/arquitetura-infra/Curso 3 Jenkins/apache-tomcat-8.5.50/webapps/tasks.war] has finished in [2,515] ms
05-Apr-2021 13:48:58.997 ADVERTÊNCIA [http-nio-8001-exec-100] org.apache.catalina.loader.WebappClassLoaderBase.clearReferencesJdbc The web application [tasks-backend] registered the JDBC driver [org.postgresql.Driver] but failed to unregister it when the web application was stopped. To prevent a memory leak, the JDBC Driver has been forcibly unregistered.
05-Apr-2021 13:48:59.510 INFORMAÇÕES [http-nio-8001-exec-100] org.apache.catalina.startup.HostConfig.undeploy Undeploying context [/tasks-backend]
05-Apr-2021 13:48:59.693 INFORMAÇÕES [http-nio-8001-exec-112] org.apache.catalina.startup.HostConfig.deployWAR Deploying web application archive [/home/adrieldev/CursosSplenda/arquitetura-infra/Curso 3 Jenkins/apache-tomcat-8.5.50/webapps/tasks-backend.war]
05-Apr-2021 13:49:04.605 INFORMAÇÕES [http-nio-8001-exec-112] org.apache.jasper.servlet.TldScanner.scanJars At least one JAR was scanned for TLDs yet contained no TLDs. Enable debug logging for this logger for a complete list of JARs that were scanned but no TLDs were found in them. Skipping unneeded JARs during scanning can improve startup time and JSP compilation time.
05-Apr-2021 13:49:04.611 INFORMAÇÕES [http-nio-8001-exec-112] org.apache.catalina.startup.HostConfig.deployWAR Deployment of web application archive [/home/adrieldev/CursosSplenda/arquitetura-infra/Curso 3 Jenkins/apache-tomcat-8.5.50/webapps/tasks-backend.war] has finished in [4,918] ms
05-Apr-2021 13:49:34.610 INFORMAÇÕES [http-nio-8001-exec-100] org.apache.catalina.startup.HostConfig.undeploy Undeploying context [/tasks]
05-Apr-2021 13:49:34.736 INFORMAÇÕES [http-nio-8001-exec-116] org.apache.catalina.startup.HostConfig.deployWAR Deploying web application archive [/home/adrieldev/CursosSplenda/arquitetura-infra/Curso 3 Jenkins/apache-tomcat-8.5.50/webapps/tasks.war]
05-Apr-2021 13:49:37.673 INFORMAÇÕES [http-nio-8001-exec-116] org.apache.jasper.servlet.TldScanner.scanJars At least one JAR was scanned for TLDs yet contained no TLDs. Enable debug logging for this logger for a complete list of JARs that were scanned but no TLDs were found in them. Skipping unneeded JARs during scanning can improve startup time and JSP compilation time.
05-Apr-2021 13:49:37.679 INFORMAÇÕES [http-nio-8001-exec-116] org.apache.catalina.startup.HostConfig.deployWAR Deployment of web application archive [/home/adrieldev/CursosSplenda/arquitetura-infra/Curso 3 Jenkins/apache-tomcat-8.5.50/webapps/tasks.war] has finished in [2,943] ms
05-Apr-2021 13:50:24.797 ADVERTÊNCIA [http-nio-8001-exec-108] org.apache.catalina.loader.WebappClassLoaderBase.clearReferencesJdbc The web application [tasks-backend] registered the JDBC driver [org.postgresql.Driver] but failed to unregister it when the web application was stopped. To prevent a memory leak, the JDBC Driver has been forcibly unregistered.
05-Apr-2021 13:50:25.311 INFORMAÇÕES [http-nio-8001-exec-108] org.apache.catalina.startup.HostConfig.undeploy Undeploying context [/tasks-backend]
05-Apr-2021 13:50:25.502 INFORMAÇÕES [http-nio-8001-exec-100] org.apache.catalina.startup.HostConfig.deployWAR Deploying web application archive [/home/adrieldev/CursosSplenda/arquitetura-infra/Curso 3 Jenkins/apache-tomcat-8.5.50/webapps/tasks-backend.war]
05-Apr-2021 13:50:30.514 INFORMAÇÕES [http-nio-8001-exec-100] org.apache.jasper.servlet.TldScanner.scanJars At least one JAR was scanned for TLDs yet contained no TLDs. Enable debug logging for this logger for a complete list of JARs that were scanned but no TLDs were found in them. Skipping unneeded JARs during scanning can improve startup time and JSP compilation time.
05-Apr-2021 13:50:30.521 INFORMAÇÕES [http-nio-8001-exec-100] org.apache.catalina.startup.HostConfig.deployWAR Deployment of web application archive [/home/adrieldev/CursosSplenda/arquitetura-infra/Curso 3 Jenkins/apache-tomcat-8.5.50/webapps/tasks-backend.war] has finished in [5,019] ms
05-Apr-2021 13:50:57.644 INFORMAÇÕES [http-nio-8001-exec-108] org.apache.catalina.startup.HostConfig.undeploy Undeploying context [/tasks]
05-Apr-2021 13:50:57.761 INFORMAÇÕES [http-nio-8001-exec-124] org.apache.catalina.startup.HostConfig.deployWAR Deploying web application archive [/home/adrieldev/CursosSplenda/arquitetura-infra/Curso 3 Jenkins/apache-tomcat-8.5.50/webapps/tasks.war]
05-Apr-2021 13:51:00.031 INFORMAÇÕES [http-nio-8001-exec-124] org.apache.jasper.servlet.TldScanner.scanJars At least one JAR was scanned for TLDs yet contained no TLDs. Enable debug logging for this logger for a complete list of JARs that were scanned but no TLDs were found in them. Skipping unneeded JARs during scanning can improve startup time and JSP compilation time.
05-Apr-2021 13:51:00.037 INFORMAÇÕES [http-nio-8001-exec-124] org.apache.catalina.startup.HostConfig.deployWAR Deployment of web application archive [/home/adrieldev/CursosSplenda/arquitetura-infra/Curso 3 Jenkins/apache-tomcat-8.5.50/webapps/tasks.war] has finished in [2,276] ms
05-Apr-2021 14:34:32.789 ADVERTÊNCIA [http-nio-8001-exec-132] org.apache.catalina.loader.WebappClassLoaderBase.clearReferencesJdbc The web application [tasks-backend] registered the JDBC driver [org.postgresql.Driver] but failed to unregister it when the web application was stopped. To prevent a memory leak, the JDBC Driver has been forcibly unregistered.
05-Apr-2021 14:34:33.324 INFORMAÇÕES [http-nio-8001-exec-132] org.apache.catalina.startup.HostConfig.undeploy Undeploying context [/tasks-backend]
05-Apr-2021 14:34:33.523 INFORMAÇÕES [http-nio-8001-exec-125] org.apache.catalina.startup.HostConfig.deployWAR Deploying web application archive [/home/adrieldev/CursosSplenda/arquitetura-infra/Curso 3 Jenkins/apache-tomcat-8.5.50/webapps/tasks-backend.war]
05-Apr-2021 14:34:39.199 INFORMAÇÕES [http-nio-8001-exec-125] org.apache.jasper.servlet.TldScanner.scanJars At least one JAR was scanned for TLDs yet contained no TLDs. Enable debug logging for this logger for a complete list of JARs that were scanned but no TLDs were found in them. Skipping unneeded JARs during scanning can improve startup time and JSP compilation time.
05-Apr-2021 14:34:39.206 INFORMAÇÕES [http-nio-8001-exec-125] org.apache.catalina.startup.HostConfig.deployWAR Deployment of web application archive [/home/adrieldev/CursosSplenda/arquitetura-infra/Curso 3 Jenkins/apache-tomcat-8.5.50/webapps/tasks-backend.war] has finished in [5,683] ms
05-Apr-2021 14:35:08.587 INFORMAÇÕES [http-nio-8001-exec-135] org.apache.catalina.startup.HostConfig.undeploy Undeploying context [/tasks]
05-Apr-2021 14:35:08.710 INFORMAÇÕES [http-nio-8001-exec-138] org.apache.catalina.startup.HostConfig.deployWAR Deploying web application archive [/home/adrieldev/CursosSplenda/arquitetura-infra/Curso 3 Jenkins/apache-tomcat-8.5.50/webapps/tasks.war]
05-Apr-2021 14:35:10.906 INFORMAÇÕES [http-nio-8001-exec-138] org.apache.jasper.servlet.TldScanner.scanJars At least one JAR was scanned for TLDs yet contained no TLDs. Enable debug logging for this logger for a complete list of JARs that were scanned but no TLDs were found in them. Skipping unneeded JARs during scanning can improve startup time and JSP compilation time.
05-Apr-2021 14:35:10.912 INFORMAÇÕES [http-nio-8001-exec-138] org.apache.catalina.startup.HostConfig.deployWAR Deployment of web application archive [/home/adrieldev/CursosSplenda/arquitetura-infra/Curso 3 Jenkins/apache-tomcat-8.5.50/webapps/tasks.war] has finished in [2,202] ms
05-Apr-2021 14:41:13.314 INFORMAÇÕES [http-nio-8001-exec-143] org.apache.catalina.startup.HostConfig.undeploy Undeploying context [/tasks]
05-Apr-2021 14:41:13.437 INFORMAÇÕES [http-nio-8001-exec-145] org.apache.catalina.startup.HostConfig.deployWAR Deploying web application archive [/home/adrieldev/CursosSplenda/arquitetura-infra/Curso 3 Jenkins/apache-tomcat-8.5.50/webapps/tasks.war]
05-Apr-2021 14:41:15.847 INFORMAÇÕES [http-nio-8001-exec-145] org.apache.jasper.servlet.TldScanner.scanJars At least one JAR was scanned for TLDs yet contained no TLDs. Enable debug logging for this logger for a complete list of JARs that were scanned but no TLDs were found in them. Skipping unneeded JARs during scanning can improve startup time and JSP compilation time.
05-Apr-2021 14:41:15.853 INFORMAÇÕES [http-nio-8001-exec-145] org.apache.catalina.startup.HostConfig.deployWAR Deployment of web application archive [/home/adrieldev/CursosSplenda/arquitetura-infra/Curso 3 Jenkins/apache-tomcat-8.5.50/webapps/tasks.war] has finished in [2,416] ms
05-Apr-2021 14:44:59.524 INFORMAÇÕES [http-nio-8001-exec-151] org.apache.catalina.startup.HostConfig.undeploy Undeploying context [/tasks]
05-Apr-2021 14:44:59.646 INFORMAÇÕES [http-nio-8001-exec-155] org.apache.catalina.startup.HostConfig.deployWAR Deploying web application archive [/home/adrieldev/CursosSplenda/arquitetura-infra/Curso 3 Jenkins/apache-tomcat-8.5.50/webapps/tasks.war]
05-Apr-2021 14:45:02.988 INFORMAÇÕES [http-nio-8001-exec-155] org.apache.jasper.servlet.TldScanner.scanJars At least one JAR was scanned for TLDs yet contained no TLDs. Enable debug logging for this logger for a complete list of JARs that were scanned but no TLDs were found in them. Skipping unneeded JARs during scanning can improve startup time and JSP compilation time.
05-Apr-2021 14:45:02.994 INFORMAÇÕES [http-nio-8001-exec-155] org.apache.catalina.startup.HostConfig.deployWAR Deployment of web application archive [/home/adrieldev/CursosSplenda/arquitetura-infra/Curso 3 Jenkins/apache-tomcat-8.5.50/webapps/tasks.war] has finished in [3,348] ms
05-Apr-2021 14:45:43.477 INFORMAÇÕES [http-nio-8001-exec-158] org.apache.catalina.startup.HostConfig.undeploy Undeploying context [/tasks]
05-Apr-2021 14:45:43.599 INFORMAÇÕES [http-nio-8001-exec-162] org.apache.catalina.startup.HostConfig.deployWAR Deploying web application archive [/home/adrieldev/CursosSplenda/arquitetura-infra/Curso 3 Jenkins/apache-tomcat-8.5.50/webapps/tasks.war]
05-Apr-2021 14:45:45.908 INFORMAÇÕES [http-nio-8001-exec-162] org.apache.jasper.servlet.TldScanner.scanJars At least one JAR was scanned for TLDs yet contained no TLDs. Enable debug logging for this logger for a complete list of JARs that were scanned but no TLDs were found in them. Skipping unneeded JARs during scanning can improve startup time and JSP compilation time.
05-Apr-2021 14:45:45.913 INFORMAÇÕES [http-nio-8001-exec-162] org.apache.catalina.startup.HostConfig.deployWAR Deployment of web application archive [/home/adrieldev/CursosSplenda/arquitetura-infra/Curso 3 Jenkins/apache-tomcat-8.5.50/webapps/tasks.war] has finished in [2,314] ms
05-Apr-2021 15:13:11.227 ADVERTÊNCIA [http-nio-8001-exec-171] org.apache.catalina.loader.WebappClassLoaderBase.clearReferencesJdbc The web application [tasks-backend] registered the JDBC driver [org.postgresql.Driver] but failed to unregister it when the web application was stopped. To prevent a memory leak, the JDBC Driver has been forcibly unregistered.
05-Apr-2021 15:13:11.749 INFORMAÇÕES [http-nio-8001-exec-171] org.apache.catalina.startup.HostConfig.undeploy Undeploying context [/tasks-backend]
05-Apr-2021 15:13:11.958 INFORMAÇÕES [http-nio-8001-exec-166] org.apache.catalina.startup.HostConfig.deployWAR Deploying web application archive [/home/adrieldev/CursosSplenda/arquitetura-infra/Curso 3 Jenkins/apache-tomcat-8.5.50/webapps/tasks-backend.war]
05-Apr-2021 15:13:16.608 INFORMAÇÕES [http-nio-8001-exec-166] org.apache.jasper.servlet.TldScanner.scanJars At least one JAR was scanned for TLDs yet contained no TLDs. Enable debug logging for this logger for a complete list of JARs that were scanned but no TLDs were found in them. Skipping unneeded JARs during scanning can improve startup time and JSP compilation time.
05-Apr-2021 15:13:16.615 INFORMAÇÕES [http-nio-8001-exec-166] org.apache.catalina.startup.HostConfig.deployWAR Deployment of web application archive [/home/adrieldev/CursosSplenda/arquitetura-infra/Curso 3 Jenkins/apache-tomcat-8.5.50/webapps/tasks-backend.war] has finished in [4,657] ms
05-Apr-2021 15:13:42.175 INFORMAÇÕES [http-nio-8001-exec-176] org.apache.catalina.startup.HostConfig.undeploy Undeploying context [/tasks]
05-Apr-2021 15:13:42.292 INFORMAÇÕES [http-nio-8001-exec-173] org.apache.catalina.startup.HostConfig.deployWAR Deploying web application archive [/home/adrieldev/CursosSplenda/arquitetura-infra/Curso 3 Jenkins/apache-tomcat-8.5.50/webapps/tasks.war]
05-Apr-2021 15:13:44.525 INFORMAÇÕES [http-nio-8001-exec-173] org.apache.jasper.servlet.TldScanner.scanJars At least one JAR was scanned for TLDs yet contained no TLDs. Enable debug logging for this logger for a complete list of JARs that were scanned but no TLDs were found in them. Skipping unneeded JARs during scanning can improve startup time and JSP compilation time.
05-Apr-2021 15:13:44.531 INFORMAÇÕES [http-nio-8001-exec-173] org.apache.catalina.startup.HostConfig.deployWAR Deployment of web application archive [/home/adrieldev/CursosSplenda/arquitetura-infra/Curso 3 Jenkins/apache-tomcat-8.5.50/webapps/tasks.war] has finished in [2,239] ms
