07-Apr-2021 07:48:59.579 INFORMAÇÕES [localhost-startStop-1] org.apache.catalina.core.ApplicationContext.log 2 Spring WebApplicationInitializers detected on classpath
07-Apr-2021 07:49:03.933 INFORMAÇÕES [localhost-startStop-1] org.apache.catalina.core.ApplicationContext.log Initializing Spring embedded WebApplicationContext
07-Apr-2021 07:49:14.912 INFORMAÇÕES [localhost-startStop-1] org.apache.catalina.core.ApplicationContext.log 3 Spring WebApplicationInitializers detected on classpath
07-Apr-2021 07:49:16.491 INFORMAÇÕES [localhost-startStop-1] org.apache.catalina.core.ApplicationContext.log Initializing Spring embedded WebApplicationContext
07-Apr-2021 07:49:17.563 INFORMAÇÕES [localhost-startStop-1] org.apache.catalina.core.ApplicationContext.log Initializing Spring embedded WebApplicationContext
07-Apr-2021 07:49:19.408 INFORMAÇÕES [localhost-startStop-1] org.apache.catalina.core.ApplicationContext.log ContextListener: contextInitialized()
07-Apr-2021 07:49:19.409 INFORMAÇÕES [localhost-startStop-1] org.apache.catalina.core.ApplicationContext.log SessionListener: contextInitialized()
07-Apr-2021 07:49:19.411 INFORMAÇÕES [localhost-startStop-1] org.apache.catalina.core.ApplicationContext.log ContextListener: attributeAdded('StockTicker', 'async.Stockticker@7cf08638')
07-Apr-2021 07:59:54.962 INFORMAÇÕES [http-nio-8001-exec-3] org.apache.catalina.core.ApplicationContext.log Closing Spring root WebApplicationContext
07-Apr-2021 07:59:57.443 INFORMAÇÕES [http-nio-8001-exec-7] org.apache.catalina.core.ApplicationContext.log 2 Spring WebApplicationInitializers detected on classpath
07-Apr-2021 07:59:59.551 INFORMAÇÕES [http-nio-8001-exec-7] org.apache.catalina.core.ApplicationContext.log Initializing Spring embedded WebApplicationContext
07-Apr-2021 08:00:08.519 INFORMAÇÕES [http-nio-8001-exec-5] org.apache.catalina.core.ApplicationContext.log Initializing Spring DispatcherServlet 'dispatcherServlet'
07-Apr-2021 08:00:16.736 INFORMAÇÕES [http-nio-8001-exec-8] org.apache.catalina.core.ApplicationContext.log Closing Spring root WebApplicationContext
07-Apr-2021 08:00:16.765 INFORMAÇÕES [http-nio-8001-exec-8] org.apache.catalina.core.ApplicationContext.log Closing Spring root WebApplicationContext
07-Apr-2021 08:00:18.369 INFORMAÇÕES [http-nio-8001-exec-14] org.apache.catalina.core.ApplicationContext.log 3 Spring WebApplicationInitializers detected on classpath
07-Apr-2021 08:00:19.984 INFORMAÇÕES [http-nio-8001-exec-14] org.apache.catalina.core.ApplicationContext.log Initializing Spring embedded WebApplicationContext
07-Apr-2021 08:00:21.290 INFORMAÇÕES [http-nio-8001-exec-14] org.apache.catalina.core.ApplicationContext.log Initializing Spring embedded WebApplicationContext
07-Apr-2021 08:00:28.027 INFORMAÇÕES [http-nio-8001-exec-12] org.apache.catalina.core.ApplicationContext.log Initializing Spring DispatcherServlet 'dispatcherServlet'
07-Apr-2021 08:13:01.044 INFORMAÇÕES [http-nio-8001-exec-16] org.apache.catalina.core.ApplicationContext.log Destroying Spring FrameworkServlet 'dispatcherServlet'
07-Apr-2021 08:13:01.046 INFORMAÇÕES [http-nio-8001-exec-16] org.apache.catalina.core.ApplicationContext.log Closing Spring root WebApplicationContext
07-Apr-2021 08:13:03.444 INFORMAÇÕES [http-nio-8001-exec-23] org.apache.catalina.core.ApplicationContext.log 2 Spring WebApplicationInitializers detected on classpath
07-Apr-2021 08:13:05.720 INFORMAÇÕES [http-nio-8001-exec-23] org.apache.catalina.core.ApplicationContext.log Initializing Spring embedded WebApplicationContext
07-Apr-2021 08:13:13.467 INFORMAÇÕES [http-nio-8001-exec-18] org.apache.catalina.core.ApplicationContext.log Initializing Spring DispatcherServlet 'dispatcherServlet'
07-Apr-2021 08:13:25.173 INFORMAÇÕES [http-nio-8001-exec-22] org.apache.catalina.core.ApplicationContext.log Destroying Spring FrameworkServlet 'dispatcherServlet'
07-Apr-2021 08:13:25.175 INFORMAÇÕES [http-nio-8001-exec-22] org.apache.catalina.core.ApplicationContext.log Closing Spring root WebApplicationContext
07-Apr-2021 08:13:25.298 INFORMAÇÕES [http-nio-8001-exec-22] org.apache.catalina.core.ApplicationContext.log Closing Spring root WebApplicationContext
07-Apr-2021 08:13:26.812 INFORMAÇÕES [http-nio-8001-exec-25] org.apache.catalina.core.ApplicationContext.log 3 Spring WebApplicationInitializers detected on classpath
07-Apr-2021 08:13:28.759 INFORMAÇÕES [http-nio-8001-exec-25] org.apache.catalina.core.ApplicationContext.log Initializing Spring embedded WebApplicationContext
07-Apr-2021 08:13:29.827 INFORMAÇÕES [http-nio-8001-exec-25] org.apache.catalina.core.ApplicationContext.log Initializing Spring embedded WebApplicationContext
07-Apr-2021 08:13:42.133 INFORMAÇÕES [http-nio-8001-exec-29] org.apache.catalina.core.ApplicationContext.log Initializing Spring DispatcherServlet 'dispatcherServlet'
07-Apr-2021 08:20:38.014 INFORMAÇÕES [http-nio-8001-exec-37] org.apache.catalina.core.ApplicationContext.log Destroying Spring FrameworkServlet 'dispatcherServlet'
07-Apr-2021 08:20:38.017 INFORMAÇÕES [http-nio-8001-exec-37] org.apache.catalina.core.ApplicationContext.log Closing Spring root WebApplicationContext
07-Apr-2021 08:20:42.369 INFORMAÇÕES [http-nio-8001-exec-41] org.apache.catalina.core.ApplicationContext.log 2 Spring WebApplicationInitializers detected on classpath
07-Apr-2021 08:20:44.046 INFORMAÇÕES [http-nio-8001-exec-41] org.apache.catalina.core.ApplicationContext.log Initializing Spring embedded WebApplicationContext
07-Apr-2021 08:20:52.465 INFORMAÇÕES [http-nio-8001-exec-33] org.apache.catalina.core.ApplicationContext.log Initializing Spring DispatcherServlet 'dispatcherServlet'
07-Apr-2021 08:21:00.626 INFORMAÇÕES [http-nio-8001-exec-39] org.apache.catalina.core.ApplicationContext.log Destroying Spring FrameworkServlet 'dispatcherServlet'
07-Apr-2021 08:21:00.627 INFORMAÇÕES [http-nio-8001-exec-39] org.apache.catalina.core.ApplicationContext.log Closing Spring root WebApplicationContext
07-Apr-2021 08:21:00.705 INFORMAÇÕES [http-nio-8001-exec-39] org.apache.catalina.core.ApplicationContext.log Closing Spring root WebApplicationContext
07-Apr-2021 08:21:02.303 INFORMAÇÕES [http-nio-8001-exec-41] org.apache.catalina.core.ApplicationContext.log 3 Spring WebApplicationInitializers detected on classpath
07-Apr-2021 08:21:03.806 INFORMAÇÕES [http-nio-8001-exec-41] org.apache.catalina.core.ApplicationContext.log Initializing Spring embedded WebApplicationContext
07-Apr-2021 08:21:04.926 INFORMAÇÕES [http-nio-8001-exec-41] org.apache.catalina.core.ApplicationContext.log Initializing Spring embedded WebApplicationContext
07-Apr-2021 08:21:16.828 INFORMAÇÕES [http-nio-8001-exec-34] org.apache.catalina.core.ApplicationContext.log Initializing Spring DispatcherServlet 'dispatcherServlet'
07-Apr-2021 08:26:23.648 INFORMAÇÕES [http-nio-8001-exec-45] org.apache.catalina.core.ApplicationContext.log Destroying Spring FrameworkServlet 'dispatcherServlet'
07-Apr-2021 08:26:23.650 INFORMAÇÕES [http-nio-8001-exec-45] org.apache.catalina.core.ApplicationContext.log Closing Spring root WebApplicationContext
07-Apr-2021 08:26:25.969 INFORMAÇÕES [http-nio-8001-exec-50] org.apache.catalina.core.ApplicationContext.log 2 Spring WebApplicationInitializers detected on classpath
07-Apr-2021 08:26:27.913 INFORMAÇÕES [http-nio-8001-exec-50] org.apache.catalina.core.ApplicationContext.log Initializing Spring embedded WebApplicationContext
07-Apr-2021 08:26:35.630 INFORMAÇÕES [http-nio-8001-exec-46] org.apache.catalina.core.ApplicationContext.log Initializing Spring DispatcherServlet 'dispatcherServlet'
07-Apr-2021 08:26:45.491 INFORMAÇÕES [http-nio-8001-exec-47] org.apache.catalina.core.ApplicationContext.log Destroying Spring FrameworkServlet 'dispatcherServlet'
07-Apr-2021 08:26:45.492 INFORMAÇÕES [http-nio-8001-exec-47] org.apache.catalina.core.ApplicationContext.log Closing Spring root WebApplicationContext
07-Apr-2021 08:26:45.551 INFORMAÇÕES [http-nio-8001-exec-47] org.apache.catalina.core.ApplicationContext.log Closing Spring root WebApplicationContext
07-Apr-2021 08:26:47.038 INFORMAÇÕES [http-nio-8001-exec-56] org.apache.catalina.core.ApplicationContext.log 3 Spring WebApplicationInitializers detected on classpath
07-Apr-2021 08:26:48.723 INFORMAÇÕES [http-nio-8001-exec-56] org.apache.catalina.core.ApplicationContext.log Initializing Spring embedded WebApplicationContext
07-Apr-2021 08:26:49.654 INFORMAÇÕES [http-nio-8001-exec-56] org.apache.catalina.core.ApplicationContext.log Initializing Spring embedded WebApplicationContext
07-Apr-2021 08:27:05.486 INFORMAÇÕES [http-nio-8001-exec-57] org.apache.catalina.core.ApplicationContext.log Initializing Spring DispatcherServlet 'dispatcherServlet'
07-Apr-2021 08:29:15.719 INFORMAÇÕES [http-nio-8001-exec-61] org.apache.catalina.core.ApplicationContext.log Destroying Spring FrameworkServlet 'dispatcherServlet'
07-Apr-2021 08:29:15.721 INFORMAÇÕES [http-nio-8001-exec-61] org.apache.catalina.core.ApplicationContext.log Closing Spring root WebApplicationContext
07-Apr-2021 08:29:17.965 INFORMAÇÕES [http-nio-8001-exec-64] org.apache.catalina.core.ApplicationContext.log 2 Spring WebApplicationInitializers detected on classpath
07-Apr-2021 08:29:20.084 INFORMAÇÕES [http-nio-8001-exec-64] org.apache.catalina.core.ApplicationContext.log Initializing Spring embedded WebApplicationContext
07-Apr-2021 08:29:29.395 INFORMAÇÕES [http-nio-8001-exec-58] org.apache.catalina.core.ApplicationContext.log Initializing Spring DispatcherServlet 'dispatcherServlet'
07-Apr-2021 08:29:37.390 INFORMAÇÕES [http-nio-8001-exec-55] org.apache.catalina.core.ApplicationContext.log Destroying Spring FrameworkServlet 'dispatcherServlet'
07-Apr-2021 08:29:37.392 INFORMAÇÕES [http-nio-8001-exec-55] org.apache.catalina.core.ApplicationContext.log Closing Spring root WebApplicationContext
07-Apr-2021 08:29:37.537 INFORMAÇÕES [http-nio-8001-exec-55] org.apache.catalina.core.ApplicationContext.log Closing Spring root WebApplicationContext
07-Apr-2021 08:29:38.976 INFORMAÇÕES [http-nio-8001-exec-59] org.apache.catalina.core.ApplicationContext.log 3 Spring WebApplicationInitializers detected on classpath
07-Apr-2021 08:29:41.409 INFORMAÇÕES [http-nio-8001-exec-59] org.apache.catalina.core.ApplicationContext.log Initializing Spring embedded WebApplicationContext
07-Apr-2021 08:29:42.211 INFORMAÇÕES [http-nio-8001-exec-59] org.apache.catalina.core.ApplicationContext.log Initializing Spring embedded WebApplicationContext
07-Apr-2021 08:29:58.927 INFORMAÇÕES [http-nio-8001-exec-66] org.apache.catalina.core.ApplicationContext.log Initializing Spring DispatcherServlet 'dispatcherServlet'
07-Apr-2021 09:43:19.835 INFORMAÇÕES [http-nio-8001-exec-77] org.apache.catalina.core.ApplicationContext.log Destroying Spring FrameworkServlet 'dispatcherServlet'
07-Apr-2021 09:43:19.836 INFORMAÇÕES [http-nio-8001-exec-77] org.apache.catalina.core.ApplicationContext.log Closing Spring root WebApplicationContext
07-Apr-2021 09:43:22.482 INFORMAÇÕES [http-nio-8001-exec-72] org.apache.catalina.core.ApplicationContext.log 2 Spring WebApplicationInitializers detected on classpath
07-Apr-2021 09:43:24.060 INFORMAÇÕES [http-nio-8001-exec-72] org.apache.catalina.core.ApplicationContext.log Initializing Spring embedded WebApplicationContext
07-Apr-2021 09:43:35.193 INFORMAÇÕES [http-nio-8001-exec-74] org.apache.catalina.core.ApplicationContext.log Initializing Spring DispatcherServlet 'dispatcherServlet'
07-Apr-2021 09:43:43.731 INFORMAÇÕES [http-nio-8001-exec-75] org.apache.catalina.core.ApplicationContext.log Destroying Spring FrameworkServlet 'dispatcherServlet'
07-Apr-2021 09:43:43.733 INFORMAÇÕES [http-nio-8001-exec-75] org.apache.catalina.core.ApplicationContext.log Closing Spring root WebApplicationContext
07-Apr-2021 09:43:43.845 INFORMAÇÕES [http-nio-8001-exec-75] org.apache.catalina.core.ApplicationContext.log Closing Spring root WebApplicationContext
07-Apr-2021 09:43:45.358 INFORMAÇÕES [http-nio-8001-exec-79] org.apache.catalina.core.ApplicationContext.log 3 Spring WebApplicationInitializers detected on classpath
07-Apr-2021 09:43:46.889 INFORMAÇÕES [http-nio-8001-exec-79] org.apache.catalina.core.ApplicationContext.log Initializing Spring embedded WebApplicationContext
07-Apr-2021 09:43:47.970 INFORMAÇÕES [http-nio-8001-exec-79] org.apache.catalina.core.ApplicationContext.log Initializing Spring embedded WebApplicationContext
07-Apr-2021 09:44:23.825 INFORMAÇÕES [http-nio-8001-exec-73] org.apache.catalina.core.ApplicationContext.log Initializing Spring DispatcherServlet 'dispatcherServlet'
07-Apr-2021 09:45:55.774 INFORMAÇÕES [http-nio-8001-exec-91] org.apache.catalina.core.ApplicationContext.log Destroying Spring FrameworkServlet 'dispatcherServlet'
07-Apr-2021 09:45:55.775 INFORMAÇÕES [http-nio-8001-exec-91] org.apache.catalina.core.ApplicationContext.log Closing Spring root WebApplicationContext
07-Apr-2021 09:45:58.125 INFORMAÇÕES [http-nio-8001-exec-89] org.apache.catalina.core.ApplicationContext.log 2 Spring WebApplicationInitializers detected on classpath
07-Apr-2021 09:46:00.082 INFORMAÇÕES [http-nio-8001-exec-89] org.apache.catalina.core.ApplicationContext.log Initializing Spring embedded WebApplicationContext
07-Apr-2021 09:46:08.740 INFORMAÇÕES [http-nio-8001-exec-87] org.apache.catalina.core.ApplicationContext.log Initializing Spring DispatcherServlet 'dispatcherServlet'
07-Apr-2021 09:46:17.184 INFORMAÇÕES [http-nio-8001-exec-88] org.apache.catalina.core.ApplicationContext.log Destroying Spring FrameworkServlet 'dispatcherServlet'
07-Apr-2021 09:46:17.186 INFORMAÇÕES [http-nio-8001-exec-88] org.apache.catalina.core.ApplicationContext.log Closing Spring root WebApplicationContext
07-Apr-2021 09:46:17.193 INFORMAÇÕES [http-nio-8001-exec-88] org.apache.catalina.core.ApplicationContext.log Closing Spring root WebApplicationContext
07-Apr-2021 09:46:18.698 INFORMAÇÕES [http-nio-8001-exec-94] org.apache.catalina.core.ApplicationContext.log 3 Spring WebApplicationInitializers detected on classpath
07-Apr-2021 09:46:20.288 INFORMAÇÕES [http-nio-8001-exec-94] org.apache.catalina.core.ApplicationContext.log Initializing Spring embedded WebApplicationContext
07-Apr-2021 09:46:21.337 INFORMAÇÕES [http-nio-8001-exec-94] org.apache.catalina.core.ApplicationContext.log Initializing Spring embedded WebApplicationContext
07-Apr-2021 09:46:47.308 INFORMAÇÕES [http-nio-8001-exec-97] org.apache.catalina.core.ApplicationContext.log Initializing Spring DispatcherServlet 'dispatcherServlet'
07-Apr-2021 09:49:03.805 INFORMAÇÕES [http-nio-8001-exec-104] org.apache.catalina.core.ApplicationContext.log Destroying Spring FrameworkServlet 'dispatcherServlet'
07-Apr-2021 09:49:03.806 INFORMAÇÕES [http-nio-8001-exec-104] org.apache.catalina.core.ApplicationContext.log Closing Spring root WebApplicationContext
07-Apr-2021 09:49:05.747 INFORMAÇÕES [http-nio-8001-exec-104] org.apache.catalina.core.ApplicationContext.log 2 Spring WebApplicationInitializers detected on classpath
07-Apr-2021 09:49:07.316 INFORMAÇÕES [http-nio-8001-exec-104] org.apache.catalina.core.ApplicationContext.log Initializing Spring embedded WebApplicationContext
07-Apr-2021 09:49:15.918 INFORMAÇÕES [http-nio-8001-exec-105] org.apache.catalina.core.ApplicationContext.log Initializing Spring DispatcherServlet 'dispatcherServlet'
07-Apr-2021 09:49:24.282 INFORMAÇÕES [http-nio-8001-exec-108] org.apache.catalina.core.ApplicationContext.log Destroying Spring FrameworkServlet 'dispatcherServlet'
07-Apr-2021 09:49:24.283 INFORMAÇÕES [http-nio-8001-exec-108] org.apache.catalina.core.ApplicationContext.log Closing Spring root WebApplicationContext
07-Apr-2021 09:49:24.288 INFORMAÇÕES [http-nio-8001-exec-108] org.apache.catalina.core.ApplicationContext.log Closing Spring root WebApplicationContext
07-Apr-2021 09:49:25.612 INFORMAÇÕES [http-nio-8001-exec-101] org.apache.catalina.core.ApplicationContext.log 3 Spring WebApplicationInitializers detected on classpath
07-Apr-2021 09:49:26.712 INFORMAÇÕES [http-nio-8001-exec-101] org.apache.catalina.core.ApplicationContext.log Initializing Spring embedded WebApplicationContext
07-Apr-2021 09:49:27.559 INFORMAÇÕES [http-nio-8001-exec-101] org.apache.catalina.core.ApplicationContext.log Initializing Spring embedded WebApplicationContext
07-Apr-2021 09:49:33.941 INFORMAÇÕES [http-nio-8001-exec-107] org.apache.catalina.core.ApplicationContext.log Initializing Spring DispatcherServlet 'dispatcherServlet'
07-Apr-2021 09:51:02.566 INFORMAÇÕES [http-nio-8001-exec-119] org.apache.catalina.core.ApplicationContext.log Destroying Spring FrameworkServlet 'dispatcherServlet'
07-Apr-2021 09:51:02.566 INFORMAÇÕES [http-nio-8001-exec-119] org.apache.catalina.core.ApplicationContext.log Closing Spring root WebApplicationContext
07-Apr-2021 09:51:05.444 INFORMAÇÕES [http-nio-8001-exec-120] org.apache.catalina.core.ApplicationContext.log 2 Spring WebApplicationInitializers detected on classpath
07-Apr-2021 09:51:07.203 INFORMAÇÕES [http-nio-8001-exec-120] org.apache.catalina.core.ApplicationContext.log Initializing Spring embedded WebApplicationContext
07-Apr-2021 09:51:15.491 INFORMAÇÕES [http-nio-8001-exec-118] org.apache.catalina.core.ApplicationContext.log Initializing Spring DispatcherServlet 'dispatcherServlet'
07-Apr-2021 09:51:23.216 INFORMAÇÕES [http-nio-8001-exec-121] org.apache.catalina.core.ApplicationContext.log Destroying Spring FrameworkServlet 'dispatcherServlet'
07-Apr-2021 09:51:23.219 INFORMAÇÕES [http-nio-8001-exec-121] org.apache.catalina.core.ApplicationContext.log Closing Spring root WebApplicationContext
07-Apr-2021 09:51:23.225 INFORMAÇÕES [http-nio-8001-exec-121] org.apache.catalina.core.ApplicationContext.log Closing Spring root WebApplicationContext
07-Apr-2021 09:51:24.651 INFORMAÇÕES [http-nio-8001-exec-113] org.apache.catalina.core.ApplicationContext.log 3 Spring WebApplicationInitializers detected on classpath
07-Apr-2021 09:51:25.908 INFORMAÇÕES [http-nio-8001-exec-113] org.apache.catalina.core.ApplicationContext.log Initializing Spring embedded WebApplicationContext
07-Apr-2021 09:51:26.811 INFORMAÇÕES [http-nio-8001-exec-113] org.apache.catalina.core.ApplicationContext.log Initializing Spring embedded WebApplicationContext
07-Apr-2021 09:51:35.152 INFORMAÇÕES [http-nio-8001-exec-126] org.apache.catalina.core.ApplicationContext.log Initializing Spring DispatcherServlet 'dispatcherServlet'
07-Apr-2021 10:06:10.853 INFORMAÇÕES [http-nio-8001-exec-133] org.apache.catalina.core.ApplicationContext.log Destroying Spring FrameworkServlet 'dispatcherServlet'
07-Apr-2021 10:06:10.855 INFORMAÇÕES [http-nio-8001-exec-133] org.apache.catalina.core.ApplicationContext.log Closing Spring root WebApplicationContext
07-Apr-2021 10:06:12.967 INFORMAÇÕES [http-nio-8001-exec-132] org.apache.catalina.core.ApplicationContext.log 2 Spring WebApplicationInitializers detected on classpath
07-Apr-2021 10:06:14.583 INFORMAÇÕES [http-nio-8001-exec-132] org.apache.catalina.core.ApplicationContext.log Initializing Spring embedded WebApplicationContext
07-Apr-2021 10:06:25.328 INFORMAÇÕES [http-nio-8001-exec-129] org.apache.catalina.core.ApplicationContext.log Initializing Spring DispatcherServlet 'dispatcherServlet'
07-Apr-2021 10:06:33.149 INFORMAÇÕES [http-nio-8001-exec-130] org.apache.catalina.core.ApplicationContext.log Destroying Spring FrameworkServlet 'dispatcherServlet'
07-Apr-2021 10:06:33.151 INFORMAÇÕES [http-nio-8001-exec-130] org.apache.catalina.core.ApplicationContext.log Closing Spring root WebApplicationContext
07-Apr-2021 10:06:33.160 INFORMAÇÕES [http-nio-8001-exec-130] org.apache.catalina.core.ApplicationContext.log Closing Spring root WebApplicationContext
07-Apr-2021 10:06:34.514 INFORMAÇÕES [http-nio-8001-exec-128] org.apache.catalina.core.ApplicationContext.log 3 Spring WebApplicationInitializers detected on classpath
07-Apr-2021 10:06:35.575 INFORMAÇÕES [http-nio-8001-exec-128] org.apache.catalina.core.ApplicationContext.log Initializing Spring embedded WebApplicationContext
07-Apr-2021 10:06:36.371 INFORMAÇÕES [http-nio-8001-exec-128] org.apache.catalina.core.ApplicationContext.log Initializing Spring embedded WebApplicationContext
07-Apr-2021 10:06:46.792 INFORMAÇÕES [http-nio-8001-exec-137] org.apache.catalina.core.ApplicationContext.log Initializing Spring DispatcherServlet 'dispatcherServlet'
07-Apr-2021 10:19:51.013 INFORMAÇÕES [localhost-startStop-2] org.apache.catalina.core.ApplicationContext.log Destroying Spring FrameworkServlet 'dispatcherServlet'
07-Apr-2021 10:19:51.013 INFORMAÇÕES [localhost-startStop-2] org.apache.catalina.core.ApplicationContext.log Closing Spring root WebApplicationContext
07-Apr-2021 10:19:51.034 INFORMAÇÕES [localhost-startStop-2] org.apache.catalina.core.ApplicationContext.log SessionListener: contextDestroyed()
07-Apr-2021 10:19:51.034 INFORMAÇÕES [localhost-startStop-2] org.apache.catalina.core.ApplicationContext.log ContextListener: contextDestroyed()
07-Apr-2021 10:19:51.038 INFORMAÇÕES [localhost-startStop-2] org.apache.catalina.core.ApplicationContext.log Destroying Spring FrameworkServlet 'dispatcherServlet'
07-Apr-2021 10:19:51.039 INFORMAÇÕES [localhost-startStop-2] org.apache.catalina.core.ApplicationContext.log Closing Spring root WebApplicationContext
07-Apr-2021 10:19:51.043 INFORMAÇÕES [localhost-startStop-2] org.apache.catalina.core.ApplicationContext.log Closing Spring root WebApplicationContext
